#
# A fatal error has been detected by the Java Runtime Environment:
#
#  EXCEPTION_ACCESS_VIOLATION (0xc0000005) at pc=0x000000018000c274, pid=18968, tid=36896
#
# JRE version: OpenJDK Runtime Environment Temurin-21.0.6+7 (21.0.6+7) (build 21.0.6+7-LTS)
# Java VM: OpenJDK 64-Bit Server VM Temurin-21.0.6+7 (21.0.6+7-LTS, mixed mode, sharing, tiered, compressed oops, compressed class ptrs, parallel gc, windows-amd64)
# Problematic frame:
# C  [ASProxy64.dll+0xc274]
#
# No core dump will be written. Minidumps are not enabled by default on client versions of Windows
#
# If you would like to submit a bug report, please visit:
#   https://github.com/adoptium/adoptium-support/issues
# The crash happened outside the Java Virtual Machine in native code.
# See problematic frame for where to report the bug.
#

---------------  S U M M A R Y ------------

Command Line: --add-modules=ALL-SYSTEM --add-opens=java.base/java.util=ALL-UNNAMED --add-opens=java.base/java.lang=ALL-UNNAMED --add-opens=java.base/sun.nio.fs=ALL-UNNAMED -Declipse.application=org.eclipse.jdt.ls.core.id1 -Dosgi.bundles.defaultStartLevel=4 -Declipse.product=org.eclipse.jdt.ls.core.product -Djava.import.generatesMetadataFilesAtProjectRoot=false -DDetectVMInstallationsJob.disabled=true -Dfile.encoding=utf8 -XX:+UseParallelGC -XX:GCTimeRatio=4 -XX:AdaptiveSizePolicyWeight=90 -Dsun.zip.disableMemoryMapping=true -Xmx1G -Xms100m -Xlog:disable -javaagent:c:\Users\GoldenDragon\.vscode\extensions\redhat.java-1.41.1-win32-x64\lombok\lombok-1.18.36.jar -XX:+HeapDumpOnOutOfMemoryError -XX:HeapDumpPath=c:\Users\GoldenDragon\AppData\Roaming\Code\User\workspaceStorage\22e452b2e6e0a7ca38ef7605ba2d858a\redhat.java -Daether.dependencyCollector.impl=bf c:\Users\GoldenDragon\.vscode\extensions\redhat.java-1.41.1-win32-x64\server\plugins\org.eclipse.equinox.launcher_1.7.0.v20250331-1702.jar -configuration c:\Users\GoldenDragon\AppData\Roaming\Code\User\globalStorage\redhat.java\1.41.1\config_win -data c:\Users\GoldenDragon\AppData\Roaming\Code\User\workspaceStorage\22e452b2e6e0a7ca38ef7605ba2d858a\redhat.java\jdt_ws --pipe=\\.\pipe\lsp-5074b07dd44eb30d32bcb0fe01172a72-sock

Host: 12th Gen Intel(R) Core(TM) i7-12700, 20 cores, 23G,  Windows 11 , 64 bit Build 26100 (10.0.26100.3624)
Time: Tue Apr 22 05:12:12 2025 Eastern Daylight Time elapsed time: 6.404898 seconds (0d 0h 0m 6s)

---------------  T H R E A D  ---------------

Current thread (0x00000242d7621560):  JavaThread "Connection worker"        [_thread_in_native, id=36896, stack(0x000000ab5dc00000,0x000000ab5dd00000) (1024K)]

Stack: [0x000000ab5dc00000,0x000000ab5dd00000],  sp=0x000000ab5dcfdec0,  free space=1015k
Native frames: (J=compiled Java code, j=interpreted, Vv=VM code, C=native code)
C  [ASProxy64.dll+0xc274]

Java frames: (J=compiled Java code, j=interpreted, Vv=VM code)
j  sun.nio.ch.WEPoll.ctl(JIJI)I+0 java.base@21.0.6
j  sun.nio.ch.WEPollSelectorImpl.<init>(Ljava/nio/channels/spi/SelectorProvider;)V+139 java.base@21.0.6
j  sun.nio.ch.WEPollSelectorProvider.openSelector()Ljava/nio/channels/spi/AbstractSelector;+5 java.base@21.0.6
j  java.nio.channels.Selector.open()Ljava/nio/channels/Selector;+3 java.base@21.0.6
j  org.gradle.internal.remote.internal.inet.SocketConnection$SocketInputStream.<init>(Ljava/nio/channels/SocketChannel;)V+17
j  org.gradle.internal.remote.internal.inet.SocketConnection.<init>(Ljava/nio/channels/SocketChannel;Lorg/gradle/internal/remote/internal/MessageSerializer;Lorg/gradle/internal/serialize/StatefulSerializer;)V+33
j  org.gradle.internal.remote.internal.inet.SocketConnectCompletion.create(Lorg/gradle/internal/serialize/StatefulSerializer;)Lorg/gradle/internal/remote/internal/RemoteConnection;+16
j  org.gradle.launcher.daemon.client.DefaultDaemonConnector.connectToDaemon(Lorg/gradle/launcher/daemon/context/DaemonConnectDetails;Lorg/gradle/launcher/daemon/client/DaemonClientConnection$StaleAddressDetector;)Lorg/gradle/launcher/daemon/client/DaemonClientConnection;+43
j  org.gradle.launcher.daemon.client.DefaultDaemonConnector.connectToDaemonWithId(Lorg/gradle/launcher/daemon/diagnostics/DaemonStartupInfo;Lorg/gradle/api/internal/specs/ExplainingSpec;)Lorg/gradle/launcher/daemon/client/DaemonClientConnection;+115
j  org.gradle.launcher.daemon.client.DefaultDaemonConnector.doStartDaemon(Lorg/gradle/api/internal/specs/ExplainingSpec;Z)Lorg/gradle/launcher/daemon/client/DaemonClientConnection;+58
j  org.gradle.launcher.daemon.client.DefaultDaemonConnector.startDaemon(Lorg/gradle/api/internal/specs/ExplainingSpec;)Lorg/gradle/launcher/daemon/client/DaemonClientConnection;+3
j  org.gradle.launcher.daemon.client.DaemonClient.execute(Lorg/gradle/internal/invocation/BuildAction;Lorg/gradle/launcher/exec/BuildActionParameters;Lorg/gradle/internal/daemon/client/execution/ClientBuildRequestContext;)Lorg/gradle/launcher/exec/BuildActionResult;+201
j  org.gradle.launcher.daemon.client.DaemonClient.execute(Lorg/gradle/internal/invocation/BuildAction;Ljava/lang/Object;Ljava/lang/Object;)Lorg/gradle/launcher/exec/BuildActionResult;+10
j  org.gradle.tooling.internal.provider.DaemonBuildActionExecuter.execute(Lorg/gradle/internal/invocation/BuildAction;Lorg/gradle/tooling/internal/provider/ConnectionOperationParameters;Lorg/gradle/internal/daemon/client/execution/ClientBuildRequestContext;)Lorg/gradle/launcher/exec/BuildActionResult;+72
j  org.gradle.tooling.internal.provider.DaemonBuildActionExecuter.execute(Lorg/gradle/internal/invocation/BuildAction;Ljava/lang/Object;Ljava/lang/Object;)Lorg/gradle/launcher/exec/BuildActionResult;+10
j  org.gradle.tooling.internal.provider.LoggingBridgingBuildActionExecuter.execute(Lorg/gradle/internal/invocation/BuildAction;Lorg/gradle/tooling/internal/provider/ConnectionOperationParameters;Lorg/gradle/internal/daemon/client/execution/ClientBuildRequestContext;)Lorg/gradle/launcher/exec/BuildActionResult;+77
j  org.gradle.tooling.internal.provider.LoggingBridgingBuildActionExecuter.execute(Lorg/gradle/internal/invocation/BuildAction;Ljava/lang/Object;Ljava/lang/Object;)Lorg/gradle/launcher/exec/BuildActionResult;+10
j  org.gradle.tooling.internal.provider.ProviderConnection.run(Lorg/gradle/internal/invocation/BuildAction;Lorg/gradle/initialization/BuildCancellationToken;Lorg/gradle/tooling/internal/provider/ProviderConnection$ProgressListenerConfiguration;Lorg/gradle/initialization/BuildEventConsumer;Lorg/gradle/tooling/internal/provider/connection/ProviderOperationParameters;Lorg/gradle/tooling/internal/provider/ProviderConnection$Parameters;)Ljava/lang/Object;+79
j  org.gradle.tooling.internal.provider.ProviderConnection.runPhasedAction(Lorg/gradle/tooling/internal/protocol/InternalPhasedAction;Lorg/gradle/tooling/internal/protocol/PhasedActionResultListener;Lorg/gradle/initialization/BuildCancellationToken;Lorg/gradle/tooling/internal/provider/connection/ProviderOperationParameters;)Ljava/lang/Object;+132
j  org.gradle.tooling.internal.provider.DefaultConnection.run(Lorg/gradle/tooling/internal/protocol/InternalPhasedAction;Lorg/gradle/tooling/internal/protocol/PhasedActionResultListener;Lorg/gradle/tooling/internal/protocol/InternalCancellationToken;Lorg/gradle/tooling/internal/protocol/BuildParameters;)Lorg/gradle/tooling/internal/protocol/BuildResult;+28
j  org.gradle.tooling.internal.consumer.connection.PhasedActionAwareConsumerConnection.run(Lorg/gradle/tooling/internal/consumer/PhasedBuildAction;Lorg/gradle/tooling/internal/consumer/parameters/ConsumerOperationParameters;)V+66
j  org.gradle.tooling.internal.consumer.connection.ParameterValidatingConsumerConnection.run(Lorg/gradle/tooling/internal/consumer/PhasedBuildAction;Lorg/gradle/tooling/internal/consumer/parameters/ConsumerOperationParameters;)V+11
j  org.gradle.tooling.internal.consumer.DefaultPhasedBuildActionExecuter$1.run(Lorg/gradle/tooling/internal/consumer/connection/ConsumerConnection;)Ljava/lang/Void;+12
j  org.gradle.tooling.internal.consumer.DefaultPhasedBuildActionExecuter$1.run(Lorg/gradle/tooling/internal/consumer/connection/ConsumerConnection;)Ljava/lang/Object;+2
j  org.gradle.tooling.internal.consumer.connection.LazyConsumerActionExecutor.run(Lorg/gradle/tooling/internal/consumer/connection/ConsumerAction;)Ljava/lang/Object;+34
j  org.gradle.tooling.internal.consumer.connection.CancellableConsumerActionExecutor.run(Lorg/gradle/tooling/internal/consumer/connection/ConsumerAction;)Ljava/lang/Object;+34
j  org.gradle.tooling.internal.consumer.connection.ProgressLoggingConsumerActionExecutor.run(Lorg/gradle/tooling/internal/consumer/connection/ConsumerAction;)Ljava/lang/Object;+78
j  org.gradle.tooling.internal.consumer.connection.RethrowingErrorsConsumerActionExecutor.run(Lorg/gradle/tooling/internal/consumer/connection/ConsumerAction;)Ljava/lang/Object;+5
j  org.gradle.tooling.internal.consumer.async.DefaultAsyncConsumerActionExecutor$1$1.run()V+17
j  org.gradle.internal.concurrent.ExecutorPolicy$CatchAndRecordFailures.onExecute(Ljava/lang/Runnable;)V+1
j  org.gradle.internal.concurrent.AbstractManagedExecutor$1.run()V+25
j  java.util.concurrent.ThreadPoolExecutor.runWorker(Ljava/util/concurrent/ThreadPoolExecutor$Worker;)V+92 java.base@21.0.6
j  java.util.concurrent.ThreadPoolExecutor$Worker.run()V+5 java.base@21.0.6
j  java.lang.Thread.runWith(Ljava/lang/Object;Ljava/lang/Runnable;)V+5 java.base@21.0.6
j  java.lang.Thread.run()V+19 java.base@21.0.6
v  ~StubRoutines::call_stub 0x000002428745100d

siginfo: EXCEPTION_ACCESS_VIOLATION (0xc0000005), reading address 0x0000000000001290


Registers:
RAX=0x0000000000000000, RBX=0x00000242d7a407b8, RCX=0x00000000000011ec, RDX=0x0000000000000002
RSP=0x000000ab5dcfdec0, RBP=0x0000000000001290, RSI=0x00000242d9a5fbb0, RDI=0x0000000000001290
R8 =0x0000000000000001, R9 =0x0000000000000001, R10=0x00000000000011ec, R11=0x00000242f59cc7a8
R12=0x000000ab5dcfe100, R13=0x0000000000001288, R14=0x00000242d9a5fb80, R15=0x0000000000001288
RIP=0x000000018000c274, EFLAGS=0x0000000000010246

XMM[0]=0x0000000000000000 0x0000000000000000
XMM[1]=0x0000000000000000 0x0000000000000000
XMM[2]=0x0000000000000000 0x0000000000000000
XMM[3]=0x0000000000000000 0x0000000000000000
XMM[4]=0x0000000000000000 0x0000000000000000
XMM[5]=0x0000000000000000 0x0000000000000000
XMM[6]=0xbb9423b372163a8a 0x7434d8a273e6c4dc
XMM[7]=0xbf373e63c27db057 0xff94e3636b0887dd
XMM[8]=0x0c0d0e0f08090a0b 0x0405060700010203
XMM[9]=0x0000000000000000 0x0000000000000001
XMM[10]=0x0000000000000000 0x00000000e8e45b58
XMM[11]=0x0000000000000000 0x0b3e70e4fefb0c81
XMM[12]=0x0000000000000000 0x00000000f3bc9b9d
XMM[13]=0x0000000000000000 0x00000000129a6627
XMM[14]=0x0000000000000000 0x6c9c4e785cd1fc34
XMM[15]=0x0000000000000000 0x00000000f035adbc
  MXCSR=0x00001fa0


Register to memory mapping:

RAX=0x0 is null
RBX=0x00000242d7a407b8 points into unknown readable memory: 0x0000000000000000 | 00 00 00 00 00 00 00 00
RCX=0x00000000000011ec is an unknown value
RDX=0x0000000000000002 is an unknown value
RSP=0x000000ab5dcfdec0 is pointing into the stack for thread: 0x00000242d7621560
RBP=0x0000000000001290 is an unknown value
RSI=0x00000242d9a5fbb0 points into unknown readable memory: 0x00000242d9a5fbb0 | b0 fb a5 d9 42 02 00 00
RDI=0x0000000000001290 is an unknown value
R8 =0x0000000000000001 is an unknown value
R9 =0x0000000000000001 is an unknown value
R10=0x00000000000011ec is an unknown value
R11=0x00000242f59cc7a8 points into unknown readable memory: 0x00000000000007d0 | d0 07 00 00 00 00 00 00
R12=0x000000ab5dcfe100 is pointing into the stack for thread: 0x00000242d7621560
R13=0x0000000000001288 is an unknown value
R14=0x00000242d9a5fb80 points into unknown readable memory: 0x0000000000001290 | 90 12 00 00 00 00 00 00
R15=0x0000000000001288 is an unknown value

Top of Stack: (sp=0x000000ab5dcfdec0)
0x000000ab5dcfdec0:   0000000000000000 0000000000000000
0x000000ab5dcfded0:   0000000000001290 000000018001f4c2
0x000000ab5dcfdee0:   0000000180065ec8 0000000000002736
0x000000ab5dcfdef0:   0000000000000000 00000000000011ec
0x000000ab5dcfdf00:   0000000000001290 000000018000c506
0x000000ab5dcfdf10:   00000242d7a407b8 0000000000002736
0x000000ab5dcfdf20:   0000000000000000 0000024200000008
0x000000ab5dcfdf30:   000000ab0000001e 0000000000000000
0x000000ab5dcfdf40:   0000000000001290 0000000000000000
0x000000ab5dcfdf50:   0000000000000001 0000000000000000
0x000000ab5dcfdf60:   0000000000001290 00007ff8fa9877e6
0x000000ab5dcfdf70:   00000000000011ec 0000000000001202
0x000000ab5dcfdf80:   00000242d9a5fbb0 000000ab5dcfe0d0
0x000000ab5dcfdf90:   0000000000000000 0000024200000000
0x000000ab5dcfdfa0:   0000000000000003 0000024200000001
0x000000ab5dcfdfb0:   0000000000000000 0000000000000000
0x000000ab5dcfdfc0:   00007ff900000000 00007ff937380139
0x000000ab5dcfdfd0:   00000000000011ec 0000000000000000
0x000000ab5dcfdfe0:   0000000000000000 0000a499a9bdc5bd
0x000000ab5dcfdff0:   00000242d7a407a0 00007ff8fa9882af
0x000000ab5dcfe000:   0000000000000028 00007ff8a64f2abc
0x000000ab5dcfe010:   00000242d7a407a8 00000242f59f8890
0x000000ab5dcfe020:   00000242d9a5fb80 00007ff8fa988359
0x000000ab5dcfe030:   00000242d9a5fbb0 000000ab5dcfe100
0x000000ab5dcfe040:   00000242d9a5fbb0 00000242d9a5fb80
0x000000ab5dcfe050:   00000242d7621560 000000ab5dcfe100
0x000000ab5dcfe060:   00000242d2fe9988 0000000000000000
0x000000ab5dcfe070:   00000242d9a5fb80 00007ff8fa988787
0x000000ab5dcfe080:   0000000000000000 000000ab5dcfe100
0x000000ab5dcfe090:   0000000000001288 00000242d7621560
0x000000ab5dcfe0a0:   0000000000000001 00007ff8fa987a75
0x000000ab5dcfe0b0:   0000000000001290 000000ab5dcfe100 

Instructions: (pc=0x000000018000c274)
0x000000018000c174:   70 48 8b 6c 24 78 32 c0 48 83 c4 50 41 5c c3 cc
0x000000018000c184:   cc cc cc cc cc cc cc cc cc cc cc cc 48 85 c9 74
0x000000018000c194:   23 8b 05 ad ff 06 00 89 01 8b 05 a9 ff 06 00 89
0x000000018000c1a4:   41 04 8b 05 a4 ff 06 00 89 41 08 8b 05 9f ff 06
0x000000018000c1b4:   00 89 41 0c f3 c3 cc cc cc cc cc cc c6 01 01 c7
0x000000018000c1c4:   02 01 00 00 00 c3 cc cc cc cc cc cc 48 89 5c 24
0x000000018000c1d4:   08 57 48 83 ec 70 48 8b fa 8b d9 48 8d 15 82 73
0x000000018000c1e4:   05 00 48 8d 4c 24 20 45 33 c0 48 c7 44 24 40 0f
0x000000018000c1f4:   00 00 00 48 c7 44 24 38 00 00 00 00 c6 44 24 28
0x000000018000c204:   00 e8 d6 6b ff ff 4c 8d 4c 24 20 48 8d 4c 24 48
0x000000018000c214:   41 b0 01 8b d3 e8 52 06 02 00 48 83 78 20 10 72
0x000000018000c224:   06 48 8b 48 08 eb 05 48 8d 48 08 90 0f b6 01 48
0x000000018000c234:   ff c7 48 ff c1 88 47 ff 84 c0 75 f0 48 83 7c 24
0x000000018000c244:   68 10 72 0a 48 8b 4c 24 50 e8 52 94 03 00 48 8b
0x000000018000c254:   9c 24 80 00 00 00 48 83 c4 70 5f c3 48 83 ec 48
0x000000018000c264:   0f b6 c2 0f 57 c0 0f 11 44 24 ff 25 00 00 00 00
0x000000018000c274:   ae 7e c0 37 f9 7f 00 00 8b 44 24 04 0f af 04 24
0x000000018000c284:   89 04 24 8b 44 24 04 0f af 04 24 83 c0 01 89 04
0x000000018000c294:   24 8b 44 24 04 0f af 04 24 83 c0 02 89 04 24 8b
0x000000018000c2a4:   44 24 04 0f af 04 24 83 c0 03 89 04 24 8b 44 24
0x000000018000c2b4:   04 0f af 04 24 83 c0 04 89 04 24 8b 44 24 04 0f
0x000000018000c2c4:   af 04 24 83 c0 05 89 04 24 8b 44 24 04 0f af 04
0x000000018000c2d4:   24 83 c0 06 89 04 24 8b 44 24 04 0f af 04 24 83
0x000000018000c2e4:   c0 07 89 04 24 8b 44 24 04 0f af 04 24 83 c0 08
0x000000018000c2f4:   89 04 24 8b 44 24 04 0f af 04 24 83 c0 09 89 04
0x000000018000c304:   24 8b 44 24 04 0f af 04 24 83 c0 0a 89 04 24 8b
0x000000018000c314:   44 24 04 0f af 04 24 83 c0 0b 89 04 24 8b 44 24
0x000000018000c324:   04 0f af 04 24 83 c0 0d 89 04 24 8b 44 24 04 0f
0x000000018000c334:   af 04 24 83 c0 0e 89 04 24 8b 44 24 04 0f af 04
0x000000018000c344:   24 83 c0 0f 89 04 24 8b 44 24 04 0f af 04 24 83
0x000000018000c354:   c0 10 89 04 24 8b 44 24 04 0f af 04 24 83 c0 11
0x000000018000c364:   89 04 24 8b 44 24 04 0f af 04 24 83 c0 12 89 04 


Stack slot to memory mapping:

stack at sp + 0 slots: 0x0 is null
stack at sp + 1 slots: 0x0 is null
stack at sp + 2 slots: 0x0000000000001290 is an unknown value
stack at sp + 3 slots: 0x000000018001f4c2 ASProxy64.dll
stack at sp + 4 slots: 0x0000000180065ec8 ASProxy64.dll
stack at sp + 5 slots: 0x0000000000002736 is an unknown value
stack at sp + 6 slots: 0x0 is null
stack at sp + 7 slots: 0x00000000000011ec is an unknown value


---------------  P R O C E S S  ---------------

Threads class SMR info:
_java_thread_list=0x00000242d8f35a10, length=64, elements={
0x00000242f59d2e20, 0x00000242fada9400, 0x00000242f5a8d430, 0x00000242fadaf980,
0x00000242fadb0630, 0x00000242fadb1aa0, 0x00000242fadb5550, 0x00000242fadba160,
0x00000242fc2fbc80, 0x00000242fc3e1e30, 0x00000242fc470af0, 0x00000242fc471190,
0x00000242fe264400, 0x00000242fe309270, 0x00000242d4553ac0, 0x00000242d41bb5c0,
0x00000242d41bbff0, 0x00000242d499cca0, 0x00000242d46f1cf0, 0x00000242d4603140,
0x00000242d4a16420, 0x00000242d4a149e0, 0x00000242d4a16ab0, 0x00000242d4a17140,
0x00000242d4a14350, 0x00000242d4a15700, 0x00000242d4a177d0, 0x00000242d4a15d90,
0x00000242d5705580, 0x00000242d5704860, 0x00000242d57041d0, 0x00000242d5704ef0,
0x00000242d5705c10, 0x00000242d57062a0, 0x00000242d5706fc0, 0x00000242d5706930,
0x00000242d5703b40, 0x00000242d570aad0, 0x00000242d5709720, 0x00000242d5709db0,
0x00000242d5707650, 0x00000242d5709090, 0x00000242d5708370, 0x00000242d570b160,
0x00000242d570a440, 0x00000242d5708a00, 0x00000242d5707ce0, 0x00000242d6a0fd80,
0x00000242d6a10410, 0x00000242d6a124e0, 0x00000242d6a10aa0, 0x00000242d6a0f060,
0x00000242d6a117c0, 0x00000242d6a145b0, 0x00000242d6a13f20, 0x00000242d6a14c40,
0x00000242d6a0f6f0, 0x00000242d6a152d0, 0x00000242d6a11e50, 0x00000242d6a15960,
0x00000242d6a15ff0, 0x00000242d6a16680, 0x00000242d7621560, 0x00000242d7620840
}

Java Threads: ( => current thread )
  0x00000242f59d2e20 JavaThread "main"                              [_thread_blocked, id=34088, stack(0x000000ab57100000,0x000000ab57200000) (1024K)]
  0x00000242fada9400 JavaThread "Reference Handler"          daemon [_thread_blocked, id=18712, stack(0x000000ab57500000,0x000000ab57600000) (1024K)]
  0x00000242f5a8d430 JavaThread "Finalizer"                  daemon [_thread_blocked, id=30520, stack(0x000000ab57600000,0x000000ab57700000) (1024K)]
  0x00000242fadaf980 JavaThread "Signal Dispatcher"          daemon [_thread_blocked, id=36168, stack(0x000000ab57700000,0x000000ab57800000) (1024K)]
  0x00000242fadb0630 JavaThread "Attach Listener"            daemon [_thread_blocked, id=12532, stack(0x000000ab57800000,0x000000ab57900000) (1024K)]
  0x00000242fadb1aa0 JavaThread "Service Thread"             daemon [_thread_blocked, id=16132, stack(0x000000ab57900000,0x000000ab57a00000) (1024K)]
  0x00000242fadb5550 JavaThread "Monitor Deflation Thread"   daemon [_thread_blocked, id=32428, stack(0x000000ab57a00000,0x000000ab57b00000) (1024K)]
  0x00000242fadba160 JavaThread "C2 CompilerThread0"         daemon [_thread_blocked, id=29544, stack(0x000000ab57b00000,0x000000ab57c00000) (1024K)]
  0x00000242fc2fbc80 JavaThread "C1 CompilerThread0"         daemon [_thread_blocked, id=500, stack(0x000000ab57c00000,0x000000ab57d00000) (1024K)]
  0x00000242fc3e1e30 JavaThread "Common-Cleaner"             daemon [_thread_blocked, id=34608, stack(0x000000ab57d00000,0x000000ab57e00000) (1024K)]
  0x00000242fc470af0 JavaThread "C1 CompilerThread1"         daemon [_thread_blocked, id=31944, stack(0x000000ab57e00000,0x000000ab57f00000) (1024K)]
  0x00000242fc471190 JavaThread "C1 CompilerThread2"         daemon [_thread_blocked, id=8512, stack(0x000000ab57f00000,0x000000ab58000000) (1024K)]
  0x00000242fe264400 JavaThread "Notification Thread"        daemon [_thread_blocked, id=11932, stack(0x000000ab59800000,0x000000ab59900000) (1024K)]
  0x00000242fe309270 JavaThread "Active Thread: Equinox Container: 0de3d3fb-0561-4af4-b5bf-f073eaadecca"        [_thread_blocked, id=9932, stack(0x000000ab59f00000,0x000000ab5a000000) (1024K)]
  0x00000242d4553ac0 JavaThread "Refresh Thread: Equinox Container: 0de3d3fb-0561-4af4-b5bf-f073eaadecca" daemon [_thread_blocked, id=36620, stack(0x000000ab5a100000,0x000000ab5a200000) (1024K)]
  0x00000242d41bb5c0 JavaThread "Framework Event Dispatcher: Equinox Container: 0de3d3fb-0561-4af4-b5bf-f073eaadecca" daemon [_thread_blocked, id=34164, stack(0x000000ab5a200000,0x000000ab5a300000) (1024K)]
  0x00000242d41bbff0 JavaThread "Start Level: Equinox Container: 0de3d3fb-0561-4af4-b5bf-f073eaadecca" daemon [_thread_blocked, id=1940, stack(0x000000ab5a300000,0x000000ab5a400000) (1024K)]
  0x00000242d499cca0 JavaThread "Bundle File Closer"         daemon [_thread_blocked, id=29488, stack(0x000000ab5a500000,0x000000ab5a600000) (1024K)]
  0x00000242d46f1cf0 JavaThread "SCR Component Actor"        daemon [_thread_blocked, id=32580, stack(0x000000ab5a900000,0x000000ab5aa00000) (1024K)]
  0x00000242d4603140 JavaThread "SCR Component Registry"     daemon [_thread_blocked, id=34204, stack(0x000000ab5aa00000,0x000000ab5ab00000) (1024K)]
  0x00000242d4a16420 JavaThread "Worker-JM"                         [_thread_blocked, id=22972, stack(0x000000ab5ad00000,0x000000ab5ae00000) (1024K)]
  0x00000242d4a149e0 JavaThread "Worker-0"                          [_thread_blocked, id=38404, stack(0x000000ab5ae00000,0x000000ab5af00000) (1024K)]
  0x00000242d4a16ab0 JavaThread "Worker-1"                          [_thread_blocked, id=22404, stack(0x000000ab5af00000,0x000000ab5b000000) (1024K)]
  0x00000242d4a17140 JavaThread "Java indexing"              daemon [_thread_blocked, id=37784, stack(0x000000ab5b200000,0x000000ab5b300000) (1024K)]
  0x00000242d4a14350 JavaThread "JNA Cleaner"                daemon [_thread_blocked, id=11512, stack(0x000000ab5b300000,0x000000ab5b400000) (1024K)]
  0x00000242d4a15700 JavaThread "Worker-2"                          [_thread_blocked, id=22308, stack(0x000000ab5b700000,0x000000ab5b800000) (1024K)]
  0x00000242d4a177d0 JavaThread "Worker-3"                          [_thread_blocked, id=31716, stack(0x000000ab5b800000,0x000000ab5b900000) (1024K)]
  0x00000242d4a15d90 JavaThread "Thread-2"                   daemon [_thread_in_native, id=11544, stack(0x000000ab5b900000,0x000000ab5ba00000) (1024K)]
  0x00000242d5705580 JavaThread "Thread-3"                   daemon [_thread_in_native, id=13264, stack(0x000000ab5ba00000,0x000000ab5bb00000) (1024K)]
  0x00000242d5704860 JavaThread "Thread-4"                   daemon [_thread_in_native, id=20740, stack(0x000000ab5bb00000,0x000000ab5bc00000) (1024K)]
  0x00000242d57041d0 JavaThread "Thread-5"                   daemon [_thread_in_native, id=15640, stack(0x000000ab5bc00000,0x000000ab5bd00000) (1024K)]
  0x00000242d5704ef0 JavaThread "Thread-6"                   daemon [_thread_in_native, id=31048, stack(0x000000ab5bd00000,0x000000ab5be00000) (1024K)]
  0x00000242d5705c10 JavaThread "Thread-7"                   daemon [_thread_in_native, id=27900, stack(0x000000ab5be00000,0x000000ab5bf00000) (1024K)]
  0x00000242d57062a0 JavaThread "Thread-8"                   daemon [_thread_in_native, id=32552, stack(0x000000ab5bf00000,0x000000ab5c000000) (1024K)]
  0x00000242d5706fc0 JavaThread "Thread-9"                   daemon [_thread_in_native, id=20448, stack(0x000000ab5c000000,0x000000ab5c100000) (1024K)]
  0x00000242d5706930 JavaThread "Thread-10"                  daemon [_thread_in_native, id=16336, stack(0x000000ab5c100000,0x000000ab5c200000) (1024K)]
  0x00000242d5703b40 JavaThread "Thread-11"                  daemon [_thread_in_native, id=37812, stack(0x000000ab5c200000,0x000000ab5c300000) (1024K)]
  0x00000242d570aad0 JavaThread "Thread-12"                  daemon [_thread_in_native, id=21952, stack(0x000000ab5c300000,0x000000ab5c400000) (1024K)]
  0x00000242d5709720 JavaThread "Thread-13"                  daemon [_thread_in_native, id=27640, stack(0x000000ab5c400000,0x000000ab5c500000) (1024K)]
  0x00000242d5709db0 JavaThread "Thread-14"                  daemon [_thread_in_native, id=20084, stack(0x000000ab5c500000,0x000000ab5c600000) (1024K)]
  0x00000242d5707650 JavaThread "Thread-15"                  daemon [_thread_in_native, id=14144, stack(0x000000ab5c600000,0x000000ab5c700000) (1024K)]
  0x00000242d5709090 JavaThread "Thread-16"                  daemon [_thread_in_native, id=13048, stack(0x000000ab5c700000,0x000000ab5c800000) (1024K)]
  0x00000242d5708370 JavaThread "Thread-17"                  daemon [_thread_in_native, id=29208, stack(0x000000ab5c800000,0x000000ab5c900000) (1024K)]
  0x00000242d570b160 JavaThread "Thread-18"                  daemon [_thread_in_native, id=30336, stack(0x000000ab5c900000,0x000000ab5ca00000) (1024K)]
  0x00000242d570a440 JavaThread "Thread-19"                  daemon [_thread_in_native, id=24180, stack(0x000000ab5ca00000,0x000000ab5cb00000) (1024K)]
  0x00000242d5708a00 JavaThread "Thread-20"                  daemon [_thread_in_native, id=38760, stack(0x000000ab5cb00000,0x000000ab5cc00000) (1024K)]
  0x00000242d5707ce0 JavaThread "Thread-21"                  daemon [_thread_in_native, id=24232, stack(0x000000ab5cc00000,0x000000ab5cd00000) (1024K)]
  0x00000242d6a0fd80 JavaThread "Thread-22"                  daemon [_thread_in_native, id=19984, stack(0x000000ab5cd00000,0x000000ab5ce00000) (1024K)]
  0x00000242d6a10410 JavaThread "pool-2-thread-1"                   [_thread_blocked, id=15600, stack(0x000000ab5ce00000,0x000000ab5cf00000) (1024K)]
  0x00000242d6a124e0 JavaThread "WorkspaceEventsHandler"            [_thread_blocked, id=25160, stack(0x000000ab5d000000,0x000000ab5d100000) (1024K)]
  0x00000242d6a10aa0 JavaThread "pool-1-thread-1"                   [_thread_blocked, id=12148, stack(0x000000ab5d100000,0x000000ab5d200000) (1024K)]
  0x00000242d6a0f060 JavaThread "Worker-4: Initialize Workspace"        [_thread_blocked, id=13788, stack(0x000000ab5d400000,0x000000ab5d500000) (1024K)]
  0x00000242d6a117c0 JavaThread "Timer-0"                           [_thread_blocked, id=36252, stack(0x000000ab5d500000,0x000000ab5d600000) (1024K)]
  0x00000242d6a145b0 JavaThread "Exec process"                      [_thread_blocked, id=37168, stack(0x000000ab5d300000,0x000000ab5d400000) (1024K)]
  0x00000242d6a13f20 JavaThread "Exec process Thread 2"             [_thread_blocked, id=19944, stack(0x000000ab5d700000,0x000000ab5d800000) (1024K)]
  0x00000242d6a14c40 JavaThread "Exec process Thread 3"             [_thread_blocked, id=31308, stack(0x000000ab5d800000,0x000000ab5d900000) (1024K)]
  0x00000242d6a0f6f0 JavaThread "Timer-1"                           [_thread_blocked, id=7436, stack(0x000000ab5cf00000,0x000000ab5d000000) (1024K)]
  0x00000242d6a152d0 JavaThread "LocalFile Deleter"          daemon [_thread_blocked, id=8388, stack(0x000000ab5d200000,0x000000ab5d300000) (1024K)]
  0x00000242d6a11e50 JavaThread "LocalFile Deleter"          daemon [_thread_blocked, id=35212, stack(0x000000ab5d600000,0x000000ab5d700000) (1024K)]
  0x00000242d6a15960 JavaThread "LocalFile Deleter"          daemon [_thread_blocked, id=34192, stack(0x000000ab5d900000,0x000000ab5da00000) (1024K)]
  0x00000242d6a15ff0 JavaThread "Timer-2"                           [_thread_blocked, id=30644, stack(0x000000ab5da00000,0x000000ab5db00000) (1024K)]
  0x00000242d6a16680 JavaThread "Timer-3"                           [_thread_blocked, id=32252, stack(0x000000ab5db00000,0x000000ab5dc00000) (1024K)]
=>0x00000242d7621560 JavaThread "Connection worker"                 [_thread_in_native, id=36896, stack(0x000000ab5dc00000,0x000000ab5dd00000) (1024K)]
  0x00000242d7620840 JavaThread "pool-3-thread-1"                   [_thread_blocked, id=33960, stack(0x000000ab5dd00000,0x000000ab5de00000) (1024K)]
Total: 64

Other Threads:
  0x00000242f5a77bb0 VMThread "VM Thread"                           [id=17960, stack(0x000000ab57400000,0x000000ab57500000) (1024K)]
  0x00000242fac9ca00 WatcherThread "VM Periodic Task Thread"        [id=34244, stack(0x000000ab57300000,0x000000ab57400000) (1024K)]
  0x00000242f59f2900 WorkerThread "GC Thread#0"                     [id=30576, stack(0x000000ab57200000,0x000000ab57300000) (1024K)]
  0x00000242d40969a0 WorkerThread "GC Thread#1"                     [id=27512, stack(0x000000ab59900000,0x000000ab59a00000) (1024K)]
  0x00000242d4096d40 WorkerThread "GC Thread#2"                     [id=30344, stack(0x000000ab59a00000,0x000000ab59b00000) (1024K)]
  0x00000242fe94df60 WorkerThread "GC Thread#3"                     [id=35036, stack(0x000000ab59b00000,0x000000ab59c00000) (1024K)]
  0x00000242fe94e300 WorkerThread "GC Thread#4"                     [id=12356, stack(0x000000ab59c00000,0x000000ab59d00000) (1024K)]
  0x00000242fe94e6a0 WorkerThread "GC Thread#5"                     [id=36844, stack(0x000000ab59d00000,0x000000ab59e00000) (1024K)]
  0x00000242fe89dd00 WorkerThread "GC Thread#6"                     [id=32452, stack(0x000000ab59e00000,0x000000ab59f00000) (1024K)]
  0x00000242d43ba1c0 WorkerThread "GC Thread#7"                     [id=33000, stack(0x000000ab5a000000,0x000000ab5a100000) (1024K)]
  0x00000242d43bb3e0 WorkerThread "GC Thread#8"                     [id=31504, stack(0x000000ab5a600000,0x000000ab5a700000) (1024K)]
  0x00000242d43bb780 WorkerThread "GC Thread#9"                     [id=23956, stack(0x000000ab5a700000,0x000000ab5a800000) (1024K)]
  0x00000242d43ba560 WorkerThread "GC Thread#10"                    [id=32460, stack(0x000000ab5a800000,0x000000ab5a900000) (1024K)]
  0x00000242d43bb040 WorkerThread "GC Thread#11"                    [id=37076, stack(0x000000ab5ab00000,0x000000ab5ac00000) (1024K)]
  0x00000242d4494b30 WorkerThread "GC Thread#12"                    [id=26880, stack(0x000000ab5ac00000,0x000000ab5ad00000) (1024K)]
  0x00000242d44931d0 WorkerThread "GC Thread#13"                    [id=36664, stack(0x000000ab5b000000,0x000000ab5b100000) (1024K)]
  0x00000242d4492e30 WorkerThread "GC Thread#14"                    [id=20640, stack(0x000000ab5b100000,0x000000ab5b200000) (1024K)]
Total: 17

Threads with active compile tasks:
Total: 0

VM state: not at safepoint (normal execution)

VM Mutex/Monitor currently owned by a thread: None

Heap address: 0x00000000c0000000, size: 1024 MB, Compressed Oops mode: 32-bit

CDS archive(s) mapped at: [0x000002428f000000-0x000002428fba0000-0x000002428fba0000), size 12189696, SharedBaseAddress: 0x000002428f000000, ArchiveRelocationMode: 1.
Compressed class space mapped at: 0x0000024290000000-0x00000242d0000000, reserved size: 1073741824
Narrow klass base: 0x000002428f000000, Narrow klass shift: 0, Narrow klass range: 0x100000000

GC Precious Log:
 CardTable entry size: 512
 CPUs: 20 total, 20 available
 Memory: 24264M
 Large Page Support: Disabled
 NUMA Support: Disabled
 Compressed Oops: Enabled (32-bit)
 Alignments: Space 512K, Generation 512K, Heap 2M
 Heap Min Capacity: 100M
 Heap Initial Capacity: 100M
 Heap Max Capacity: 1G
 Pre-touch: Disabled
 Parallel Workers: 15

Heap:
 PSYoungGen      total 12800K, used 715K [0x00000000eab00000, 0x00000000eba00000, 0x0000000100000000)
  eden space 11776K, 0% used [0x00000000eab00000,0x00000000eab0adf8,0x00000000eb680000)
  from space 1024K, 65% used [0x00000000eb900000,0x00000000eb9a8000,0x00000000eba00000)
  to   space 1024K, 0% used [0x00000000eb800000,0x00000000eb800000,0x00000000eb900000)
 ParOldGen       total 68608K, used 43261K [0x00000000c0000000, 0x00000000c4300000, 0x00000000eab00000)
  object space 68608K, 63% used [0x00000000c0000000,0x00000000c2a3f688,0x00000000c4300000)
 Metaspace       used 62340K, committed 63680K, reserved 1114112K
  class space    used 7688K, committed 8320K, reserved 1048576K

Card table byte_map: [0x00000242f5380000,0x00000242f5590000] _byte_map_base: 0x00000242f4d80000

Marking Bits: (ParMarkBitMap*) 0x00007ff8a6b33260
 Begin Bits: [0x00000242f8bc0000, 0x00000242f9bc0000)
 End Bits:   [0x00000242f9bc0000, 0x00000242fabc0000)

Polling page: 0x00000242f5050000

Metaspace:

Usage:
  Non-class:     53.37 MB used.
      Class:      7.51 MB used.
       Both:     60.88 MB used.

Virtual space:
  Non-class space:       64.00 MB reserved,      54.06 MB ( 84%) committed,  1 nodes.
      Class space:        1.00 GB reserved,       8.12 MB ( <1%) committed,  1 nodes.
             Both:        1.06 GB reserved,      62.19 MB (  6%) committed. 

Chunk freelists:
   Non-Class:  9.00 MB
       Class:  7.80 MB
        Both:  16.80 MB

MaxMetaspaceSize: unlimited
CompressedClassSpaceSize: 1.00 GB
Initial GC threshold: 21.00 MB
Current GC threshold: 97.31 MB
CDS: on
 - commit_granule_bytes: 65536.
 - commit_granule_words: 8192.
 - virtual_space_node_default_size: 8388608.
 - enlarge_chunks_in_place: 1.
 - use_allocation_guard: 0.


Internal statistics:

num_allocs_failed_limit: 9.
num_arena_births: 1048.
num_arena_deaths: 14.
num_vsnodes_births: 2.
num_vsnodes_deaths: 0.
num_space_committed: 995.
num_space_uncommitted: 0.
num_chunks_returned_to_freelist: 23.
num_chunks_taken_from_freelist: 3636.
num_chunk_merges: 15.
num_chunk_splits: 2429.
num_chunks_enlarged: 1629.
num_inconsistent_stats: 0.

CodeHeap 'non-profiled nmethods': size=119168Kb used=4809Kb max_used=4809Kb free=114358Kb
 bounds [0x0000024287ba0000, 0x0000024288060000, 0x000002428f000000]
CodeHeap 'profiled nmethods': size=119104Kb used=13665Kb max_used=14158Kb free=105438Kb
 bounds [0x0000024280000000, 0x0000024280de0000, 0x0000024287450000]
CodeHeap 'non-nmethods': size=7488Kb used=2507Kb max_used=3129Kb free=4980Kb
 bounds [0x0000024287450000, 0x0000024287770000, 0x0000024287ba0000]
 total_blobs=7457 nmethods=6774 adapters=587
 compilation: enabled
              stopped_count=0, restarted_count=0
 full_count=0

Compilation events (20 events):
Event: 6.388 Thread 0x00000242fc470af0 nmethod 7601 0x000002428047c810 code [0x000002428047cba0, 0x000002428047e0d8]
Event: 6.388 Thread 0x00000242fc2fbc80 7602       3       java.security.Provider::check (18 bytes)
Event: 6.388 Thread 0x00000242fc470af0 7603       3       java.security.Provider::implRemoveService (149 bytes)
Event: 6.388 Thread 0x00000242fc2fbc80 nmethod 7602 0x00000242804a1310 code [0x00000242804a14e0, 0x00000242804a1840]
Event: 6.388 Thread 0x00000242fc2fbc80 7605       3       java.security.Provider::checkAndUpdateSecureRandom (88 bytes)
Event: 6.388 Thread 0x00000242fc2fbc80 nmethod 7605 0x00000242804a0a10 code [0x00000242804a0be0, 0x00000242804a0f80]
Event: 6.388 Thread 0x00000242fc470af0 nmethod 7603 0x0000024280264210 code [0x00000242802644c0, 0x0000024280265140]
Event: 6.389 Thread 0x00000242fc471190 nmethod 7604 0x00000242809dd810 code [0x00000242809ddd00, 0x00000242809e0030]
Event: 6.392 Thread 0x00000242fc471190 7606       3       java.util.HashMap::computeIfAbsent (330 bytes)
Event: 6.392 Thread 0x00000242fc2fbc80 7607       3       sun.security.util.SecurityProviderConstants::getAliases (63 bytes)
Event: 6.393 Thread 0x00000242fc2fbc80 nmethod 7607 0x00000242807eae90 code [0x00000242807eb100, 0x00000242807eb9a0]
Event: 6.393 Thread 0x00000242fc471190 nmethod 7606 0x00000242805f4e90 code [0x00000242805f51c0, 0x00000242805f6738]
Event: 6.397 Thread 0x00000242fc471190 7608       1       java.nio.DirectByteBuffer::attachment (5 bytes)
Event: 6.397 Thread 0x00000242fc471190 nmethod 7608 0x000002428804a690 code [0x000002428804a820, 0x000002428804a8e8]
Event: 6.400 Thread 0x00000242fc471190 7609       3       java.security.MessageDigest::update (11 bytes)
Event: 6.400 Thread 0x00000242fc2fbc80 7610       3       java.security.MessageDigest$Delegate::engineUpdate (9 bytes)
Event: 6.400 Thread 0x00000242fc470af0 7611       3       sun.security.provider.DigestBase::engineUpdate (32 bytes)
Event: 6.400 Thread 0x00000242fc2fbc80 nmethod 7610 0x0000024280263d90 code [0x0000024280263f40, 0x0000024280264118]
Event: 6.400 Thread 0x00000242fc470af0 nmethod 7611 0x0000024280263810 code [0x00000242802639c0, 0x0000024280263c28]
Event: 6.400 Thread 0x00000242fc471190 nmethod 7609 0x0000024280800f10 code [0x00000242808010c0, 0x0000024280801380]

GC Heap History (20 events):
Event: 4.910 GC heap before
{Heap before GC invocations=49 (full 3):
 PSYoungGen      total 13824K, used 12192K [0x00000000eab00000, 0x00000000ebc80000, 0x0000000100000000)
  eden space 11776K, 100% used [0x00000000eab00000,0x00000000eb680000,0x00000000eb680000)
  from space 2048K, 20% used [0x00000000eb900000,0x00000000eb968000,0x00000000ebb00000)
  to   space 1024K, 0% used [0x00000000ebb80000,0x00000000ebb80000,0x00000000ebc80000)
 ParOldGen       total 68608K, used 40238K [0x00000000c0000000, 0x00000000c4300000, 0x00000000eab00000)
  object space 68608K, 58% used [0x00000000c0000000,0x00000000c274bab0,0x00000000c4300000)
 Metaspace       used 60901K, committed 62208K, reserved 1114112K
  class space    used 7477K, committed 8064K, reserved 1048576K
}
Event: 4.910 GC heap after
{Heap after GC invocations=49 (full 3):
 PSYoungGen      total 12800K, used 1016K [0x00000000eab00000, 0x00000000ebc80000, 0x0000000100000000)
  eden space 11776K, 0% used [0x00000000eab00000,0x00000000eab00000,0x00000000eb680000)
  from space 1024K, 99% used [0x00000000ebb80000,0x00000000ebc7e390,0x00000000ebc80000)
  to   space 1536K, 0% used [0x00000000eb980000,0x00000000eb980000,0x00000000ebb00000)
 ParOldGen       total 68608K, used 40585K [0x00000000c0000000, 0x00000000c4300000, 0x00000000eab00000)
  object space 68608K, 59% used [0x00000000c0000000,0x00000000c27a2418,0x00000000c4300000)
 Metaspace       used 60901K, committed 62208K, reserved 1114112K
  class space    used 7477K, committed 8064K, reserved 1048576K
}
Event: 4.945 GC heap before
{Heap before GC invocations=50 (full 3):
 PSYoungGen      total 12800K, used 12792K [0x00000000eab00000, 0x00000000ebc80000, 0x0000000100000000)
  eden space 11776K, 100% used [0x00000000eab00000,0x00000000eb680000,0x00000000eb680000)
  from space 1024K, 99% used [0x00000000ebb80000,0x00000000ebc7e390,0x00000000ebc80000)
  to   space 1536K, 0% used [0x00000000eb980000,0x00000000eb980000,0x00000000ebb00000)
 ParOldGen       total 68608K, used 40585K [0x00000000c0000000, 0x00000000c4300000, 0x00000000eab00000)
  object space 68608K, 59% used [0x00000000c0000000,0x00000000c27a2418,0x00000000c4300000)
 Metaspace       used 60910K, committed 62272K, reserved 1114112K
  class space    used 7477K, committed 8064K, reserved 1048576K
}
Event: 4.945 GC heap after
{Heap after GC invocations=50 (full 3):
 PSYoungGen      total 13312K, used 490K [0x00000000eab00000, 0x00000000ebc00000, 0x0000000100000000)
  eden space 11776K, 0% used [0x00000000eab00000,0x00000000eab00000,0x00000000eb680000)
  from space 1536K, 31% used [0x00000000eb980000,0x00000000eb9fa9b0,0x00000000ebb00000)
  to   space 1024K, 0% used [0x00000000ebb00000,0x00000000ebb00000,0x00000000ebc00000)
 ParOldGen       total 68608K, used 40681K [0x00000000c0000000, 0x00000000c4300000, 0x00000000eab00000)
  object space 68608K, 59% used [0x00000000c0000000,0x00000000c27ba418,0x00000000c4300000)
 Metaspace       used 60910K, committed 62272K, reserved 1114112K
  class space    used 7477K, committed 8064K, reserved 1048576K
}
Event: 4.977 GC heap before
{Heap before GC invocations=51 (full 3):
 PSYoungGen      total 13312K, used 12266K [0x00000000eab00000, 0x00000000ebc00000, 0x0000000100000000)
  eden space 11776K, 100% used [0x00000000eab00000,0x00000000eb680000,0x00000000eb680000)
  from space 1536K, 31% used [0x00000000eb980000,0x00000000eb9fa9b0,0x00000000ebb00000)
  to   space 1024K, 0% used [0x00000000ebb00000,0x00000000ebb00000,0x00000000ebc00000)
 ParOldGen       total 68608K, used 40681K [0x00000000c0000000, 0x00000000c4300000, 0x00000000eab00000)
  object space 68608K, 59% used [0x00000000c0000000,0x00000000c27ba418,0x00000000c4300000)
 Metaspace       used 60910K, committed 62272K, reserved 1114112K
  class space    used 7477K, committed 8064K, reserved 1048576K
}
Event: 4.977 GC heap after
{Heap after GC invocations=51 (full 3):
 PSYoungGen      total 12800K, used 1012K [0x00000000eab00000, 0x00000000ebc00000, 0x0000000100000000)
  eden space 11776K, 0% used [0x00000000eab00000,0x00000000eab00000,0x00000000eb680000)
  from space 1024K, 98% used [0x00000000ebb00000,0x00000000ebbfd380,0x00000000ebc00000)
  to   space 1536K, 0% used [0x00000000eb900000,0x00000000eb900000,0x00000000eba80000)
 ParOldGen       total 68608K, used 40952K [0x00000000c0000000, 0x00000000c4300000, 0x00000000eab00000)
  object space 68608K, 59% used [0x00000000c0000000,0x00000000c27fe3e8,0x00000000c4300000)
 Metaspace       used 60910K, committed 62272K, reserved 1114112K
  class space    used 7477K, committed 8064K, reserved 1048576K
}
Event: 5.010 GC heap before
{Heap before GC invocations=52 (full 3):
 PSYoungGen      total 12800K, used 12788K [0x00000000eab00000, 0x00000000ebc00000, 0x0000000100000000)
  eden space 11776K, 100% used [0x00000000eab00000,0x00000000eb680000,0x00000000eb680000)
  from space 1024K, 98% used [0x00000000ebb00000,0x00000000ebbfd380,0x00000000ebc00000)
  to   space 1536K, 0% used [0x00000000eb900000,0x00000000eb900000,0x00000000eba80000)
 ParOldGen       total 68608K, used 40952K [0x00000000c0000000, 0x00000000c4300000, 0x00000000eab00000)
  object space 68608K, 59% used [0x00000000c0000000,0x00000000c27fe3e8,0x00000000c4300000)
 Metaspace       used 60910K, committed 62272K, reserved 1114112K
  class space    used 7477K, committed 8064K, reserved 1048576K
}
Event: 5.010 GC heap after
{Heap after GC invocations=52 (full 3):
 PSYoungGen      total 13312K, used 557K [0x00000000eab00000, 0x00000000ebb80000, 0x0000000100000000)
  eden space 11776K, 0% used [0x00000000eab00000,0x00000000eab00000,0x00000000eb680000)
  from space 1536K, 36% used [0x00000000eb900000,0x00000000eb98b420,0x00000000eba80000)
  to   space 1024K, 0% used [0x00000000eba80000,0x00000000eba80000,0x00000000ebb80000)
 ParOldGen       total 68608K, used 41048K [0x00000000c0000000, 0x00000000c4300000, 0x00000000eab00000)
  object space 68608K, 59% used [0x00000000c0000000,0x00000000c28163e8,0x00000000c4300000)
 Metaspace       used 60910K, committed 62272K, reserved 1114112K
  class space    used 7477K, committed 8064K, reserved 1048576K
}
Event: 5.043 GC heap before
{Heap before GC invocations=53 (full 3):
 PSYoungGen      total 13312K, used 12333K [0x00000000eab00000, 0x00000000ebb80000, 0x0000000100000000)
  eden space 11776K, 100% used [0x00000000eab00000,0x00000000eb680000,0x00000000eb680000)
  from space 1536K, 36% used [0x00000000eb900000,0x00000000eb98b420,0x00000000eba80000)
  to   space 1024K, 0% used [0x00000000eba80000,0x00000000eba80000,0x00000000ebb80000)
 ParOldGen       total 68608K, used 41048K [0x00000000c0000000, 0x00000000c4300000, 0x00000000eab00000)
  object space 68608K, 59% used [0x00000000c0000000,0x00000000c28163e8,0x00000000c4300000)
 Metaspace       used 60910K, committed 62272K, reserved 1114112K
  class space    used 7477K, committed 8064K, reserved 1048576K
}
Event: 5.044 GC heap after
{Heap after GC invocations=53 (full 3):
 PSYoungGen      total 12800K, used 1019K [0x00000000eab00000, 0x00000000ebb80000, 0x0000000100000000)
  eden space 11776K, 0% used [0x00000000eab00000,0x00000000eab00000,0x00000000eb680000)
  from space 1024K, 99% used [0x00000000eba80000,0x00000000ebb7edb0,0x00000000ebb80000)
  to   space 1536K, 0% used [0x00000000eb880000,0x00000000eb880000,0x00000000eba00000)
 ParOldGen       total 68608K, used 41364K [0x00000000c0000000, 0x00000000c4300000, 0x00000000eab00000)
  object space 68608K, 60% used [0x00000000c0000000,0x00000000c28653a0,0x00000000c4300000)
 Metaspace       used 60910K, committed 62272K, reserved 1114112K
  class space    used 7477K, committed 8064K, reserved 1048576K
}
Event: 5.079 GC heap before
{Heap before GC invocations=54 (full 3):
 PSYoungGen      total 12800K, used 12795K [0x00000000eab00000, 0x00000000ebb80000, 0x0000000100000000)
  eden space 11776K, 100% used [0x00000000eab00000,0x00000000eb680000,0x00000000eb680000)
  from space 1024K, 99% used [0x00000000eba80000,0x00000000ebb7edb0,0x00000000ebb80000)
  to   space 1536K, 0% used [0x00000000eb880000,0x00000000eb880000,0x00000000eba00000)
 ParOldGen       total 68608K, used 41364K [0x00000000c0000000, 0x00000000c4300000, 0x00000000eab00000)
  object space 68608K, 60% used [0x00000000c0000000,0x00000000c28653a0,0x00000000c4300000)
 Metaspace       used 60910K, committed 62272K, reserved 1114112K
  class space    used 7477K, committed 8064K, reserved 1048576K
}
Event: 5.080 GC heap after
{Heap after GC invocations=54 (full 3):
 PSYoungGen      total 13312K, used 621K [0x00000000eab00000, 0x00000000ebb00000, 0x0000000100000000)
  eden space 11776K, 0% used [0x00000000eab00000,0x00000000eab00000,0x00000000eb680000)
  from space 1536K, 40% used [0x00000000eb880000,0x00000000eb91b420,0x00000000eba00000)
  to   space 1024K, 0% used [0x00000000eba00000,0x00000000eba00000,0x00000000ebb00000)
 ParOldGen       total 68608K, used 41460K [0x00000000c0000000, 0x00000000c4300000, 0x00000000eab00000)
  object space 68608K, 60% used [0x00000000c0000000,0x00000000c287d3a0,0x00000000c4300000)
 Metaspace       used 60910K, committed 62272K, reserved 1114112K
  class space    used 7477K, committed 8064K, reserved 1048576K
}
Event: 5.112 GC heap before
{Heap before GC invocations=55 (full 3):
 PSYoungGen      total 13312K, used 12397K [0x00000000eab00000, 0x00000000ebb00000, 0x0000000100000000)
  eden space 11776K, 100% used [0x00000000eab00000,0x00000000eb680000,0x00000000eb680000)
  from space 1536K, 40% used [0x00000000eb880000,0x00000000eb91b420,0x00000000eba00000)
  to   space 1024K, 0% used [0x00000000eba00000,0x00000000eba00000,0x00000000ebb00000)
 ParOldGen       total 68608K, used 41460K [0x00000000c0000000, 0x00000000c4300000, 0x00000000eab00000)
  object space 68608K, 60% used [0x00000000c0000000,0x00000000c287d3a0,0x00000000c4300000)
 Metaspace       used 60910K, committed 62272K, reserved 1114112K
  class space    used 7477K, committed 8064K, reserved 1048576K
}
Event: 5.113 GC heap after
{Heap after GC invocations=55 (full 3):
 PSYoungGen      total 12800K, used 1022K [0x00000000eab00000, 0x00000000ebb00000, 0x0000000100000000)
  eden space 11776K, 0% used [0x00000000eab00000,0x00000000eab00000,0x00000000eb680000)
  from space 1024K, 99% used [0x00000000eba00000,0x00000000ebaffa50,0x00000000ebb00000)
  to   space 1536K, 0% used [0x00000000eb800000,0x00000000eb800000,0x00000000eb980000)
 ParOldGen       total 68608K, used 41797K [0x00000000c0000000, 0x00000000c4300000, 0x00000000eab00000)
  object space 68608K, 60% used [0x00000000c0000000,0x00000000c28d14f0,0x00000000c4300000)
 Metaspace       used 60910K, committed 62272K, reserved 1114112K
  class space    used 7477K, committed 8064K, reserved 1048576K
}
Event: 5.145 GC heap before
{Heap before GC invocations=56 (full 3):
 PSYoungGen      total 12800K, used 12798K [0x00000000eab00000, 0x00000000ebb00000, 0x0000000100000000)
  eden space 11776K, 100% used [0x00000000eab00000,0x00000000eb680000,0x00000000eb680000)
  from space 1024K, 99% used [0x00000000eba00000,0x00000000ebaffa50,0x00000000ebb00000)
  to   space 1536K, 0% used [0x00000000eb800000,0x00000000eb800000,0x00000000eb980000)
 ParOldGen       total 68608K, used 41797K [0x00000000c0000000, 0x00000000c4300000, 0x00000000eab00000)
  object space 68608K, 60% used [0x00000000c0000000,0x00000000c28d14f0,0x00000000c4300000)
 Metaspace       used 60911K, committed 62272K, reserved 1114112K
  class space    used 7477K, committed 8064K, reserved 1048576K
}
Event: 5.146 GC heap after
{Heap after GC invocations=56 (full 3):
 PSYoungGen      total 13312K, used 642K [0x00000000eab00000, 0x00000000eba80000, 0x0000000100000000)
  eden space 11776K, 0% used [0x00000000eab00000,0x00000000eab00000,0x00000000eb680000)
  from space 1536K, 41% used [0x00000000eb800000,0x00000000eb8a08c8,0x00000000eb980000)
  to   space 1024K, 0% used [0x00000000eb980000,0x00000000eb980000,0x00000000eba80000)
 ParOldGen       total 68608K, used 41893K [0x00000000c0000000, 0x00000000c4300000, 0x00000000eab00000)
  object space 68608K, 61% used [0x00000000c0000000,0x00000000c28e94f0,0x00000000c4300000)
 Metaspace       used 60911K, committed 62272K, reserved 1114112K
  class space    used 7477K, committed 8064K, reserved 1048576K
}
Event: 5.174 GC heap before
{Heap before GC invocations=57 (full 3):
 PSYoungGen      total 13312K, used 12418K [0x00000000eab00000, 0x00000000eba80000, 0x0000000100000000)
  eden space 11776K, 100% used [0x00000000eab00000,0x00000000eb680000,0x00000000eb680000)
  from space 1536K, 41% used [0x00000000eb800000,0x00000000eb8a08c8,0x00000000eb980000)
  to   space 1024K, 0% used [0x00000000eb980000,0x00000000eb980000,0x00000000eba80000)
 ParOldGen       total 68608K, used 41893K [0x00000000c0000000, 0x00000000c4300000, 0x00000000eab00000)
  object space 68608K, 61% used [0x00000000c0000000,0x00000000c28e94f0,0x00000000c4300000)
 Metaspace       used 60911K, committed 62272K, reserved 1114112K
  class space    used 7477K, committed 8064K, reserved 1048576K
}
Event: 5.174 GC heap after
{Heap after GC invocations=57 (full 3):
 PSYoungGen      total 12800K, used 1013K [0x00000000eab00000, 0x00000000eba80000, 0x0000000100000000)
  eden space 11776K, 0% used [0x00000000eab00000,0x00000000eab00000,0x00000000eb680000)
  from space 1024K, 98% used [0x00000000eb980000,0x00000000eba7d6e0,0x00000000eba80000)
  to   space 1536K, 0% used [0x00000000eb780000,0x00000000eb780000,0x00000000eb900000)
 ParOldGen       total 68608K, used 42184K [0x00000000c0000000, 0x00000000c4300000, 0x00000000eab00000)
  object space 68608K, 61% used [0x00000000c0000000,0x00000000c2932168,0x00000000c4300000)
 Metaspace       used 60911K, committed 62272K, reserved 1114112K
  class space    used 7477K, committed 8064K, reserved 1048576K
}
Event: 5.230 GC heap before
{Heap before GC invocations=58 (full 3):
 PSYoungGen      total 12800K, used 12789K [0x00000000eab00000, 0x00000000eba80000, 0x0000000100000000)
  eden space 11776K, 100% used [0x00000000eab00000,0x00000000eb680000,0x00000000eb680000)
  from space 1024K, 98% used [0x00000000eb980000,0x00000000eba7d6e0,0x00000000eba80000)
  to   space 1536K, 0% used [0x00000000eb780000,0x00000000eb780000,0x00000000eb900000)
 ParOldGen       total 68608K, used 42184K [0x00000000c0000000, 0x00000000c4300000, 0x00000000eab00000)
  object space 68608K, 61% used [0x00000000c0000000,0x00000000c2932168,0x00000000c4300000)
 Metaspace       used 61160K, committed 62464K, reserved 1114112K
  class space    used 7533K, committed 8128K, reserved 1048576K
}
Event: 5.231 GC heap after
{Heap after GC invocations=58 (full 3):
 PSYoungGen      total 13312K, used 448K [0x00000000eab00000, 0x00000000eba00000, 0x0000000100000000)
  eden space 11776K, 0% used [0x00000000eab00000,0x00000000eab00000,0x00000000eb680000)
  from space 1536K, 29% used [0x00000000eb780000,0x00000000eb7f0000,0x00000000eb900000)
  to   space 1024K, 0% used [0x00000000eb900000,0x00000000eb900000,0x00000000eba00000)
 ParOldGen       total 68608K, used 42280K [0x00000000c0000000, 0x00000000c4300000, 0x00000000eab00000)
  object space 68608K, 61% used [0x00000000c0000000,0x00000000c294a168,0x00000000c4300000)
 Metaspace       used 61160K, committed 62464K, reserved 1114112K
  class space    used 7533K, committed 8128K, reserved 1048576K
}

Dll operation events (15 events):
Event: 0.005 Loaded shared library c:\Users\GoldenDragon\.vscode\extensions\redhat.java-1.41.1-win32-x64\jre\21.0.6-win32-x86_64\bin\java.dll
Event: 0.042 Loaded shared library c:\Users\GoldenDragon\.vscode\extensions\redhat.java-1.41.1-win32-x64\jre\21.0.6-win32-x86_64\bin\zip.dll
Event: 0.052 Loaded shared library C:\Users\GoldenDragon\.vscode\extensions\redhat.java-1.41.1-win32-x64\jre\21.0.6-win32-x86_64\bin\instrument.dll
Event: 0.056 Loaded shared library C:\Users\GoldenDragon\.vscode\extensions\redhat.java-1.41.1-win32-x64\jre\21.0.6-win32-x86_64\bin\net.dll
Event: 0.060 Loaded shared library C:\Users\GoldenDragon\.vscode\extensions\redhat.java-1.41.1-win32-x64\jre\21.0.6-win32-x86_64\bin\nio.dll
Event: 0.062 Loaded shared library C:\Users\GoldenDragon\.vscode\extensions\redhat.java-1.41.1-win32-x64\jre\21.0.6-win32-x86_64\bin\zip.dll
Event: 0.072 Loaded shared library C:\Users\GoldenDragon\.vscode\extensions\redhat.java-1.41.1-win32-x64\jre\21.0.6-win32-x86_64\bin\jimage.dll
Event: 0.109 Loaded shared library c:\Users\GoldenDragon\.vscode\extensions\redhat.java-1.41.1-win32-x64\jre\21.0.6-win32-x86_64\bin\verify.dll
Event: 0.719 Loaded shared library C:\Users\GoldenDragon\AppData\Roaming\Code\User\globalStorage\redhat.java\1.41.1\config_win\org.eclipse.equinox.launcher\org.eclipse.equinox.launcher.win32.win32.x86_64_1.2.1300.v20250331-1702\eclipse_11911.dll
Event: 1.863 Loaded shared library C:\Users\GoldenDragon\.vscode\extensions\redhat.java-1.41.1-win32-x64\jre\21.0.6-win32-x86_64\bin\management.dll
Event: 1.865 Loaded shared library C:\Users\GoldenDragon\.vscode\extensions\redhat.java-1.41.1-win32-x64\jre\21.0.6-win32-x86_64\bin\management_ext.dll
Event: 1.998 Loaded shared library C:\Users\GoldenDragon\AppData\Local\Temp\jna--597210980\jna10839984983008295994.dll
Event: 3.516 Loaded shared library C:\Users\GoldenDragon\.gradle\native\c067742578af261105cb4f569cf0c3c89f3d7b1fecec35dd04571415982c5e48\windows-amd64\native-platform.dll
Event: 5.240 Loaded shared library C:\Users\GoldenDragon\.vscode\extensions\redhat.java-1.41.1-win32-x64\jre\21.0.6-win32-x86_64\bin\extnet.dll
Event: 6.395 Loaded shared library C:\Users\GoldenDragon\.vscode\extensions\redhat.java-1.41.1-win32-x64\jre\21.0.6-win32-x86_64\bin\sunmscapi.dll

Deoptimization events (20 events):
Event: 6.392 Thread 0x00000242d7621560 Uncommon trap: trap_request=0xffffff45 fr.pc=0x0000024287c44364 relative=0x00000000000008a4
Event: 6.392 Thread 0x00000242d7621560 Uncommon trap: reason=unstable_if action=reinterpret pc=0x0000024287c44364 method=java.util.HashMap.computeIfAbsent(Ljava/lang/Object;Ljava/util/function/Function;)Ljava/lang/Object; @ 294 c2
Event: 6.392 Thread 0x00000242d7621560 DEOPT PACKING pc=0x0000024287c44364 sp=0x000000ab5dcfc0e0
Event: 6.392 Thread 0x00000242d7621560 DEOPT UNPACKING pc=0x00000242874a3aa2 sp=0x000000ab5dcfc088 mode 2
Event: 6.401 Thread 0x00000242d7621560 Uncommon trap: trap_request=0xffffff45 fr.pc=0x0000024287f00ff8 relative=0x0000000000000ab8
Event: 6.401 Thread 0x00000242d7621560 Uncommon trap: reason=unstable_if action=reinterpret pc=0x0000024287f00ff8 method=sun.nio.fs.WindowsPath.openForReadAttributeAccess(Z)J @ 5 c2
Event: 6.401 Thread 0x00000242d7621560 DEOPT PACKING pc=0x0000024287f00ff8 sp=0x000000ab5dcfdc60
Event: 6.401 Thread 0x00000242d7621560 DEOPT UNPACKING pc=0x00000242874a3aa2 sp=0x000000ab5dcfdc38 mode 2
Event: 6.401 Thread 0x00000242d7621560 Uncommon trap: trap_request=0xffffff45 fr.pc=0x0000024287f058e0 relative=0x0000000000000aa0
Event: 6.401 Thread 0x00000242d7621560 Uncommon trap: reason=unstable_if action=reinterpret pc=0x0000024287f058e0 method=sun.nio.fs.WindowsNativeDispatcher.asNativeBuffer(Ljava/lang/String;)Lsun/nio/fs/NativeBuffer; @ 52 c2
Event: 6.401 Thread 0x00000242d7621560 DEOPT PACKING pc=0x0000024287f058e0 sp=0x000000ab5dcfdbe0
Event: 6.401 Thread 0x00000242d7621560 DEOPT UNPACKING pc=0x00000242874a3aa2 sp=0x000000ab5dcfda88 mode 2
Event: 6.401 Thread 0x00000242d7621560 Uncommon trap: trap_request=0xffffff45 fr.pc=0x0000024287efedf0 relative=0x0000000000000670
Event: 6.401 Thread 0x00000242d7621560 Uncommon trap: reason=unstable_if action=reinterpret pc=0x0000024287efedf0 method=sun.nio.fs.WindowsFileAttributes.isReparsePoint(I)Z @ 5 c2
Event: 6.401 Thread 0x00000242d7621560 DEOPT PACKING pc=0x0000024287efedf0 sp=0x000000ab5dcfdc80
Event: 6.401 Thread 0x00000242d7621560 DEOPT UNPACKING pc=0x00000242874a3aa2 sp=0x000000ab5dcfdba8 mode 2
Event: 6.401 Thread 0x00000242d7621560 Uncommon trap: trap_request=0xffffff45 fr.pc=0x0000024287ee6c78 relative=0x00000000000001b8
Event: 6.401 Thread 0x00000242d7621560 Uncommon trap: reason=unstable_if action=reinterpret pc=0x0000024287ee6c78 method=sun.nio.fs.NativeBuffers.getNativeBufferFromCache(I)Lsun/nio/fs/NativeBuffer; @ 34 c2
Event: 6.401 Thread 0x00000242d7621560 DEOPT PACKING pc=0x0000024287ee6c78 sp=0x000000ab5dcfdb90
Event: 6.401 Thread 0x00000242d7621560 DEOPT UNPACKING pc=0x00000242874a3aa2 sp=0x000000ab5dcfdb18 mode 2

Classes loaded (20 events):
Event: 6.397 Loading class sun/security/provider/certpath/ldap/JdkLDAP$ProviderService
Event: 6.397 Loading class sun/security/provider/certpath/ldap/JdkLDAP$ProviderService done
Event: 6.397 Loading class com/sun/security/sasl/Provider
Event: 6.397 Loading class com/sun/security/sasl/Provider done
Event: 6.398 Loading class com/sun/security/sasl/Provider$1
Event: 6.398 Loading class com/sun/security/sasl/Provider$1 done
Event: 6.398 Loading class com/sun/security/sasl/Provider$ProviderService
Event: 6.398 Loading class com/sun/security/sasl/Provider$ProviderService done
Event: 6.398 Loading class sun/nio/ch/ServerSocketChannelImpl
Event: 6.399 Loading class sun/nio/ch/ServerSocketChannelImpl done
Event: 6.400 Loading class java/nio/BufferMismatch
Event: 6.400 Loading class java/nio/BufferMismatch done
Event: 6.400 Loading class sun/nio/ch/SourceChannelImpl
Event: 6.400 Loading class java/nio/channels/Pipe$SourceChannel
Event: 6.400 Loading class java/nio/channels/Pipe$SourceChannel done
Event: 6.401 Loading class sun/nio/ch/SourceChannelImpl done
Event: 6.401 Loading class sun/nio/ch/SinkChannelImpl
Event: 6.401 Loading class java/nio/channels/Pipe$SinkChannel
Event: 6.401 Loading class java/nio/channels/Pipe$SinkChannel done
Event: 6.401 Loading class sun/nio/ch/SinkChannelImpl done

Classes unloaded (7 events):
Event: 1.624 Thread 0x00000242f5a77bb0 Unloading class 0x0000024290193c00 'java/lang/invoke/LambdaForm$MH+0x0000024290193c00'
Event: 1.624 Thread 0x00000242f5a77bb0 Unloading class 0x0000024290193800 'java/lang/invoke/LambdaForm$MH+0x0000024290193800'
Event: 1.624 Thread 0x00000242f5a77bb0 Unloading class 0x0000024290193400 'java/lang/invoke/LambdaForm$MH+0x0000024290193400'
Event: 1.624 Thread 0x00000242f5a77bb0 Unloading class 0x0000024290193000 'java/lang/invoke/LambdaForm$MH+0x0000024290193000'
Event: 1.624 Thread 0x00000242f5a77bb0 Unloading class 0x0000024290192c00 'java/lang/invoke/LambdaForm$BMH+0x0000024290192c00'
Event: 1.624 Thread 0x00000242f5a77bb0 Unloading class 0x0000024290192800 'java/lang/invoke/LambdaForm$DMH+0x0000024290192800'
Event: 1.624 Thread 0x00000242f5a77bb0 Unloading class 0x0000024290191400 'java/lang/invoke/LambdaForm$DMH+0x0000024290191400'

Classes redefined (0 events):
No events

Internal exceptions (20 events):
Event: 4.057 Thread 0x00000242d6a0f6f0 Exception <a 'java/lang/NoSuchMethodError'{0x00000000eb4a54d8}: 'java.lang.Object java.lang.invoke.DirectMethodHandle$Holder.invokeVirtual(java.lang.Object, java.lang.Object, java.lang.Object, java.lang.Object, java.lang.Object, java.lang.Object, java.lang.Object, java.lang.Object, java.lang.Object, java.lang.Object, java.lang.Object)'> (0x00000000eb4a54d8) 
thrown [s\src\hotspot\share\interpreter\linkResolver.cpp, line 773]
Event: 4.059 Thread 0x00000242d6a0f6f0 Exception <a 'java/lang/NoSuchMethodError'{0x00000000eb4ef8e0}: 'java.lang.Object java.lang.invoke.DirectMethodHandle$Holder.invokeStatic(java.lang.Object, java.lang.Object, java.lang.Object, java.lang.Object, java.lang.Object, java.lang.Object, java.lang.Object, java.lang.Object, java.lang.Object, java.lang.Object, java.lang.Object, java.lang.Object, java.lang.Object)'> (0x00000000eb4ef8e0) 
thrown [s\src\hotspot\share\interpreter\linkResolver.cpp, line 773]
Event: 4.141 Thread 0x00000242d6a145b0 Exception <a 'java/lang/NoSuchMethodError'{0x00000000eab9e948}: 'void java.lang.invoke.DirectMethodHandle$Holder.invokeStatic(java.lang.Object, long)'> (0x00000000eab9e948) 
thrown [s\src\hotspot\share\interpreter\linkResolver.cpp, line 773]
Event: 4.204 Thread 0x00000242d6a145b0 Exception <a 'java/lang/NoSuchMethodError'{0x00000000eabc2ae0}: 'void java.lang.invoke.DirectMethodHandle$Holder.invokeSpecial(java.lang.Object, java.lang.Object, int)'> (0x00000000eabc2ae0) 
thrown [s\src\hotspot\share\interpreter\linkResolver.cpp, line 773]
Event: 4.205 Thread 0x00000242d6a145b0 Exception <a 'java/lang/NoSuchMethodError'{0x00000000eabc7f08}: 'java.lang.Object java.lang.invoke.DirectMethodHandle$Holder.newInvokeSpecial(java.lang.Object, java.lang.Object, int)'> (0x00000000eabc7f08) 
thrown [s\src\hotspot\share\interpreter\linkResolver.cpp, line 773]
Event: 4.232 Thread 0x00000242d6a0f060 Exception <a 'java/lang/NoSuchMethodError'{0x00000000eaf52888}: 'java.lang.Object java.lang.invoke.DirectMethodHandle$Holder.invokeStaticInit(java.lang.Object, int)'> (0x00000000eaf52888) 
thrown [s\src\hotspot\share\interpreter\linkResolver.cpp, line 773]
Event: 4.233 Thread 0x00000242d6a0f060 Exception <a 'sun/nio/fs/WindowsException'{0x00000000eaf87960}> (0x00000000eaf87960) 
thrown [s\src\hotspot\share\prims\jni.cpp, line 520]
Event: 4.235 Thread 0x00000242d6a15960 Exception <a 'sun/nio/fs/WindowsException'{0x00000000eafbf988}> (0x00000000eafbf988) 
thrown [s\src\hotspot\share\prims\jni.cpp, line 520]
Event: 4.245 Thread 0x00000242d6a0f060 Exception <a 'sun/nio/fs/WindowsException'{0x00000000eb09df78}> (0x00000000eb09df78) 
thrown [s\src\hotspot\share\prims\jni.cpp, line 520]
Event: 4.248 Thread 0x00000242d6a0f060 Exception <a 'sun/nio/fs/WindowsException'{0x00000000eb0cf8c8}> (0x00000000eb0cf8c8) 
thrown [s\src\hotspot\share\prims\jni.cpp, line 520]
Event: 4.249 Thread 0x00000242d6a0f060 Exception <a 'sun/nio/fs/WindowsException'{0x00000000eb0da2c8}> (0x00000000eb0da2c8) 
thrown [s\src\hotspot\share\prims\jni.cpp, line 520]
Event: 4.281 Thread 0x00000242d6a0f060 Exception <a 'sun/nio/fs/WindowsException'{0x00000000eb2c49f0}> (0x00000000eb2c49f0) 
thrown [s\src\hotspot\share\prims\jni.cpp, line 520]
Event: 4.284 Thread 0x00000242d6a0f060 Exception <a 'java/io/FileNotFoundException'{0x00000000eb333738}> (0x00000000eb333738) 
thrown [s\src\hotspot\share\prims\jni.cpp, line 520]
Event: 4.284 Thread 0x00000242d6a0f060 Exception <a 'java/io/FileNotFoundException'{0x00000000eb334a20}> (0x00000000eb334a20) 
thrown [s\src\hotspot\share\prims\jni.cpp, line 520]
Event: 4.284 Thread 0x00000242d6a0f060 Exception <a 'java/io/FileNotFoundException'{0x00000000eb335a68}> (0x00000000eb335a68) 
thrown [s\src\hotspot\share\prims\jni.cpp, line 520]
Event: 4.302 Thread 0x00000242d6a0f060 Exception <a 'sun/nio/fs/WindowsException'{0x00000000eb4b61b0}> (0x00000000eb4b61b0) 
thrown [s\src\hotspot\share\prims\jni.cpp, line 520]
Event: 4.720 Thread 0x00000242d7621560 Exception <a 'java/lang/NoSuchMethodError'{0x00000000eb344f18}: 'long java.lang.invoke.DirectMethodHandle$Holder.invokeSpecial(java.lang.Object, java.lang.Object)'> (0x00000000eb344f18) 
thrown [s\src\hotspot\share\interpreter\linkResolver.cpp, line 773]
Event: 4.721 Thread 0x00000242d7621560 Exception <a 'java/lang/NoSuchMethodError'{0x00000000eb348350}: 'long java.lang.invoke.Invokers$Holder.invokeExact_MT(java.lang.Object, java.lang.Object)'> (0x00000000eb348350) 
thrown [s\src\hotspot\share\interpreter\linkResolver.cpp, line 773]
Event: 5.222 Thread 0x00000242d7621560 Exception <a 'java/lang/NoSuchMethodError'{0x00000000eb55d630}: 'long java.lang.invoke.DirectMethodHandle$Holder.invokeVirtual(java.lang.Object, java.lang.Object)'> (0x00000000eb55d630) 
thrown [s\src\hotspot\share\interpreter\linkResolver.cpp, line 773]
Event: 5.222 Thread 0x00000242d7621560 Exception <a 'java/lang/NoSuchMethodError'{0x00000000eb560a30}: 'long java.lang.invoke.DelegatingMethodHandle$Holder.reinvoke_L(java.lang.Object, java.lang.Object)'> (0x00000000eb560a30) 
thrown [s\src\hotspot\share\interpreter\linkResolver.cpp, line 773]

ZGC Phase Switch (0 events):
No events

VM Operations (20 events):
Event: 5.010 Executing VM operation: ParallelGCFailedAllocation (Allocation Failure)
Event: 5.010 Executing VM operation: ParallelGCFailedAllocation (Allocation Failure) done
Event: 5.043 Executing VM operation: ParallelGCFailedAllocation (Allocation Failure)
Event: 5.044 Executing VM operation: ParallelGCFailedAllocation (Allocation Failure) done
Event: 5.079 Executing VM operation: ParallelGCFailedAllocation (Allocation Failure)
Event: 5.080 Executing VM operation: ParallelGCFailedAllocation (Allocation Failure) done
Event: 5.112 Executing VM operation: ParallelGCFailedAllocation (Allocation Failure)
Event: 5.113 Executing VM operation: ParallelGCFailedAllocation (Allocation Failure) done
Event: 5.145 Executing VM operation: ParallelGCFailedAllocation (Allocation Failure)
Event: 5.146 Executing VM operation: ParallelGCFailedAllocation (Allocation Failure) done
Event: 5.174 Executing VM operation: ParallelGCFailedAllocation (Allocation Failure)
Event: 5.174 Executing VM operation: ParallelGCFailedAllocation (Allocation Failure) done
Event: 5.230 Executing VM operation: ParallelGCFailedAllocation (Allocation Failure)
Event: 5.231 Executing VM operation: ParallelGCFailedAllocation (Allocation Failure) done
Event: 5.721 Executing VM operation: HandshakeAllThreads (Deoptimize)
Event: 5.721 Executing VM operation: HandshakeAllThreads (Deoptimize) done
Event: 6.382 Executing VM operation: HandshakeAllThreads (Deoptimize)
Event: 6.382 Executing VM operation: HandshakeAllThreads (Deoptimize) done
Event: 6.382 Executing VM operation: Cleanup
Event: 6.382 Executing VM operation: Cleanup done

Memory protections (0 events):
No events

Nmethod flushes (20 events):
Event: 4.543 Thread 0x00000242f5a77bb0 flushing  nmethod 0x0000024280957510
Event: 4.543 Thread 0x00000242f5a77bb0 flushing  nmethod 0x0000024280961d10
Event: 4.543 Thread 0x00000242f5a77bb0 flushing  nmethod 0x0000024280979710
Event: 4.543 Thread 0x00000242f5a77bb0 flushing  nmethod 0x0000024280993110
Event: 4.543 Thread 0x00000242f5a77bb0 flushing  nmethod 0x00000242809cca10
Event: 4.543 Thread 0x00000242f5a77bb0 flushing  nmethod 0x00000242809d8710
Event: 4.543 Thread 0x00000242f5a77bb0 flushing  nmethod 0x00000242809da010
Event: 4.543 Thread 0x00000242f5a77bb0 flushing  nmethod 0x00000242809da490
Event: 4.543 Thread 0x00000242f5a77bb0 flushing  nmethod 0x00000242809dd810
Event: 4.543 Thread 0x00000242f5a77bb0 flushing  nmethod 0x00000242809ddb90
Event: 4.543 Thread 0x00000242f5a77bb0 flushing  nmethod 0x00000242809e0310
Event: 4.543 Thread 0x00000242f5a77bb0 flushing  nmethod 0x00000242809e1210
Event: 4.543 Thread 0x00000242f5a77bb0 flushing  nmethod 0x00000242809f1090
Event: 4.543 Thread 0x00000242f5a77bb0 flushing  nmethod 0x00000242809fcb90
Event: 4.543 Thread 0x00000242f5a77bb0 flushing  nmethod 0x0000024280a02e10
Event: 4.543 Thread 0x00000242f5a77bb0 flushing  nmethod 0x0000024280a35a10
Event: 4.543 Thread 0x00000242f5a77bb0 flushing  nmethod 0x0000024280a36090
Event: 4.543 Thread 0x00000242f5a77bb0 flushing  nmethod 0x0000024280a38590
Event: 4.543 Thread 0x00000242f5a77bb0 flushing  nmethod 0x0000024280a4a790
Event: 4.543 Thread 0x00000242f5a77bb0 flushing  nmethod 0x0000024280a4fd90

Events (20 events):
Event: 4.222 Thread 0x00000242d6a0f060 Thread added: 0x00000242d6a0f6f0
Event: 4.234 Thread 0x00000242d6a0f060 Thread added: 0x00000242d6a152d0
Event: 4.235 Thread 0x00000242d6a152d0 Thread added: 0x00000242d6a11e50
Event: 4.235 Thread 0x00000242d6a11e50 Thread added: 0x00000242d6a15960
Event: 4.307 Thread 0x00000242d6a0f060 Thread added: 0x00000242d6a15ff0
Event: 4.309 Thread 0x00000242d6a0f060 Thread added: 0x00000242d6a16680
Event: 4.318 Thread 0x00000242d6a16680 Thread exited: 0x00000242d6a16680
Event: 4.319 Thread 0x00000242d6a0f060 Thread added: 0x00000242d6a16680
Event: 4.321 Thread 0x00000242d6a0f060 Thread added: 0x00000242d7621560
Event: 5.229 Thread 0x00000242d7621560 Thread added: 0x00000242d7620840
Event: 5.291 Thread 0x00000242d7621560 Thread added: 0x00000242d761e0e0
Event: 5.296 Thread 0x00000242d761e0e0 Thread added: 0x00000242d7620ed0
Event: 5.296 Thread 0x00000242d761e0e0 Thread added: 0x00000242d761f490
Event: 5.296 Thread 0x00000242d7620ed0 Thread exited: 0x00000242d7620ed0
Event: 5.530 Thread 0x00000242d42436e0 Thread exited: 0x00000242d42436e0
Event: 5.718 Thread 0x00000242fe2b5870 Thread exited: 0x00000242fe2b5870
Event: 5.718 Thread 0x00000242fc47a870 Thread exited: 0x00000242fc47a870
Event: 6.319 Thread 0x00000242fe1d52f0 Thread exited: 0x00000242fe1d52f0
Event: 6.348 Thread 0x00000242d761e0e0 Thread exited: 0x00000242d761e0e0
Event: 6.348 Thread 0x00000242d761f490 Thread exited: 0x00000242d761f490


Dynamic libraries:
0x00007ff663cc0000 - 0x00007ff663cce000 	c:\Users\GoldenDragon\.vscode\extensions\redhat.java-1.41.1-win32-x64\jre\21.0.6-win32-x86_64\bin\java.exe
0x00007ff9396c0000 - 0x00007ff939920000 	C:\WINDOWS\SYSTEM32\ntdll.dll
0x00007ff937bd0000 - 0x00007ff937c97000 	C:\WINDOWS\System32\KERNEL32.DLL
0x00007ff936a10000 - 0x00007ff936ddb000 	C:\WINDOWS\System32\KERNELBASE.dll
0x00007ff937370000 - 0x00007ff9374bb000 	C:\WINDOWS\System32\ucrtbase.dll
0x00007ff91c130000 - 0x00007ff91c14e000 	c:\Users\GoldenDragon\.vscode\extensions\redhat.java-1.41.1-win32-x64\jre\21.0.6-win32-x86_64\bin\VCRUNTIME140.dll
0x00007ff9234a0000 - 0x00007ff9234b8000 	c:\Users\GoldenDragon\.vscode\extensions\redhat.java-1.41.1-win32-x64\jre\21.0.6-win32-x86_64\bin\jli.dll
0x00007ff938e60000 - 0x00007ff93902c000 	C:\WINDOWS\System32\USER32.dll
0x00007ff937130000 - 0x00007ff937157000 	C:\WINDOWS\System32\win32u.dll
0x00007ff91d4b0000 - 0x00007ff91d747000 	C:\WINDOWS\WinSxS\amd64_microsoft.windows.common-controls_6595b64144ccf1df_6.0.26100.3624_none_3e086962e3345f24\COMCTL32.dll
0x00007ff937ca0000 - 0x00007ff937cca000 	C:\WINDOWS\System32\GDI32.dll
0x00007ff937670000 - 0x00007ff937719000 	C:\WINDOWS\System32\msvcrt.dll
0x00007ff936ff0000 - 0x00007ff937121000 	C:\WINDOWS\System32\gdi32full.dll
0x00007ff936960000 - 0x00007ff936a03000 	C:\WINDOWS\System32\msvcp_win.dll
0x00007ff938160000 - 0x00007ff93818f000 	C:\WINDOWS\System32\IMM32.DLL
0x00007ff927a60000 - 0x00007ff927a6c000 	c:\Users\GoldenDragon\.vscode\extensions\redhat.java-1.41.1-win32-x64\jre\21.0.6-win32-x86_64\bin\vcruntime140_1.dll
0x00007ff8d6c40000 - 0x00007ff8d6ccd000 	c:\Users\GoldenDragon\.vscode\extensions\redhat.java-1.41.1-win32-x64\jre\21.0.6-win32-x86_64\bin\msvcp140.dll
0x00007ff8a5e80000 - 0x00007ff8a6c10000 	c:\Users\GoldenDragon\.vscode\extensions\redhat.java-1.41.1-win32-x64\jre\21.0.6-win32-x86_64\bin\server\jvm.dll
0x00007ff939510000 - 0x00007ff9395c3000 	C:\WINDOWS\System32\ADVAPI32.dll
0x00007ff9395d0000 - 0x00007ff939676000 	C:\WINDOWS\System32\sechost.dll
0x00007ff9393f0000 - 0x00007ff939506000 	C:\WINDOWS\System32\RPCRT4.dll
0x00007ff937d80000 - 0x00007ff937df4000 	C:\WINDOWS\System32\WS2_32.dll
0x00007ff936670000 - 0x00007ff9366ce000 	C:\WINDOWS\SYSTEM32\POWRPROF.dll
0x00007ff92cdb0000 - 0x00007ff92cde6000 	C:\WINDOWS\SYSTEM32\WINMM.dll
0x00007ff91ed30000 - 0x00007ff91ed3b000 	C:\WINDOWS\SYSTEM32\VERSION.dll
0x00007ff936540000 - 0x00007ff936554000 	C:\WINDOWS\SYSTEM32\UMPDC.dll
0x00007ff9356b0000 - 0x00007ff9356ca000 	C:\WINDOWS\SYSTEM32\kernel.appcore.dll
0x00007ff925920000 - 0x00007ff92592a000 	c:\Users\GoldenDragon\.vscode\extensions\redhat.java-1.41.1-win32-x64\jre\21.0.6-win32-x86_64\bin\jimage.dll
0x00007ff934000000 - 0x00007ff934241000 	C:\WINDOWS\SYSTEM32\DBGHELP.DLL
0x00007ff939030000 - 0x00007ff9393b3000 	C:\WINDOWS\System32\combase.dll
0x00007ff937830000 - 0x00007ff937906000 	C:\WINDOWS\System32\OLEAUT32.dll
0x00007ff91ed60000 - 0x00007ff91ed99000 	C:\WINDOWS\SYSTEM32\dbgcore.DLL
0x00007ff936f50000 - 0x00007ff936fe9000 	C:\WINDOWS\System32\bcryptPrimitives.dll
0x00007ff91c3c0000 - 0x00007ff91c3cf000 	c:\Users\GoldenDragon\.vscode\extensions\redhat.java-1.41.1-win32-x64\jre\21.0.6-win32-x86_64\bin\instrument.dll
0x00007ff91c110000 - 0x00007ff91c12f000 	c:\Users\GoldenDragon\.vscode\extensions\redhat.java-1.41.1-win32-x64\jre\21.0.6-win32-x86_64\bin\java.dll
0x00007ff9381a0000 - 0x00007ff9388c9000 	C:\WINDOWS\System32\SHELL32.dll
0x00007ff936de0000 - 0x00007ff936f48000 	C:\WINDOWS\System32\wintypes.dll
0x00007ff934580000 - 0x00007ff934dd2000 	C:\WINDOWS\SYSTEM32\windows.storage.dll
0x00007ff9388d0000 - 0x00007ff9389bd000 	C:\WINDOWS\System32\SHCORE.dll
0x00007ff937b50000 - 0x00007ff937bb4000 	C:\WINDOWS\System32\shlwapi.dll
0x00007ff9367b0000 - 0x00007ff9367df000 	C:\WINDOWS\SYSTEM32\profapi.dll
0x00007ff8feab0000 - 0x00007ff8feac8000 	c:\Users\GoldenDragon\.vscode\extensions\redhat.java-1.41.1-win32-x64\jre\21.0.6-win32-x86_64\bin\zip.dll
0x00007ff91c0b0000 - 0x00007ff91c0c0000 	C:\Users\GoldenDragon\.vscode\extensions\redhat.java-1.41.1-win32-x64\jre\21.0.6-win32-x86_64\bin\net.dll
0x00007ff92e630000 - 0x00007ff92e74d000 	C:\WINDOWS\SYSTEM32\WINHTTP.dll
0x0000000180000000 - 0x000000018008c000 	C:\WINDOWS\system32\ASProxy64.dll
0x00007ff9379b0000 - 0x00007ff937b46000 	C:\WINDOWS\System32\ole32.dll
0x00007ff935bd0000 - 0x00007ff935c3a000 	C:\WINDOWS\SYSTEM32\MSWSOCK.dll
0x00007ff935130000 - 0x00007ff935163000 	C:\WINDOWS\SYSTEM32\IPHLPAPI.DLL
0x00007ff935950000 - 0x00007ff935999000 	C:\WINDOWS\SYSTEM32\SspiCli.dll
0x00007ff8fa980000 - 0x00007ff8fa996000 	C:\Users\GoldenDragon\.vscode\extensions\redhat.java-1.41.1-win32-x64\jre\21.0.6-win32-x86_64\bin\nio.dll
0x00007ff91b210000 - 0x00007ff91b220000 	c:\Users\GoldenDragon\.vscode\extensions\redhat.java-1.41.1-win32-x64\jre\21.0.6-win32-x86_64\bin\verify.dll
0x00007ff9335a0000 - 0x00007ff93364e000 	C:\WINDOWS\system32\uxtheme.dll
0x00007ff8d7630000 - 0x00007ff8d7675000 	C:\Users\GoldenDragon\AppData\Roaming\Code\User\globalStorage\redhat.java\1.41.1\config_win\org.eclipse.equinox.launcher\org.eclipse.equinox.launcher.win32.win32.x86_64_1.2.1300.v20250331-1702\eclipse_11911.dll
0x00007ff935e70000 - 0x00007ff935e8c000 	C:\WINDOWS\SYSTEM32\CRYPTSP.dll
0x00007ff935610000 - 0x00007ff93564a000 	C:\WINDOWS\system32\rsaenh.dll
0x00007ff935c70000 - 0x00007ff935c9b000 	C:\WINDOWS\SYSTEM32\USERENV.dll
0x00007ff936120000 - 0x00007ff936146000 	C:\WINDOWS\SYSTEM32\bcrypt.dll
0x00007ff935e90000 - 0x00007ff935e9c000 	C:\WINDOWS\SYSTEM32\CRYPTBASE.dll
0x00007ff9389c0000 - 0x00007ff9389ca000 	C:\WINDOWS\System32\NSI.dll
0x00007ff925a30000 - 0x00007ff925a3a000 	C:\Users\GoldenDragon\.vscode\extensions\redhat.java-1.41.1-win32-x64\jre\21.0.6-win32-x86_64\bin\management.dll
0x00007ff91a8e0000 - 0x00007ff91a8eb000 	C:\Users\GoldenDragon\.vscode\extensions\redhat.java-1.41.1-win32-x64\jre\21.0.6-win32-x86_64\bin\management_ext.dll
0x00007ff937bc0000 - 0x00007ff937bc8000 	C:\WINDOWS\System32\PSAPI.DLL
0x00007ff8d6e80000 - 0x00007ff8d6ec9000 	C:\Users\GoldenDragon\AppData\Local\Temp\jna--597210980\jna10839984983008295994.dll
0x00007ff926db0000 - 0x00007ff926dcf000 	C:\WINDOWS\SYSTEM32\dhcpcsvc6.DLL
0x00007ff926740000 - 0x00007ff926765000 	C:\WINDOWS\SYSTEM32\dhcpcsvc.DLL
0x00007ff8d98b0000 - 0x00007ff8d98d7000 	C:\Users\GoldenDragon\.gradle\native\c067742578af261105cb4f569cf0c3c89f3d7b1fecec35dd04571415982c5e48\windows-amd64\native-platform.dll
0x00007ff91a3d0000 - 0x00007ff91a3d9000 	C:\Users\GoldenDragon\.vscode\extensions\redhat.java-1.41.1-win32-x64\jre\21.0.6-win32-x86_64\bin\extnet.dll
0x00007ff907000000 - 0x00007ff90700e000 	C:\Users\GoldenDragon\.vscode\extensions\redhat.java-1.41.1-win32-x64\jre\21.0.6-win32-x86_64\bin\sunmscapi.dll
0x00007ff9371f0000 - 0x00007ff937367000 	C:\WINDOWS\System32\CRYPT32.dll
0x00007ff9360e0000 - 0x00007ff936110000 	C:\WINDOWS\SYSTEM32\ncrypt.dll
0x00007ff936090000 - 0x00007ff9360cf000 	C:\WINDOWS\SYSTEM32\NTASN1.dll
0x00007ff91b0a0000 - 0x00007ff91b0a8000 	C:\WINDOWS\system32\wshunix.dll

dbghelp: loaded successfully - version: 4.0.5 - missing functions: none
symbol engine: initialized successfully - sym options: 0x614 - pdb path: .;c:\Users\GoldenDragon\.vscode\extensions\redhat.java-1.41.1-win32-x64\jre\21.0.6-win32-x86_64\bin;C:\WINDOWS\SYSTEM32;C:\WINDOWS\WinSxS\amd64_microsoft.windows.common-controls_6595b64144ccf1df_6.0.26100.3624_none_3e086962e3345f24;c:\Users\GoldenDragon\.vscode\extensions\redhat.java-1.41.1-win32-x64\jre\21.0.6-win32-x86_64\bin\server;C:\Users\GoldenDragon\AppData\Roaming\Code\User\globalStorage\redhat.java\1.41.1\config_win\org.eclipse.equinox.launcher\org.eclipse.equinox.launcher.win32.win32.x86_64_1.2.1300.v20250331-1702;C:\Users\GoldenDragon\AppData\Local\Temp\jna--597210980;C:\Users\GoldenDragon\.gradle\native\c067742578af261105cb4f569cf0c3c89f3d7b1fecec35dd04571415982c5e48\windows-amd64

VM Arguments:
jvm_args: --add-modules=ALL-SYSTEM --add-opens=java.base/java.util=ALL-UNNAMED --add-opens=java.base/java.lang=ALL-UNNAMED --add-opens=java.base/sun.nio.fs=ALL-UNNAMED -Declipse.application=org.eclipse.jdt.ls.core.id1 -Dosgi.bundles.defaultStartLevel=4 -Declipse.product=org.eclipse.jdt.ls.core.product -Djava.import.generatesMetadataFilesAtProjectRoot=false -DDetectVMInstallationsJob.disabled=true -Dfile.encoding=utf8 -XX:+UseParallelGC -XX:GCTimeRatio=4 -XX:AdaptiveSizePolicyWeight=90 -Dsun.zip.disableMemoryMapping=true -Xmx1G -Xms100m -Xlog:disable -javaagent:c:\Users\GoldenDragon\.vscode\extensions\redhat.java-1.41.1-win32-x64\lombok\lombok-1.18.36.jar -XX:+HeapDumpOnOutOfMemoryError -XX:HeapDumpPath=c:\Users\GoldenDragon\AppData\Roaming\Code\User\workspaceStorage\22e452b2e6e0a7ca38ef7605ba2d858a\redhat.java -Daether.dependencyCollector.impl=bf 
java_command: c:\Users\GoldenDragon\.vscode\extensions\redhat.java-1.41.1-win32-x64\server\plugins\org.eclipse.equinox.launcher_1.7.0.v20250331-1702.jar -configuration c:\Users\GoldenDragon\AppData\Roaming\Code\User\globalStorage\redhat.java\1.41.1\config_win -data c:\Users\GoldenDragon\AppData\Roaming\Code\User\workspaceStorage\22e452b2e6e0a7ca38ef7605ba2d858a\redhat.java\jdt_ws --pipe=\\.\pipe\lsp-5074b07dd44eb30d32bcb0fe01172a72-sock
java_class_path (initial): c:\Users\GoldenDragon\.vscode\extensions\redhat.java-1.41.1-win32-x64\server\plugins\org.eclipse.equinox.launcher_1.7.0.v20250331-1702.jar
Launcher Type: SUN_STANDARD

[Global flags]
    uintx AdaptiveSizePolicyWeight                 = 90                                        {product} {command line}
     intx CICompilerCount                          = 12                                        {product} {ergonomic}
    uintx GCTimeRatio                              = 4                                         {product} {command line}
     bool HeapDumpOnOutOfMemoryError               = true                                   {manageable} {command line}
    ccstr HeapDumpPath                             = c:\Users\GoldenDragon\AppData\Roaming\Code\User\workspaceStorage\22e452b2e6e0a7ca38ef7605ba2d858a\redhat.java         {manageable} {command line}
   size_t InitialHeapSize                          = 104857600                                 {product} {command line}
   size_t MaxHeapSize                              = 1073741824                                {product} {command line}
   size_t MaxNewSize                               = 357564416                                 {product} {ergonomic}
   size_t MinHeapDeltaBytes                        = 524288                                    {product} {ergonomic}
   size_t MinHeapSize                              = 104857600                                 {product} {command line}
   size_t NewSize                                  = 34603008                                  {product} {ergonomic}
    uintx NonNMethodCodeHeapSize                   = 7602480                                {pd product} {ergonomic}
    uintx NonProfiledCodeHeapSize                  = 122027880                              {pd product} {ergonomic}
   size_t OldSize                                  = 70254592                                  {product} {ergonomic}
    uintx ProfiledCodeHeapSize                     = 122027880                              {pd product} {ergonomic}
    uintx ReservedCodeCacheSize                    = 251658240                              {pd product} {ergonomic}
     bool SegmentedCodeCache                       = true                                      {product} {ergonomic}
   size_t SoftMaxHeapSize                          = 1073741824                             {manageable} {ergonomic}
     bool UseCompressedOops                        = true                           {product lp64_product} {ergonomic}
     bool UseLargePagesIndividualAllocation        = false                                  {pd product} {ergonomic}
     bool UseParallelGC                            = true                                      {product} {command line}

Logging:
Log output configuration:
 #0: stdout all=off uptime,level,tags foldmultilines=false
 #1: stderr all=off uptime,level,tags foldmultilines=false

Environment Variables:
JAVA_HOME=C:\Program Files\Java\jdk-17\
PATH=C:\Program Files\Common Files\Oracle\Java\javapath;C:\Program Files (x86)\VMware\VMware Workstation\bin\;c:\Users\GoldenDragon\AppData\Local\Programs\cursor\resources\app\bin;C:\Windows\system32;C:\Windows;C:\Windows\System32\Wbem;C:\Windows\System32\WindowsPowerShell\v1.0\;C:\Windows\System32\OpenSSH\;C:\Program Files (x86)\NetSarang\Xshell 7\;C:\Program Files (x86)\NetSarang\Xftp 7\;C:\Program Files (x86)\NetSarang\Xlpd 7\;C:\Program Files\Git\cmd;D:\Development\Android\SDK\2024.1.1\platform-tools;C:\Program Files (x86)\NetSarang\Xmanager 7\;C:\Program Files (x86)\curl-8.9.1_1-win64-mingw\curl-8.9.1_1-win64-mingw\bin\;C:\ProgramData\chocolatey\bin;C:\Users\GoldenDragon\AppData\Roaming\nvm;C:\Program Files\nodejs;C:\Users\GoldenDragon\AppData\Local\Programs\Python\Launcher\;C:\Users\GoldenDragon\AppData\Local\Microsoft\WindowsApps;c:\Users\GoldenDragon\AppData\Local\Programs\curso;C:\Program Files\php\;C:\Python27\;C:\Python27\Scripts\;C:\Program Files\PostgreSQL\17\bin;C:\Program Files\nodejs\;C:\Program Files\MongoDB\Server\8.0\bin\;C:\Program Files\TortoiseGit\bin;C:\Program Files\Java\jdk-23\bin\;C:\Program Files\Tesseract-OCR\;C:\WINDOWS\system32;C:\WINDOWS;C:\WINDOWS\System32\Wbem;C:\WINDOWS\System32\WindowsPowerShell\v1.0\;C:\WINDOWS\System32\OpenSSH\;C:\Users\GoldenDragon\AppData\Local\Programs\Python\Python312\Scripts\;C:\Users\GoldenDragon\AppData\Local\Programs\Python\Python312\;C:\Users\GoldenDragon\AppData\Local\Microsoft\WindowsApps;C:\Users\GoldenDragon\AppData\Local\Programs\Microsoft VS Code\bin;C:\Users\GoldenDragon\AppData\Roaming\nvm;C:\Program Files\nodejs;C:\Users\GoldenDragon\AppData\Roaming\npm;;C:\Program Files\JetBrains\PyCharm Community Edition 2024.2.4\bin;;C:\Program Files\JetBrains\IntelliJ IDEA Community Edition 2021.1.3\bin;
USERNAME=GoldenDragon
OS=Windows_NT
PROCESSOR_IDENTIFIER=Intel64 Family 6 Model 151 Stepping 2, GenuineIntel
TMP=C:\Users\GOLDEN~1\AppData\Local\Temp
TEMP=C:\Users\GOLDEN~1\AppData\Local\Temp




Periodic native trim disabled

---------------  S Y S T E M  ---------------

OS:
 Windows 11 , 64 bit Build 26100 (10.0.26100.3624)
OS uptime: 4 days 9:21 hours

CPU: total 20 (initial active 20) (10 cores per cpu, 2 threads per core) family 6 model 151 stepping 2 microcode 0x36, cx8, cmov, fxsr, ht, mmx, 3dnowpref, sse, sse2, sse3, ssse3, sse4.1, sse4.2, popcnt, lzcnt, tsc, tscinvbit, avx, avx2, aes, erms, clmul, bmi1, bmi2, adx, sha, fma, vzeroupper, clflush, clflushopt, clwb, serialize, rdtscp, rdpid, fsrm, f16c, pku, cet_ibt, cet_ss
Processor Information for processor 0
  Max Mhz: 2100, Current Mhz: 2100, Mhz Limit: 2100
Processor Information for processor 1
  Max Mhz: 2100, Current Mhz: 2100, Mhz Limit: 2100
Processor Information for processor 2
  Max Mhz: 2100, Current Mhz: 2100, Mhz Limit: 2100
Processor Information for processor 3
  Max Mhz: 2100, Current Mhz: 2100, Mhz Limit: 2100
Processor Information for processor 4
  Max Mhz: 2100, Current Mhz: 2100, Mhz Limit: 2100
Processor Information for processor 5
  Max Mhz: 2100, Current Mhz: 2100, Mhz Limit: 2100
Processor Information for processor 6
  Max Mhz: 2100, Current Mhz: 2100, Mhz Limit: 2100
Processor Information for processor 7
  Max Mhz: 2100, Current Mhz: 2100, Mhz Limit: 2100
Processor Information for processor 8
  Max Mhz: 2100, Current Mhz: 2100, Mhz Limit: 2100
Processor Information for processor 9
  Max Mhz: 2100, Current Mhz: 2100, Mhz Limit: 2100
Processor Information for processor 10
  Max Mhz: 2100, Current Mhz: 2100, Mhz Limit: 2100
Processor Information for processor 11
  Max Mhz: 2100, Current Mhz: 2100, Mhz Limit: 2100
Processor Information for processor 12
  Max Mhz: 2100, Current Mhz: 2100, Mhz Limit: 2100
Processor Information for processor 13
  Max Mhz: 2100, Current Mhz: 2100, Mhz Limit: 2100
Processor Information for processor 14
  Max Mhz: 2100, Current Mhz: 2100, Mhz Limit: 2100
Processor Information for processor 15
  Max Mhz: 2100, Current Mhz: 2100, Mhz Limit: 2100
Processor Information for processor 16
  Max Mhz: 2100, Current Mhz: 1600, Mhz Limit: 1596
Processor Information for processor 17
  Max Mhz: 2100, Current Mhz: 1600, Mhz Limit: 1596
Processor Information for processor 18
  Max Mhz: 2100, Current Mhz: 1600, Mhz Limit: 1596
Processor Information for processor 19
  Max Mhz: 2100, Current Mhz: 1600, Mhz Limit: 1596

Memory: 4k page, system-wide physical 24264M (6984M free)
TotalPageFile size 44728M (AvailPageFile size 7822M)
current process WorkingSet (physical memory assigned to process): 277M, peak: 312M
current process commit charge ("private bytes"): 361M, peak: 396M

vm_info: OpenJDK 64-Bit Server VM (21.0.6+7-LTS) for windows-amd64 JRE (21.0.6+7-LTS), built on 2025-01-21T00:00:00Z by "admin" with MS VC++ 17.7 (VS2022)

END.
