#
# A fatal error has been detected by the Java Runtime Environment:
#
#  EXCEPTION_ACCESS_VIOLATION (0xc0000005) at pc=0x000000018000c274, pid=3984, tid=21676
#
# JRE version: OpenJDK Runtime Environment Temurin-21.0.6+7 (21.0.6+7) (build 21.0.6+7-LTS)
# Java VM: OpenJDK 64-Bit Server VM Temurin-21.0.6+7 (21.0.6+7-LTS, mixed mode, sharing, tiered, compressed oops, compressed class ptrs, parallel gc, windows-amd64)
# Problematic frame:
# C  [ASProxy64.dll+0xc274]
#
# No core dump will be written. Minidumps are not enabled by default on client versions of Windows
#
# If you would like to submit a bug report, please visit:
#   https://github.com/adoptium/adoptium-support/issues
# The crash happened outside the Java Virtual Machine in native code.
# See problematic frame for where to report the bug.
#

---------------  S U M M A R Y ------------

Command Line: --add-modules=ALL-SYSTEM --add-opens=java.base/java.util=ALL-UNNAMED --add-opens=java.base/java.lang=ALL-UNNAMED --add-opens=java.base/sun.nio.fs=ALL-UNNAMED -Declipse.application=org.eclipse.jdt.ls.core.id1 -Dosgi.bundles.defaultStartLevel=4 -Declipse.product=org.eclipse.jdt.ls.core.product -Djava.import.generatesMetadataFilesAtProjectRoot=false -DDetectVMInstallationsJob.disabled=true -Dfile.encoding=utf8 -XX:+UseParallelGC -XX:GCTimeRatio=4 -XX:AdaptiveSizePolicyWeight=90 -Dsun.zip.disableMemoryMapping=true -Xmx1G -Xms100m -Xlog:disable -javaagent:c:\Users\GoldenDragon\.vscode\extensions\redhat.java-1.41.1-win32-x64\lombok\lombok-1.18.36.jar -XX:+HeapDumpOnOutOfMemoryError -XX:HeapDumpPath=c:\Users\GoldenDragon\AppData\Roaming\Code\User\workspaceStorage\22e452b2e6e0a7ca38ef7605ba2d858a\redhat.java -Daether.dependencyCollector.impl=bf c:\Users\GoldenDragon\.vscode\extensions\redhat.java-1.41.1-win32-x64\server\plugins\org.eclipse.equinox.launcher_1.7.0.v20250331-1702.jar -configuration c:\Users\GoldenDragon\AppData\Roaming\Code\User\globalStorage\redhat.java\1.41.1\config_win -data c:\Users\GoldenDragon\AppData\Roaming\Code\User\workspaceStorage\22e452b2e6e0a7ca38ef7605ba2d858a\redhat.java\jdt_ws --pipe=\\.\pipe\lsp-c8c7e8eeebfd69280eee3eef28e8b6ea-sock

Host: 12th Gen Intel(R) Core(TM) i7-12700, 20 cores, 23G,  Windows 11 , 64 bit Build 26100 (10.0.26100.3624)
Time: Tue Apr 22 05:12:25 2025 Eastern Daylight Time elapsed time: 6.310007 seconds (0d 0h 0m 6s)

---------------  T H R E A D  ---------------

Current thread (0x00000176729d0730):  JavaThread "Connection worker"        [_thread_in_native, id=21676, stack(0x0000004c2a100000,0x0000004c2a200000) (1024K)]

Stack: [0x0000004c2a100000,0x0000004c2a200000],  sp=0x0000004c2a1fdf90,  free space=1015k
Native frames: (J=compiled Java code, j=interpreted, Vv=VM code, C=native code)
C  [ASProxy64.dll+0xc274]

Java frames: (J=compiled Java code, j=interpreted, Vv=VM code)
j  sun.nio.ch.WEPoll.ctl(JIJI)I+0 java.base@21.0.6
j  sun.nio.ch.WEPollSelectorImpl.<init>(Ljava/nio/channels/spi/SelectorProvider;)V+139 java.base@21.0.6
j  sun.nio.ch.WEPollSelectorProvider.openSelector()Ljava/nio/channels/spi/AbstractSelector;+5 java.base@21.0.6
j  java.nio.channels.Selector.open()Ljava/nio/channels/Selector;+3 java.base@21.0.6
j  org.gradle.internal.remote.internal.inet.SocketConnection$SocketInputStream.<init>(Ljava/nio/channels/SocketChannel;)V+17
j  org.gradle.internal.remote.internal.inet.SocketConnection.<init>(Ljava/nio/channels/SocketChannel;Lorg/gradle/internal/remote/internal/MessageSerializer;Lorg/gradle/internal/serialize/StatefulSerializer;)V+33
j  org.gradle.internal.remote.internal.inet.SocketConnectCompletion.create(Lorg/gradle/internal/serialize/StatefulSerializer;)Lorg/gradle/internal/remote/internal/RemoteConnection;+16
j  org.gradle.launcher.daemon.client.DefaultDaemonConnector.connectToDaemon(Lorg/gradle/launcher/daemon/context/DaemonConnectDetails;Lorg/gradle/launcher/daemon/client/DaemonClientConnection$StaleAddressDetector;)Lorg/gradle/launcher/daemon/client/DaemonClientConnection;+43
j  org.gradle.launcher.daemon.client.DefaultDaemonConnector.connectToDaemonWithId(Lorg/gradle/launcher/daemon/diagnostics/DaemonStartupInfo;Lorg/gradle/api/internal/specs/ExplainingSpec;)Lorg/gradle/launcher/daemon/client/DaemonClientConnection;+115
j  org.gradle.launcher.daemon.client.DefaultDaemonConnector.doStartDaemon(Lorg/gradle/api/internal/specs/ExplainingSpec;Z)Lorg/gradle/launcher/daemon/client/DaemonClientConnection;+58
j  org.gradle.launcher.daemon.client.DefaultDaemonConnector.startDaemon(Lorg/gradle/api/internal/specs/ExplainingSpec;)Lorg/gradle/launcher/daemon/client/DaemonClientConnection;+3
j  org.gradle.launcher.daemon.client.DaemonClient.execute(Lorg/gradle/internal/invocation/BuildAction;Lorg/gradle/launcher/exec/BuildActionParameters;Lorg/gradle/internal/daemon/client/execution/ClientBuildRequestContext;)Lorg/gradle/launcher/exec/BuildActionResult;+201
j  org.gradle.launcher.daemon.client.DaemonClient.execute(Lorg/gradle/internal/invocation/BuildAction;Ljava/lang/Object;Ljava/lang/Object;)Lorg/gradle/launcher/exec/BuildActionResult;+10
j  org.gradle.tooling.internal.provider.DaemonBuildActionExecuter.execute(Lorg/gradle/internal/invocation/BuildAction;Lorg/gradle/tooling/internal/provider/ConnectionOperationParameters;Lorg/gradle/internal/daemon/client/execution/ClientBuildRequestContext;)Lorg/gradle/launcher/exec/BuildActionResult;+72
j  org.gradle.tooling.internal.provider.DaemonBuildActionExecuter.execute(Lorg/gradle/internal/invocation/BuildAction;Ljava/lang/Object;Ljava/lang/Object;)Lorg/gradle/launcher/exec/BuildActionResult;+10
j  org.gradle.tooling.internal.provider.LoggingBridgingBuildActionExecuter.execute(Lorg/gradle/internal/invocation/BuildAction;Lorg/gradle/tooling/internal/provider/ConnectionOperationParameters;Lorg/gradle/internal/daemon/client/execution/ClientBuildRequestContext;)Lorg/gradle/launcher/exec/BuildActionResult;+77
j  org.gradle.tooling.internal.provider.LoggingBridgingBuildActionExecuter.execute(Lorg/gradle/internal/invocation/BuildAction;Ljava/lang/Object;Ljava/lang/Object;)Lorg/gradle/launcher/exec/BuildActionResult;+10
j  org.gradle.tooling.internal.provider.ProviderConnection.run(Lorg/gradle/internal/invocation/BuildAction;Lorg/gradle/initialization/BuildCancellationToken;Lorg/gradle/tooling/internal/provider/ProviderConnection$ProgressListenerConfiguration;Lorg/gradle/initialization/BuildEventConsumer;Lorg/gradle/tooling/internal/provider/connection/ProviderOperationParameters;Lorg/gradle/tooling/internal/provider/ProviderConnection$Parameters;)Ljava/lang/Object;+79
j  org.gradle.tooling.internal.provider.ProviderConnection.runPhasedAction(Lorg/gradle/tooling/internal/protocol/InternalPhasedAction;Lorg/gradle/tooling/internal/protocol/PhasedActionResultListener;Lorg/gradle/initialization/BuildCancellationToken;Lorg/gradle/tooling/internal/provider/connection/ProviderOperationParameters;)Ljava/lang/Object;+132
j  org.gradle.tooling.internal.provider.DefaultConnection.run(Lorg/gradle/tooling/internal/protocol/InternalPhasedAction;Lorg/gradle/tooling/internal/protocol/PhasedActionResultListener;Lorg/gradle/tooling/internal/protocol/InternalCancellationToken;Lorg/gradle/tooling/internal/protocol/BuildParameters;)Lorg/gradle/tooling/internal/protocol/BuildResult;+28
j  org.gradle.tooling.internal.consumer.connection.PhasedActionAwareConsumerConnection.run(Lorg/gradle/tooling/internal/consumer/PhasedBuildAction;Lorg/gradle/tooling/internal/consumer/parameters/ConsumerOperationParameters;)V+66
j  org.gradle.tooling.internal.consumer.connection.ParameterValidatingConsumerConnection.run(Lorg/gradle/tooling/internal/consumer/PhasedBuildAction;Lorg/gradle/tooling/internal/consumer/parameters/ConsumerOperationParameters;)V+11
j  org.gradle.tooling.internal.consumer.DefaultPhasedBuildActionExecuter$1.run(Lorg/gradle/tooling/internal/consumer/connection/ConsumerConnection;)Ljava/lang/Void;+12
j  org.gradle.tooling.internal.consumer.DefaultPhasedBuildActionExecuter$1.run(Lorg/gradle/tooling/internal/consumer/connection/ConsumerConnection;)Ljava/lang/Object;+2
j  org.gradle.tooling.internal.consumer.connection.LazyConsumerActionExecutor.run(Lorg/gradle/tooling/internal/consumer/connection/ConsumerAction;)Ljava/lang/Object;+34
j  org.gradle.tooling.internal.consumer.connection.CancellableConsumerActionExecutor.run(Lorg/gradle/tooling/internal/consumer/connection/ConsumerAction;)Ljava/lang/Object;+34
j  org.gradle.tooling.internal.consumer.connection.ProgressLoggingConsumerActionExecutor.run(Lorg/gradle/tooling/internal/consumer/connection/ConsumerAction;)Ljava/lang/Object;+78
j  org.gradle.tooling.internal.consumer.connection.RethrowingErrorsConsumerActionExecutor.run(Lorg/gradle/tooling/internal/consumer/connection/ConsumerAction;)Ljava/lang/Object;+5
j  org.gradle.tooling.internal.consumer.async.DefaultAsyncConsumerActionExecutor$1$1.run()V+17
j  org.gradle.internal.concurrent.ExecutorPolicy$CatchAndRecordFailures.onExecute(Ljava/lang/Runnable;)V+1
j  org.gradle.internal.concurrent.AbstractManagedExecutor$1.run()V+25
j  java.util.concurrent.ThreadPoolExecutor.runWorker(Ljava/util/concurrent/ThreadPoolExecutor$Worker;)V+92 java.base@21.0.6
j  java.util.concurrent.ThreadPoolExecutor$Worker.run()V+5 java.base@21.0.6
j  java.lang.Thread.runWith(Ljava/lang/Object;Ljava/lang/Runnable;)V+5 java.base@21.0.6
j  java.lang.Thread.run()V+19 java.base@21.0.6
v  ~StubRoutines::call_stub 0x000001761a11100d

siginfo: EXCEPTION_ACCESS_VIOLATION (0xc0000005), reading address 0x00000000000012a4


Registers:
RAX=0x0000000000000000, RBX=0x00000176734826f8, RCX=0x0000000000000560, RDX=0x0000000000000002
RSP=0x0000004c2a1fdf90, RBP=0x00000000000012a4, RSI=0x00000176727c28e0, RDI=0x00000000000012a4
R8 =0x0000000000000001, R9 =0x0000000000000000, R10=0x0000000000000560, R11=0x000001760e1fc6d0
R12=0x0000004c2a1fe1d0, R13=0x0000000000001270, R14=0x00000176727c28b0, R15=0x0000000000001270
RIP=0x000000018000c274, EFLAGS=0x0000000000010246

XMM[0]=0x0000000000000000 0x0000000000000000
XMM[1]=0x0000000000000000 0x0000000000000000
XMM[2]=0x0000000000000000 0x0000000000000000
XMM[3]=0x0000000000000000 0x0000000000000000
XMM[4]=0x0000000000000000 0x0000000000000000
XMM[5]=0x0000000000000000 0x0000000000000000
XMM[6]=0x97180bf96852fdbb 0x74f704f415550ba5
XMM[7]=0x621b0dfbc4cee10b 0x0878063cc72f9562
XMM[8]=0x0c0d0e0f08090a0b 0x0405060700010203
XMM[9]=0x0000000000000000 0x0000000000000001
XMM[10]=0x0000000000000000 0x00000000e8e45b58
XMM[11]=0x0000000000000000 0x0b3e70e4fefb0c81
XMM[12]=0x0000000000000000 0x00000000f3bc9b9d
XMM[13]=0x0000000000000000 0x00000000129a6627
XMM[14]=0x0000000000000000 0x6c9c4e785cd1fc34
XMM[15]=0x0000000000000000 0x00000000f035adbc
  MXCSR=0x00001fa0


Register to memory mapping:

RAX=0x0 is null
RBX=0x00000176734826f8 points into unknown readable memory: 0x0000000000000000 | 00 00 00 00 00 00 00 00
RCX=0x0000000000000560 is an unknown value
RDX=0x0000000000000002 is an unknown value
RSP=0x0000004c2a1fdf90 is pointing into the stack for thread: 0x00000176729d0730
RBP=0x00000000000012a4 is an unknown value
RSI=0x00000176727c28e0 points into unknown readable memory: 0x00000176727c28e0 | e0 28 7c 72 76 01 00 00
RDI=0x00000000000012a4 is an unknown value
R8 =0x0000000000000001 is an unknown value
R9 =0x0 is null
R10=0x0000000000000560 is an unknown value
R11=0x000001760e1fc6d0 points into unknown readable memory: 0x0000000000000007 | 07 00 00 00 00 00 00 00
R12=0x0000004c2a1fe1d0 is pointing into the stack for thread: 0x00000176729d0730
R13=0x0000000000001270 is an unknown value
R14=0x00000176727c28b0 points into unknown readable memory: 0x00000000000012a4 | a4 12 00 00 00 00 00 00
R15=0x0000000000001270 is an unknown value

Top of Stack: (sp=0x0000004c2a1fdf90)
0x0000004c2a1fdf90:   0000000000000000 0000000000000000
0x0000004c2a1fdfa0:   00000000000012a4 000000018001f4c2
0x0000004c2a1fdfb0:   0000000180065ec8 0000000000002736
0x0000004c2a1fdfc0:   0000000000000003 0000000000000560
0x0000004c2a1fdfd0:   00000000000012a4 000000018000c506
0x0000004c2a1fdfe0:   00000176734826f8 0000000000002736
0x0000004c2a1fdff0:   0000000000000000 0000017600000008
0x0000004c2a1fe000:   0000004c0000001e 0000000000000000
0x0000004c2a1fe010:   00000000000012a4 0000000000000000
0x0000004c2a1fe020:   0000000000000001 0000000000000000
0x0000004c2a1fe030:   00000000000012a4 00007ff8fa9877e6
0x0000004c2a1fe040:   0000000000000560 0000000000001202
0x0000004c2a1fe050:   00000176727c28e0 0000004c2a1fe1a0
0x0000004c2a1fe060:   0000000000000000 0000017600000000
0x0000004c2a1fe070:   0000000000000003 0000017600000001
0x0000004c2a1fe080:   0000000000000000 0000000000000000
0x0000004c2a1fe090:   00007ff900000000 00007ff937380139
0x0000004c2a1fe0a0:   0000000000000560 0000000000000000
0x0000004c2a1fe0b0:   0000000000000000 00007034b18508a7
0x0000004c2a1fe0c0:   00000176734826e0 00007ff8fa9882af
0x0000004c2a1fe0d0:   0000000000000028 00007ff8a64f2abc
0x0000004c2a1fe0e0:   00000176734826e8 000001760e226820
0x0000004c2a1fe0f0:   00000176727c28b0 00007ff8fa988359
0x0000004c2a1fe100:   00000176727c28e0 0000004c2a1fe1d0
0x0000004c2a1fe110:   00000176727c28e0 00000176727c28b0
0x0000004c2a1fe120:   00000176729d0730 0000004c2a1fe1d0
0x0000004c2a1fe130:   000001766c5daaf8 0000000000000000
0x0000004c2a1fe140:   00000176727c28b0 00007ff8fa988787
0x0000004c2a1fe150:   0000000000000000 0000004c2a1fe1d0
0x0000004c2a1fe160:   0000000000001270 00000176729d0730
0x0000004c2a1fe170:   0000000000000001 00007ff8fa987a75
0x0000004c2a1fe180:   00000000000012a4 0000004c2a1fe1d0 

Instructions: (pc=0x000000018000c274)
0x000000018000c174:   70 48 8b 6c 24 78 32 c0 48 83 c4 50 41 5c c3 cc
0x000000018000c184:   cc cc cc cc cc cc cc cc cc cc cc cc 48 85 c9 74
0x000000018000c194:   23 8b 05 ad ff 06 00 89 01 8b 05 a9 ff 06 00 89
0x000000018000c1a4:   41 04 8b 05 a4 ff 06 00 89 41 08 8b 05 9f ff 06
0x000000018000c1b4:   00 89 41 0c f3 c3 cc cc cc cc cc cc c6 01 01 c7
0x000000018000c1c4:   02 01 00 00 00 c3 cc cc cc cc cc cc 48 89 5c 24
0x000000018000c1d4:   08 57 48 83 ec 70 48 8b fa 8b d9 48 8d 15 82 73
0x000000018000c1e4:   05 00 48 8d 4c 24 20 45 33 c0 48 c7 44 24 40 0f
0x000000018000c1f4:   00 00 00 48 c7 44 24 38 00 00 00 00 c6 44 24 28
0x000000018000c204:   00 e8 d6 6b ff ff 4c 8d 4c 24 20 48 8d 4c 24 48
0x000000018000c214:   41 b0 01 8b d3 e8 52 06 02 00 48 83 78 20 10 72
0x000000018000c224:   06 48 8b 48 08 eb 05 48 8d 48 08 90 0f b6 01 48
0x000000018000c234:   ff c7 48 ff c1 88 47 ff 84 c0 75 f0 48 83 7c 24
0x000000018000c244:   68 10 72 0a 48 8b 4c 24 50 e8 52 94 03 00 48 8b
0x000000018000c254:   9c 24 80 00 00 00 48 83 c4 70 5f c3 48 83 ec 48
0x000000018000c264:   0f b6 c2 0f 57 c0 0f 11 44 24 ff 25 00 00 00 00
0x000000018000c274:   ae 7e c0 37 f9 7f 00 00 8b 44 24 04 0f af 04 24
0x000000018000c284:   89 04 24 8b 44 24 04 0f af 04 24 83 c0 01 89 04
0x000000018000c294:   24 8b 44 24 04 0f af 04 24 83 c0 02 89 04 24 8b
0x000000018000c2a4:   44 24 04 0f af 04 24 83 c0 03 89 04 24 8b 44 24
0x000000018000c2b4:   04 0f af 04 24 83 c0 04 89 04 24 8b 44 24 04 0f
0x000000018000c2c4:   af 04 24 83 c0 05 89 04 24 8b 44 24 04 0f af 04
0x000000018000c2d4:   24 83 c0 06 89 04 24 8b 44 24 04 0f af 04 24 83
0x000000018000c2e4:   c0 07 89 04 24 8b 44 24 04 0f af 04 24 83 c0 08
0x000000018000c2f4:   89 04 24 8b 44 24 04 0f af 04 24 83 c0 09 89 04
0x000000018000c304:   24 8b 44 24 04 0f af 04 24 83 c0 0a 89 04 24 8b
0x000000018000c314:   44 24 04 0f af 04 24 83 c0 0b 89 04 24 8b 44 24
0x000000018000c324:   04 0f af 04 24 83 c0 0d 89 04 24 8b 44 24 04 0f
0x000000018000c334:   af 04 24 83 c0 0e 89 04 24 8b 44 24 04 0f af 04
0x000000018000c344:   24 83 c0 0f 89 04 24 8b 44 24 04 0f af 04 24 83
0x000000018000c354:   c0 10 89 04 24 8b 44 24 04 0f af 04 24 83 c0 11
0x000000018000c364:   89 04 24 8b 44 24 04 0f af 04 24 83 c0 12 89 04 


Stack slot to memory mapping:

stack at sp + 0 slots: 0x0 is null
stack at sp + 1 slots: 0x0 is null
stack at sp + 2 slots: 0x00000000000012a4 is an unknown value
stack at sp + 3 slots: 0x000000018001f4c2 ASProxy64.dll
stack at sp + 4 slots: 0x0000000180065ec8 ASProxy64.dll
stack at sp + 5 slots: 0x0000000000002736 is an unknown value
stack at sp + 6 slots: 0x0000000000000003 is an unknown value
stack at sp + 7 slots: 0x0000000000000560 is an unknown value


---------------  P R O C E S S  ---------------

Threads class SMR info:
_java_thread_list=0x00000176734521e0, length=65, elements={
0x000001760df4a0b0, 0x00000176245fbcf0, 0x000001760e2bd710, 0x00000176246043b0,
0x0000017624606070, 0x00000176246074d0, 0x000001762460b420, 0x000001762460e830,
0x0000017666b70300, 0x0000017666c42cd0, 0x0000017666cd64f0, 0x0000017666cd6b90,
0x000001766d1a7f30, 0x000001766d304e60, 0x000001766dd987e0, 0x000001766dc5d800,
0x000001766e0ff310, 0x000001766dfade10, 0x000001766e554010, 0x000001766e1f8490,
0x000001766e7b3ba0, 0x000001766e6cecf0, 0x000001766e6cd940, 0x000001766e6ccc20,
0x000001766e6ce660, 0x000001766e6cbf00, 0x000001766e6cdfd0, 0x000001766e6cf380,
0x000001766e6cc590, 0x000001766e6cd2b0, 0x000001766efd1440, 0x000001766efd3ba0,
0x000001766efd4230, 0x000001766efd2e80, 0x000001766efd3510, 0x000001766efd0db0,
0x000001766efd48c0, 0x000001766efd4f50, 0x000001766efd27f0, 0x000001766efd1ad0,
0x000001766efd55e0, 0x000001766efd2160, 0x000001766efd6300, 0x000001766efd7d40,
0x000001766efd6990, 0x000001766efd5c70, 0x000001766efd76b0, 0x000001766efd83d0,
0x000001766efd7020, 0x000001766f451d90, 0x000001766f451070, 0x000001766f451700,
0x000001766f450350, 0x000001766f44f630, 0x000001766f453e60, 0x000001766f4537d0,
0x000001766f4509e0, 0x000001766f455210, 0x000001766f453140, 0x000001766f4544f0,
0x000001766f4558a0, 0x000001766f454b80, 0x000001766f455f30, 0x00000176729d0730,
0x00000176729ce660
}

Java Threads: ( => current thread )
  0x000001760df4a0b0 JavaThread "main"                              [_thread_blocked, id=22980, stack(0x0000004c23300000,0x0000004c23400000) (1024K)]
  0x00000176245fbcf0 JavaThread "Reference Handler"          daemon [_thread_blocked, id=33164, stack(0x0000004c23700000,0x0000004c23800000) (1024K)]
  0x000001760e2bd710 JavaThread "Finalizer"                  daemon [_thread_blocked, id=32584, stack(0x0000004c23800000,0x0000004c23900000) (1024K)]
  0x00000176246043b0 JavaThread "Signal Dispatcher"          daemon [_thread_blocked, id=36736, stack(0x0000004c23900000,0x0000004c23a00000) (1024K)]
  0x0000017624606070 JavaThread "Attach Listener"            daemon [_thread_blocked, id=28200, stack(0x0000004c23a00000,0x0000004c23b00000) (1024K)]
  0x00000176246074d0 JavaThread "Service Thread"             daemon [_thread_blocked, id=28848, stack(0x0000004c23b00000,0x0000004c23c00000) (1024K)]
  0x000001762460b420 JavaThread "Monitor Deflation Thread"   daemon [_thread_blocked, id=29820, stack(0x0000004c23c00000,0x0000004c23d00000) (1024K)]
  0x000001762460e830 JavaThread "C2 CompilerThread0"         daemon [_thread_blocked, id=32056, stack(0x0000004c23d00000,0x0000004c23e00000) (1024K)]
  0x0000017666b70300 JavaThread "C1 CompilerThread0"         daemon [_thread_blocked, id=15344, stack(0x0000004c23e00000,0x0000004c23f00000) (1024K)]
  0x0000017666c42cd0 JavaThread "Common-Cleaner"             daemon [_thread_blocked, id=24580, stack(0x0000004c23f00000,0x0000004c24000000) (1024K)]
  0x0000017666cd64f0 JavaThread "C1 CompilerThread1"         daemon [_thread_blocked, id=12908, stack(0x0000004c24000000,0x0000004c24100000) (1024K)]
  0x0000017666cd6b90 JavaThread "C1 CompilerThread2"         daemon [_thread_blocked, id=32676, stack(0x0000004c24100000,0x0000004c24200000) (1024K)]
  0x000001766d1a7f30 JavaThread "C1 CompilerThread3"         daemon [_thread_blocked, id=13060, stack(0x0000004c25900000,0x0000004c25a00000) (1024K)]
  0x000001766d304e60 JavaThread "Notification Thread"        daemon [_thread_blocked, id=7292, stack(0x0000004c25a00000,0x0000004c25b00000) (1024K)]
  0x000001766dd987e0 JavaThread "Active Thread: Equinox Container: ec2d26bd-4632-4f47-a3ea-a74f578346f4"        [_thread_blocked, id=30224, stack(0x0000004c26200000,0x0000004c26300000) (1024K)]
  0x000001766dc5d800 JavaThread "Refresh Thread: Equinox Container: ec2d26bd-4632-4f47-a3ea-a74f578346f4" daemon [_thread_blocked, id=28432, stack(0x0000004c26400000,0x0000004c26500000) (1024K)]
  0x000001766e0ff310 JavaThread "Framework Event Dispatcher: Equinox Container: ec2d26bd-4632-4f47-a3ea-a74f578346f4" daemon [_thread_blocked, id=30764, stack(0x0000004c26500000,0x0000004c26600000) (1024K)]
  0x000001766dfade10 JavaThread "Start Level: Equinox Container: ec2d26bd-4632-4f47-a3ea-a74f578346f4" daemon [_thread_blocked, id=15264, stack(0x0000004c26600000,0x0000004c26700000) (1024K)]
  0x000001766e554010 JavaThread "Bundle File Closer"         daemon [_thread_blocked, id=31200, stack(0x0000004c26700000,0x0000004c26800000) (1024K)]
  0x000001766e1f8490 JavaThread "SCR Component Actor"        daemon [_thread_blocked, id=11220, stack(0x0000004c26b00000,0x0000004c26c00000) (1024K)]
  0x000001766e7b3ba0 JavaThread "SCR Component Registry"     daemon [_thread_blocked, id=18228, stack(0x0000004c26c00000,0x0000004c26d00000) (1024K)]
  0x000001766e6cecf0 JavaThread "Worker-JM"                         [_thread_blocked, id=9244, stack(0x0000004c26f00000,0x0000004c27000000) (1024K)]
  0x000001766e6cd940 JavaThread "Worker-0"                          [_thread_blocked, id=18000, stack(0x0000004c27000000,0x0000004c27100000) (1024K)]
  0x000001766e6ccc20 JavaThread "Worker-1"                          [_thread_blocked, id=35376, stack(0x0000004c27100000,0x0000004c27200000) (1024K)]
  0x000001766e6ce660 JavaThread "Java indexing"              daemon [_thread_blocked, id=29836, stack(0x0000004c25b00000,0x0000004c25c00000) (1024K)]
  0x000001766e6cbf00 JavaThread "JNA Cleaner"                daemon [_thread_blocked, id=21744, stack(0x0000004c27400000,0x0000004c27500000) (1024K)]
  0x000001766e6cdfd0 JavaThread "Worker-2"                          [_thread_blocked, id=19860, stack(0x0000004c27800000,0x0000004c27900000) (1024K)]
  0x000001766e6cf380 JavaThread "Worker-3"                          [_thread_blocked, id=11540, stack(0x0000004c27900000,0x0000004c27a00000) (1024K)]
  0x000001766e6cc590 JavaThread "Thread-2"                   daemon [_thread_in_native, id=2092, stack(0x0000004c27a00000,0x0000004c27b00000) (1024K)]
  0x000001766e6cd2b0 JavaThread "Thread-3"                   daemon [_thread_in_native, id=36576, stack(0x0000004c27b00000,0x0000004c27c00000) (1024K)]
  0x000001766efd1440 JavaThread "Thread-4"                   daemon [_thread_in_native, id=4600, stack(0x0000004c27c00000,0x0000004c27d00000) (1024K)]
  0x000001766efd3ba0 JavaThread "Thread-5"                   daemon [_thread_in_native, id=13176, stack(0x0000004c27d00000,0x0000004c27e00000) (1024K)]
  0x000001766efd4230 JavaThread "Thread-6"                   daemon [_thread_in_native, id=32124, stack(0x0000004c27e00000,0x0000004c27f00000) (1024K)]
  0x000001766efd2e80 JavaThread "Thread-7"                   daemon [_thread_in_native, id=33460, stack(0x0000004c27f00000,0x0000004c28000000) (1024K)]
  0x000001766efd3510 JavaThread "Thread-8"                   daemon [_thread_in_native, id=13004, stack(0x0000004c28000000,0x0000004c28100000) (1024K)]
  0x000001766efd0db0 JavaThread "Thread-9"                   daemon [_thread_in_native, id=26584, stack(0x0000004c28100000,0x0000004c28200000) (1024K)]
  0x000001766efd48c0 JavaThread "Thread-10"                  daemon [_thread_in_native, id=19564, stack(0x0000004c28200000,0x0000004c28300000) (1024K)]
  0x000001766efd4f50 JavaThread "Thread-11"                  daemon [_thread_in_native, id=35024, stack(0x0000004c28300000,0x0000004c28400000) (1024K)]
  0x000001766efd27f0 JavaThread "Thread-12"                  daemon [_thread_in_native, id=38184, stack(0x0000004c28400000,0x0000004c28500000) (1024K)]
  0x000001766efd1ad0 JavaThread "Thread-13"                  daemon [_thread_in_native, id=25580, stack(0x0000004c28500000,0x0000004c28600000) (1024K)]
  0x000001766efd55e0 JavaThread "Thread-14"                  daemon [_thread_in_native, id=3692, stack(0x0000004c28600000,0x0000004c28700000) (1024K)]
  0x000001766efd2160 JavaThread "Thread-15"                  daemon [_thread_in_native, id=24712, stack(0x0000004c28700000,0x0000004c28800000) (1024K)]
  0x000001766efd6300 JavaThread "Thread-16"                  daemon [_thread_in_native, id=17452, stack(0x0000004c28800000,0x0000004c28900000) (1024K)]
  0x000001766efd7d40 JavaThread "Thread-17"                  daemon [_thread_in_native, id=21388, stack(0x0000004c28900000,0x0000004c28a00000) (1024K)]
  0x000001766efd6990 JavaThread "Thread-18"                  daemon [_thread_in_native, id=9452, stack(0x0000004c28a00000,0x0000004c28b00000) (1024K)]
  0x000001766efd5c70 JavaThread "Thread-19"                  daemon [_thread_in_native, id=13744, stack(0x0000004c28b00000,0x0000004c28c00000) (1024K)]
  0x000001766efd76b0 JavaThread "Thread-20"                  daemon [_thread_in_native, id=7788, stack(0x0000004c28c00000,0x0000004c28d00000) (1024K)]
  0x000001766efd83d0 JavaThread "Thread-21"                  daemon [_thread_in_native, id=8156, stack(0x0000004c28d00000,0x0000004c28e00000) (1024K)]
  0x000001766efd7020 JavaThread "Thread-22"                  daemon [_thread_in_native, id=18316, stack(0x0000004c28e00000,0x0000004c28f00000) (1024K)]
  0x000001766f451d90 JavaThread "pool-2-thread-1"                   [_thread_blocked, id=38068, stack(0x0000004c28f00000,0x0000004c29000000) (1024K)]
  0x000001766f451070 JavaThread "WorkspaceEventsHandler"            [_thread_blocked, id=12796, stack(0x0000004c29200000,0x0000004c29300000) (1024K)]
  0x000001766f451700 JavaThread "pool-1-thread-1"                   [_thread_blocked, id=24088, stack(0x0000004c29300000,0x0000004c29400000) (1024K)]
  0x000001766f450350 JavaThread "Worker-4: Initialize Workspace"        [_thread_blocked, id=20036, stack(0x0000004c29700000,0x0000004c29800000) (1024K)]
  0x000001766f44f630 JavaThread "Timer-0"                           [_thread_blocked, id=28004, stack(0x0000004c29800000,0x0000004c29900000) (1024K)]
  0x000001766f453e60 JavaThread "Exec process"                      [_thread_blocked, id=31292, stack(0x0000004c29600000,0x0000004c29700000) (1024K)]
  0x000001766f4537d0 JavaThread "Exec process Thread 2"             [_thread_blocked, id=28216, stack(0x0000004c29a00000,0x0000004c29b00000) (1024K)]
  0x000001766f4509e0 JavaThread "Exec process Thread 3"             [_thread_blocked, id=15168, stack(0x0000004c29b00000,0x0000004c29c00000) (1024K)]
  0x000001766f455210 JavaThread "Timer-1"                           [_thread_blocked, id=37512, stack(0x0000004c29900000,0x0000004c29a00000) (1024K)]
  0x000001766f453140 JavaThread "LocalFile Deleter"          daemon [_thread_blocked, id=36492, stack(0x0000004c29c00000,0x0000004c29d00000) (1024K)]
  0x000001766f4544f0 JavaThread "LocalFile Deleter"          daemon [_thread_blocked, id=27932, stack(0x0000004c29d00000,0x0000004c29e00000) (1024K)]
  0x000001766f4558a0 JavaThread "LocalFile Deleter"          daemon [_thread_blocked, id=27636, stack(0x0000004c29e00000,0x0000004c29f00000) (1024K)]
  0x000001766f454b80 JavaThread "Timer-2"                           [_thread_blocked, id=36916, stack(0x0000004c29f00000,0x0000004c2a000000) (1024K)]
  0x000001766f455f30 JavaThread "Timer-3"                           [_thread_blocked, id=19660, stack(0x0000004c2a000000,0x0000004c2a100000) (1024K)]
=>0x00000176729d0730 JavaThread "Connection worker"                 [_thread_in_native, id=21676, stack(0x0000004c2a100000,0x0000004c2a200000) (1024K)]
  0x00000176729ce660 JavaThread "pool-3-thread-1"                   [_thread_blocked, id=3452, stack(0x0000004c29000000,0x0000004c29100000) (1024K)]
Total: 65

Other Threads:
  0x00000176245f40e0 VMThread "VM Thread"                           [id=35760, stack(0x0000004c23600000,0x0000004c23700000) (1024K)]
  0x00000176244ebb20 WatcherThread "VM Periodic Task Thread"        [id=5664, stack(0x0000004c23500000,0x0000004c23600000) (1024K)]
  0x000001760e220220 WorkerThread "GC Thread#0"                     [id=16844, stack(0x0000004c23400000,0x0000004c23500000) (1024K)]
  0x000001766dd9c490 WorkerThread "GC Thread#1"                     [id=20564, stack(0x0000004c25c00000,0x0000004c25d00000) (1024K)]
  0x000001766d929860 WorkerThread "GC Thread#2"                     [id=28572, stack(0x0000004c25d00000,0x0000004c25e00000) (1024K)]
  0x000001766d7ebc10 WorkerThread "GC Thread#3"                     [id=23868, stack(0x0000004c25e00000,0x0000004c25f00000) (1024K)]
  0x000001766de5d290 WorkerThread "GC Thread#4"                     [id=33596, stack(0x0000004c25f00000,0x0000004c26000000) (1024K)]
  0x000001766d7ebfb0 WorkerThread "GC Thread#5"                     [id=26000, stack(0x0000004c26000000,0x0000004c26100000) (1024K)]
  0x000001766db58f70 WorkerThread "GC Thread#6"                     [id=7856, stack(0x0000004c26100000,0x0000004c26200000) (1024K)]
  0x000001766dbf2310 WorkerThread "GC Thread#7"                     [id=32060, stack(0x0000004c26300000,0x0000004c26400000) (1024K)]
  0x000001766e2bc670 WorkerThread "GC Thread#8"                     [id=22140, stack(0x0000004c26800000,0x0000004c26900000) (1024K)]
  0x000001766e2ef8c0 WorkerThread "GC Thread#9"                     [id=8696, stack(0x0000004c26900000,0x0000004c26a00000) (1024K)]
  0x000001766e2ef180 WorkerThread "GC Thread#10"                    [id=15204, stack(0x0000004c26a00000,0x0000004c26b00000) (1024K)]
  0x000001766e2efc60 WorkerThread "GC Thread#11"                    [id=19604, stack(0x0000004c26d00000,0x0000004c26e00000) (1024K)]
  0x000001766e2ee300 WorkerThread "GC Thread#12"                    [id=4688, stack(0x0000004c26e00000,0x0000004c26f00000) (1024K)]
  0x000001766e2eea40 WorkerThread "GC Thread#13"                    [id=27776, stack(0x0000004c27200000,0x0000004c27300000) (1024K)]
  0x000001766e2eede0 WorkerThread "GC Thread#14"                    [id=19904, stack(0x0000004c27300000,0x0000004c27400000) (1024K)]
Total: 17

Threads with active compile tasks:
Total: 0

VM state: not at safepoint (normal execution)

VM Mutex/Monitor currently owned by a thread: None

Heap address: 0x00000000c0000000, size: 1024 MB, Compressed Oops mode: 32-bit

CDS archive(s) mapped at: [0x0000017625000000-0x0000017625ba0000-0x0000017625ba0000), size 12189696, SharedBaseAddress: 0x0000017625000000, ArchiveRelocationMode: 1.
Compressed class space mapped at: 0x0000017626000000-0x0000017666000000, reserved size: 1073741824
Narrow klass base: 0x0000017625000000, Narrow klass shift: 0, Narrow klass range: 0x100000000

GC Precious Log:
 CardTable entry size: 512
 CPUs: 20 total, 20 available
 Memory: 24264M
 Large Page Support: Disabled
 NUMA Support: Disabled
 Compressed Oops: Enabled (32-bit)
 Alignments: Space 512K, Generation 512K, Heap 2M
 Heap Min Capacity: 100M
 Heap Initial Capacity: 100M
 Heap Max Capacity: 1G
 Pre-touch: Disabled
 Parallel Workers: 15

Heap:
 PSYoungGen      total 20992K, used 5460K [0x00000000eab00000, 0x00000000ec080000, 0x0000000100000000)
  eden space 19968K, 24% used [0x00000000eab00000,0x00000000eafcd2d8,0x00000000ebe80000)
  from space 1024K, 53% used [0x00000000ebe80000,0x00000000ebf08000,0x00000000ebf80000)
  to   space 1024K, 0% used [0x00000000ebf80000,0x00000000ebf80000,0x00000000ec080000)
 ParOldGen       total 68608K, used 40162K [0x00000000c0000000, 0x00000000c4300000, 0x00000000eab00000)
  object space 68608K, 58% used [0x00000000c0000000,0x00000000c27389e0,0x00000000c4300000)
 Metaspace       used 62350K, committed 63616K, reserved 1114112K
  class space    used 7688K, committed 8256K, reserved 1048576K

Card table byte_map: [0x0000017621ea0000,0x00000176220b0000] _byte_map_base: 0x00000176218a0000

Marking Bits: (ParMarkBitMap*) 0x00007ff8a6b33260
 Begin Bits: [0x0000017622210000, 0x0000017623210000)
 End Bits:   [0x0000017623210000, 0x0000017624210000)

Polling page: 0x000001760deb0000

Metaspace:

Usage:
  Non-class:     53.38 MB used.
      Class:      7.51 MB used.
       Both:     60.89 MB used.

Virtual space:
  Non-class space:       64.00 MB reserved,      54.06 MB ( 84%) committed,  1 nodes.
      Class space:        1.00 GB reserved,       8.06 MB ( <1%) committed,  1 nodes.
             Both:        1.06 GB reserved,      62.12 MB (  6%) committed. 

Chunk freelists:
   Non-Class:  9.95 MB
       Class:  7.83 MB
        Both:  17.78 MB

MaxMetaspaceSize: unlimited
CompressedClassSpaceSize: 1.00 GB
Initial GC threshold: 21.00 MB
Current GC threshold: 97.31 MB
CDS: on
 - commit_granule_bytes: 65536.
 - commit_granule_words: 8192.
 - virtual_space_node_default_size: 8388608.
 - enlarge_chunks_in_place: 1.
 - use_allocation_guard: 0.


Internal statistics:

num_allocs_failed_limit: 9.
num_arena_births: 1044.
num_arena_deaths: 14.
num_vsnodes_births: 2.
num_vsnodes_deaths: 0.
num_space_committed: 994.
num_space_uncommitted: 0.
num_chunks_returned_to_freelist: 23.
num_chunks_taken_from_freelist: 3629.
num_chunk_merges: 15.
num_chunk_splits: 2428.
num_chunks_enlarged: 1617.
num_inconsistent_stats: 0.

CodeHeap 'non-profiled nmethods': size=119168Kb used=4884Kb max_used=4884Kb free=114283Kb
 bounds [0x000001761a860000, 0x000001761ad30000, 0x0000017621cc0000]
CodeHeap 'profiled nmethods': size=119104Kb used=13659Kb max_used=14156Kb free=105444Kb
 bounds [0x0000017612cc0000, 0x0000017613aa0000, 0x000001761a110000]
CodeHeap 'non-nmethods': size=7488Kb used=3072Kb max_used=3129Kb free=4415Kb
 bounds [0x000001761a110000, 0x000001761a430000, 0x000001761a860000]
 total_blobs=7488 nmethods=6804 adapters=587
 compilation: enabled
              stopped_count=0, restarted_count=0
 full_count=0

Compilation events (20 events):
Event: 6.299 Thread 0x0000017666cd6b90 7632       3       java.security.Provider::putPropertyStrings (214 bytes)
Event: 6.299 Thread 0x000001762460e830 7635   !   4       java.util.concurrent.ConcurrentHashMap::putVal (432 bytes)
Event: 6.299 Thread 0x0000017666b70300 nmethod 7628 0x0000017613456010 code [0x0000017613456240, 0x0000017613456a80]
Event: 6.299 Thread 0x0000017666b70300 7631       3       java.security.Provider::implRemoveService (149 bytes)
Event: 6.300 Thread 0x0000017666cd64f0 nmethod 7627 0x00000176135de590 code [0x00000176135de8e0, 0x00000176135dfff8]
Event: 6.300 Thread 0x0000017666b70300 nmethod 7631 0x0000017613541e10 code [0x00000176135420c0, 0x0000017613542d40]
Event: 6.300 Thread 0x0000017666cd64f0 7633       3       java.security.Provider::checkAndUpdateSecureRandom (88 bytes)
Event: 6.300 Thread 0x0000017666b70300 7634       3       sun.security.util.SecurityProviderConstants::getAliases (63 bytes)
Event: 6.300 Thread 0x000001766d1a7f30 nmethod 7629 0x0000017613130a90 code [0x0000017613130e20, 0x0000017613132358]
Event: 6.300 Thread 0x0000017666cd64f0 nmethod 7633 0x0000017613130310 code [0x00000176131304e0, 0x0000017613130880]
Event: 6.300 Thread 0x0000017666cd6b90 nmethod 7632 0x0000017613546890 code [0x0000017613546d80, 0x00000176135490b0]
Event: 6.300 Thread 0x0000017666b70300 nmethod 7634 0x0000017613658310 code [0x0000017613658580, 0x0000017613658e20]
Event: 6.301 Thread 0x0000017666b70300 7636       1       java.nio.DirectByteBuffer::attachment (5 bytes)
Event: 6.301 Thread 0x0000017666b70300 nmethod 7636 0x000001761ad23310 code [0x000001761ad234a0, 0x000001761ad23568]
Event: 6.305 Thread 0x0000017666cd6b90 7637       3       java.security.MessageDigest::update (11 bytes)
Event: 6.305 Thread 0x0000017666b70300 7638       3       java.security.MessageDigest$Delegate::engineUpdate (9 bytes)
Event: 6.305 Thread 0x000001766d1a7f30 7639       3       sun.security.provider.DigestBase::engineUpdate (32 bytes)
Event: 6.305 Thread 0x0000017666b70300 nmethod 7638 0x00000176135de010 code [0x00000176135de1c0, 0x00000176135de398]
Event: 6.305 Thread 0x0000017666cd6b90 nmethod 7637 0x00000176136fa790 code [0x00000176136fa940, 0x00000176136fac00]
Event: 6.305 Thread 0x000001766d1a7f30 nmethod 7639 0x0000017613618510 code [0x00000176136186c0, 0x0000017613618928]

GC Heap History (20 events):
Event: 4.666 GC heap before
{Heap before GC invocations=35 (full 3):
 PSYoungGen      total 20992K, used 20740K [0x00000000eab00000, 0x00000000ec100000, 0x0000000100000000)
  eden space 19968K, 100% used [0x00000000eab00000,0x00000000ebe80000,0x00000000ebe80000)
  from space 1024K, 75% used [0x00000000ebf00000,0x00000000ebfc1260,0x00000000ec000000)
  to   space 1024K, 0% used [0x00000000ec000000,0x00000000ec000000,0x00000000ec100000)
 ParOldGen       total 68608K, used 38276K [0x00000000c0000000, 0x00000000c4300000, 0x00000000eab00000)
  object space 68608K, 55% used [0x00000000c0000000,0x00000000c2561230,0x00000000c4300000)
 Metaspace       used 60664K, committed 61952K, reserved 1114112K
  class space    used 7437K, committed 8000K, reserved 1048576K
}
Event: 4.667 GC heap after
{Heap after GC invocations=35 (full 3):
 PSYoungGen      total 20992K, used 544K [0x00000000eab00000, 0x00000000ec100000, 0x0000000100000000)
  eden space 19968K, 0% used [0x00000000eab00000,0x00000000eab00000,0x00000000ebe80000)
  from space 1024K, 53% used [0x00000000ec000000,0x00000000ec088000,0x00000000ec100000)
  to   space 1024K, 0% used [0x00000000ebf00000,0x00000000ebf00000,0x00000000ec000000)
 ParOldGen       total 68608K, used 38509K [0x00000000c0000000, 0x00000000c4300000, 0x00000000eab00000)
  object space 68608K, 56% used [0x00000000c0000000,0x00000000c259b478,0x00000000c4300000)
 Metaspace       used 60664K, committed 61952K, reserved 1114112K
  class space    used 7437K, committed 8000K, reserved 1048576K
}
Event: 4.726 GC heap before
{Heap before GC invocations=36 (full 3):
 PSYoungGen      total 20992K, used 20512K [0x00000000eab00000, 0x00000000ec100000, 0x0000000100000000)
  eden space 19968K, 100% used [0x00000000eab00000,0x00000000ebe80000,0x00000000ebe80000)
  from space 1024K, 53% used [0x00000000ec000000,0x00000000ec088000,0x00000000ec100000)
  to   space 1024K, 0% used [0x00000000ebf00000,0x00000000ebf00000,0x00000000ec000000)
 ParOldGen       total 68608K, used 38509K [0x00000000c0000000, 0x00000000c4300000, 0x00000000eab00000)
  object space 68608K, 56% used [0x00000000c0000000,0x00000000c259b478,0x00000000c4300000)
 Metaspace       used 60915K, committed 62272K, reserved 1114112K
  class space    used 7477K, committed 8064K, reserved 1048576K
}
Event: 4.727 GC heap after
{Heap after GC invocations=36 (full 3):
 PSYoungGen      total 20992K, used 1016K [0x00000000eab00000, 0x00000000ec280000, 0x0000000100000000)
  eden space 19968K, 0% used [0x00000000eab00000,0x00000000eab00000,0x00000000ebe80000)
  from space 1024K, 99% used [0x00000000ebf00000,0x00000000ebffe118,0x00000000ec000000)
  to   space 2048K, 0% used [0x00000000ec080000,0x00000000ec080000,0x00000000ec280000)
 ParOldGen       total 68608K, used 39120K [0x00000000c0000000, 0x00000000c4300000, 0x00000000eab00000)
  object space 68608K, 57% used [0x00000000c0000000,0x00000000c26341a8,0x00000000c4300000)
 Metaspace       used 60915K, committed 62272K, reserved 1114112K
  class space    used 7477K, committed 8064K, reserved 1048576K
}
Event: 4.778 GC heap before
{Heap before GC invocations=37 (full 3):
 PSYoungGen      total 20992K, used 20984K [0x00000000eab00000, 0x00000000ec280000, 0x0000000100000000)
  eden space 19968K, 100% used [0x00000000eab00000,0x00000000ebe80000,0x00000000ebe80000)
  from space 1024K, 99% used [0x00000000ebf00000,0x00000000ebffe118,0x00000000ec000000)
  to   space 2048K, 0% used [0x00000000ec080000,0x00000000ec080000,0x00000000ec280000)
 ParOldGen       total 68608K, used 39120K [0x00000000c0000000, 0x00000000c4300000, 0x00000000eab00000)
  object space 68608K, 57% used [0x00000000c0000000,0x00000000c26341a8,0x00000000c4300000)
 Metaspace       used 60917K, committed 62272K, reserved 1114112K
  class space    used 7477K, committed 8064K, reserved 1048576K
}
Event: 4.779 GC heap after
{Heap after GC invocations=37 (full 3):
 PSYoungGen      total 21504K, used 1197K [0x00000000eab00000, 0x00000000ec200000, 0x0000000100000000)
  eden space 19968K, 0% used [0x00000000eab00000,0x00000000eab00000,0x00000000ebe80000)
  from space 1536K, 77% used [0x00000000ec080000,0x00000000ec1ab748,0x00000000ec200000)
  to   space 1536K, 0% used [0x00000000ebf00000,0x00000000ebf00000,0x00000000ec080000)
 ParOldGen       total 68608K, used 39344K [0x00000000c0000000, 0x00000000c4300000, 0x00000000eab00000)
  object space 68608K, 57% used [0x00000000c0000000,0x00000000c266c1a8,0x00000000c4300000)
 Metaspace       used 60917K, committed 62272K, reserved 1114112K
  class space    used 7477K, committed 8064K, reserved 1048576K
}
Event: 4.829 GC heap before
{Heap before GC invocations=38 (full 3):
 PSYoungGen      total 21504K, used 21165K [0x00000000eab00000, 0x00000000ec200000, 0x0000000100000000)
  eden space 19968K, 100% used [0x00000000eab00000,0x00000000ebe80000,0x00000000ebe80000)
  from space 1536K, 77% used [0x00000000ec080000,0x00000000ec1ab748,0x00000000ec200000)
  to   space 1536K, 0% used [0x00000000ebf00000,0x00000000ebf00000,0x00000000ec080000)
 ParOldGen       total 68608K, used 39344K [0x00000000c0000000, 0x00000000c4300000, 0x00000000eab00000)
  object space 68608K, 57% used [0x00000000c0000000,0x00000000c266c1a8,0x00000000c4300000)
 Metaspace       used 60920K, committed 62272K, reserved 1114112K
  class space    used 7477K, committed 8064K, reserved 1048576K
}
Event: 4.829 GC heap after
{Heap after GC invocations=38 (full 3):
 PSYoungGen      total 20992K, used 791K [0x00000000eab00000, 0x00000000ec100000, 0x0000000100000000)
  eden space 19968K, 0% used [0x00000000eab00000,0x00000000eab00000,0x00000000ebe80000)
  from space 1024K, 77% used [0x00000000ebf00000,0x00000000ebfc5cf8,0x00000000ec000000)
  to   space 1024K, 0% used [0x00000000ec000000,0x00000000ec000000,0x00000000ec100000)
 ParOldGen       total 68608K, used 39424K [0x00000000c0000000, 0x00000000c4300000, 0x00000000eab00000)
  object space 68608K, 57% used [0x00000000c0000000,0x00000000c26801a8,0x00000000c4300000)
 Metaspace       used 60920K, committed 62272K, reserved 1114112K
  class space    used 7477K, committed 8064K, reserved 1048576K
}
Event: 4.878 GC heap before
{Heap before GC invocations=39 (full 3):
 PSYoungGen      total 20992K, used 20759K [0x00000000eab00000, 0x00000000ec100000, 0x0000000100000000)
  eden space 19968K, 100% used [0x00000000eab00000,0x00000000ebe80000,0x00000000ebe80000)
  from space 1024K, 77% used [0x00000000ebf00000,0x00000000ebfc5cf8,0x00000000ec000000)
  to   space 1024K, 0% used [0x00000000ec000000,0x00000000ec000000,0x00000000ec100000)
 ParOldGen       total 68608K, used 39424K [0x00000000c0000000, 0x00000000c4300000, 0x00000000eab00000)
  object space 68608K, 57% used [0x00000000c0000000,0x00000000c26801a8,0x00000000c4300000)
 Metaspace       used 60920K, committed 62272K, reserved 1114112K
  class space    used 7477K, committed 8064K, reserved 1048576K
}
Event: 4.879 GC heap after
{Heap after GC invocations=39 (full 3):
 PSYoungGen      total 20480K, used 490K [0x00000000eab00000, 0x00000000ec080000, 0x0000000100000000)
  eden space 19968K, 0% used [0x00000000eab00000,0x00000000eab00000,0x00000000ebe80000)
  from space 512K, 95% used [0x00000000ec000000,0x00000000ec07a9a0,0x00000000ec080000)
  to   space 1024K, 0% used [0x00000000ebe80000,0x00000000ebe80000,0x00000000ebf80000)
 ParOldGen       total 68608K, used 39472K [0x00000000c0000000, 0x00000000c4300000, 0x00000000eab00000)
  object space 68608K, 57% used [0x00000000c0000000,0x00000000c268c1a8,0x00000000c4300000)
 Metaspace       used 60920K, committed 62272K, reserved 1114112K
  class space    used 7477K, committed 8064K, reserved 1048576K
}
Event: 4.929 GC heap before
{Heap before GC invocations=40 (full 3):
 PSYoungGen      total 20480K, used 20458K [0x00000000eab00000, 0x00000000ec080000, 0x0000000100000000)
  eden space 19968K, 100% used [0x00000000eab00000,0x00000000ebe80000,0x00000000ebe80000)
  from space 512K, 95% used [0x00000000ec000000,0x00000000ec07a9a0,0x00000000ec080000)
  to   space 1024K, 0% used [0x00000000ebe80000,0x00000000ebe80000,0x00000000ebf80000)
 ParOldGen       total 68608K, used 39472K [0x00000000c0000000, 0x00000000c4300000, 0x00000000eab00000)
  object space 68608K, 57% used [0x00000000c0000000,0x00000000c268c1a8,0x00000000c4300000)
 Metaspace       used 60921K, committed 62272K, reserved 1114112K
  class space    used 7477K, committed 8064K, reserved 1048576K
}
Event: 4.929 GC heap after
{Heap after GC invocations=40 (full 3):
 PSYoungGen      total 20992K, used 352K [0x00000000eab00000, 0x00000000ec080000, 0x0000000100000000)
  eden space 19968K, 0% used [0x00000000eab00000,0x00000000eab00000,0x00000000ebe80000)
  from space 1024K, 34% used [0x00000000ebe80000,0x00000000ebed8000,0x00000000ebf80000)
  to   space 512K, 0% used [0x00000000ec000000,0x00000000ec000000,0x00000000ec080000)
 ParOldGen       total 68608K, used 39544K [0x00000000c0000000, 0x00000000c4300000, 0x00000000eab00000)
  object space 68608K, 57% used [0x00000000c0000000,0x00000000c269e1a8,0x00000000c4300000)
 Metaspace       used 60921K, committed 62272K, reserved 1114112K
  class space    used 7477K, committed 8064K, reserved 1048576K
}
Event: 4.980 GC heap before
{Heap before GC invocations=41 (full 3):
 PSYoungGen      total 20992K, used 20320K [0x00000000eab00000, 0x00000000ec080000, 0x0000000100000000)
  eden space 19968K, 100% used [0x00000000eab00000,0x00000000ebe80000,0x00000000ebe80000)
  from space 1024K, 34% used [0x00000000ebe80000,0x00000000ebed8000,0x00000000ebf80000)
  to   space 512K, 0% used [0x00000000ec000000,0x00000000ec000000,0x00000000ec080000)
 ParOldGen       total 68608K, used 39544K [0x00000000c0000000, 0x00000000c4300000, 0x00000000eab00000)
  object space 68608K, 57% used [0x00000000c0000000,0x00000000c269e1a8,0x00000000c4300000)
 Metaspace       used 60928K, committed 62272K, reserved 1114112K
  class space    used 7477K, committed 8064K, reserved 1048576K
}
Event: 4.981 GC heap after
{Heap after GC invocations=41 (full 3):
 PSYoungGen      total 20480K, used 500K [0x00000000eab00000, 0x00000000ec080000, 0x0000000100000000)
  eden space 19968K, 0% used [0x00000000eab00000,0x00000000eab00000,0x00000000ebe80000)
  from space 512K, 97% used [0x00000000ec000000,0x00000000ec07d2a0,0x00000000ec080000)
  to   space 1024K, 0% used [0x00000000ebe80000,0x00000000ebe80000,0x00000000ebf80000)
 ParOldGen       total 68608K, used 39816K [0x00000000c0000000, 0x00000000c4300000, 0x00000000eab00000)
  object space 68608K, 58% used [0x00000000c0000000,0x00000000c26e2248,0x00000000c4300000)
 Metaspace       used 60928K, committed 62272K, reserved 1114112K
  class space    used 7477K, committed 8064K, reserved 1048576K
}
Event: 5.028 GC heap before
{Heap before GC invocations=42 (full 3):
 PSYoungGen      total 20480K, used 20468K [0x00000000eab00000, 0x00000000ec080000, 0x0000000100000000)
  eden space 19968K, 100% used [0x00000000eab00000,0x00000000ebe80000,0x00000000ebe80000)
  from space 512K, 97% used [0x00000000ec000000,0x00000000ec07d2a0,0x00000000ec080000)
  to   space 1024K, 0% used [0x00000000ebe80000,0x00000000ebe80000,0x00000000ebf80000)
 ParOldGen       total 68608K, used 39816K [0x00000000c0000000, 0x00000000c4300000, 0x00000000eab00000)
  object space 68608K, 58% used [0x00000000c0000000,0x00000000c26e2248,0x00000000c4300000)
 Metaspace       used 60928K, committed 62272K, reserved 1114112K
  class space    used 7477K, committed 8064K, reserved 1048576K
}
Event: 5.029 GC heap after
{Heap after GC invocations=42 (full 3):
 PSYoungGen      total 20992K, used 1009K [0x00000000eab00000, 0x00000000ec180000, 0x0000000100000000)
  eden space 19968K, 0% used [0x00000000eab00000,0x00000000eab00000,0x00000000ebe80000)
  from space 1024K, 98% used [0x00000000ebe80000,0x00000000ebf7c6e0,0x00000000ebf80000)
  to   space 1536K, 0% used [0x00000000ec000000,0x00000000ec000000,0x00000000ec180000)
 ParOldGen       total 68608K, used 40018K [0x00000000c0000000, 0x00000000c4300000, 0x00000000eab00000)
  object space 68608K, 58% used [0x00000000c0000000,0x00000000c27149e0,0x00000000c4300000)
 Metaspace       used 60928K, committed 62272K, reserved 1114112K
  class space    used 7477K, committed 8064K, reserved 1048576K
}
Event: 5.073 GC heap before
{Heap before GC invocations=43 (full 3):
 PSYoungGen      total 20992K, used 20977K [0x00000000eab00000, 0x00000000ec180000, 0x0000000100000000)
  eden space 19968K, 100% used [0x00000000eab00000,0x00000000ebe80000,0x00000000ebe80000)
  from space 1024K, 98% used [0x00000000ebe80000,0x00000000ebf7c6e0,0x00000000ebf80000)
  to   space 1536K, 0% used [0x00000000ec000000,0x00000000ec000000,0x00000000ec180000)
 ParOldGen       total 68608K, used 40018K [0x00000000c0000000, 0x00000000c4300000, 0x00000000eab00000)
  object space 68608K, 58% used [0x00000000c0000000,0x00000000c27149e0,0x00000000c4300000)
 Metaspace       used 60928K, committed 62272K, reserved 1114112K
  class space    used 7477K, committed 8064K, reserved 1048576K
}
Event: 5.074 GC heap after
{Heap after GC invocations=43 (full 3):
 PSYoungGen      total 21504K, used 1431K [0x00000000eab00000, 0x00000000ec180000, 0x0000000100000000)
  eden space 19968K, 0% used [0x00000000eab00000,0x00000000eab00000,0x00000000ebe80000)
  from space 1536K, 93% used [0x00000000ec000000,0x00000000ec165d20,0x00000000ec180000)
  to   space 1536K, 0% used [0x00000000ebe80000,0x00000000ebe80000,0x00000000ec000000)
 ParOldGen       total 68608K, used 40106K [0x00000000c0000000, 0x00000000c4300000, 0x00000000eab00000)
  object space 68608K, 58% used [0x00000000c0000000,0x00000000c272a9e0,0x00000000c4300000)
 Metaspace       used 60928K, committed 62272K, reserved 1114112K
  class space    used 7477K, committed 8064K, reserved 1048576K
}
Event: 5.179 GC heap before
{Heap before GC invocations=44 (full 3):
 PSYoungGen      total 21504K, used 21399K [0x00000000eab00000, 0x00000000ec180000, 0x0000000100000000)
  eden space 19968K, 100% used [0x00000000eab00000,0x00000000ebe80000,0x00000000ebe80000)
  from space 1536K, 93% used [0x00000000ec000000,0x00000000ec165d20,0x00000000ec180000)
  to   space 1536K, 0% used [0x00000000ebe80000,0x00000000ebe80000,0x00000000ec000000)
 ParOldGen       total 68608K, used 40106K [0x00000000c0000000, 0x00000000c4300000, 0x00000000eab00000)
  object space 68608K, 58% used [0x00000000c0000000,0x00000000c272a9e0,0x00000000c4300000)
 Metaspace       used 61754K, committed 63104K, reserved 1114112K
  class space    used 7612K, committed 8256K, reserved 1048576K
}
Event: 5.179 GC heap after
{Heap after GC invocations=44 (full 3):
 PSYoungGen      total 20992K, used 544K [0x00000000eab00000, 0x00000000ec080000, 0x0000000100000000)
  eden space 19968K, 0% used [0x00000000eab00000,0x00000000eab00000,0x00000000ebe80000)
  from space 1024K, 53% used [0x00000000ebe80000,0x00000000ebf08000,0x00000000ebf80000)
  to   space 1024K, 0% used [0x00000000ebf80000,0x00000000ebf80000,0x00000000ec080000)
 ParOldGen       total 68608K, used 40162K [0x00000000c0000000, 0x00000000c4300000, 0x00000000eab00000)
  object space 68608K, 58% used [0x00000000c0000000,0x00000000c27389e0,0x00000000c4300000)
 Metaspace       used 61754K, committed 63104K, reserved 1114112K
  class space    used 7612K, committed 8256K, reserved 1048576K
}

Dll operation events (15 events):
Event: 0.007 Loaded shared library c:\Users\GoldenDragon\.vscode\extensions\redhat.java-1.41.1-win32-x64\jre\21.0.6-win32-x86_64\bin\java.dll
Event: 0.040 Loaded shared library c:\Users\GoldenDragon\.vscode\extensions\redhat.java-1.41.1-win32-x64\jre\21.0.6-win32-x86_64\bin\zip.dll
Event: 0.050 Loaded shared library C:\Users\GoldenDragon\.vscode\extensions\redhat.java-1.41.1-win32-x64\jre\21.0.6-win32-x86_64\bin\instrument.dll
Event: 0.052 Loaded shared library C:\Users\GoldenDragon\.vscode\extensions\redhat.java-1.41.1-win32-x64\jre\21.0.6-win32-x86_64\bin\net.dll
Event: 0.056 Loaded shared library C:\Users\GoldenDragon\.vscode\extensions\redhat.java-1.41.1-win32-x64\jre\21.0.6-win32-x86_64\bin\nio.dll
Event: 0.057 Loaded shared library C:\Users\GoldenDragon\.vscode\extensions\redhat.java-1.41.1-win32-x64\jre\21.0.6-win32-x86_64\bin\zip.dll
Event: 0.065 Loaded shared library C:\Users\GoldenDragon\.vscode\extensions\redhat.java-1.41.1-win32-x64\jre\21.0.6-win32-x86_64\bin\jimage.dll
Event: 0.097 Loaded shared library c:\Users\GoldenDragon\.vscode\extensions\redhat.java-1.41.1-win32-x64\jre\21.0.6-win32-x86_64\bin\verify.dll
Event: 0.579 Loaded shared library C:\Users\GoldenDragon\AppData\Roaming\Code\User\globalStorage\redhat.java\1.41.1\config_win\org.eclipse.equinox.launcher\org.eclipse.equinox.launcher.win32.win32.x86_64_1.2.1300.v20250331-1702\eclipse_11911.dll
Event: 1.834 Loaded shared library C:\Users\GoldenDragon\.vscode\extensions\redhat.java-1.41.1-win32-x64\jre\21.0.6-win32-x86_64\bin\management.dll
Event: 1.835 Loaded shared library C:\Users\GoldenDragon\.vscode\extensions\redhat.java-1.41.1-win32-x64\jre\21.0.6-win32-x86_64\bin\management_ext.dll
Event: 1.966 Loaded shared library C:\Users\GoldenDragon\AppData\Local\Temp\jna--597210980\jna11170693731912932128.dll
Event: 3.599 Loaded shared library C:\Users\GoldenDragon\.gradle\native\c067742578af261105cb4f569cf0c3c89f3d7b1fecec35dd04571415982c5e48\windows-amd64\native-platform.dll
Event: 5.127 Loaded shared library C:\Users\GoldenDragon\.vscode\extensions\redhat.java-1.41.1-win32-x64\jre\21.0.6-win32-x86_64\bin\extnet.dll
Event: 6.289 Loaded shared library C:\Users\GoldenDragon\.vscode\extensions\redhat.java-1.41.1-win32-x64\jre\21.0.6-win32-x86_64\bin\sunmscapi.dll

Deoptimization events (20 events):
Event: 6.295 Thread 0x00000176729d0730 DEOPT PACKING pc=0x000001761a908f94 sp=0x0000004c2a1fc1b0
Event: 6.295 Thread 0x00000176729d0730 DEOPT UNPACKING pc=0x000001761a163aa2 sp=0x0000004c2a1fc158 mode 2
Event: 6.298 Thread 0x00000176729d0730 DEOPT PACKING pc=0x0000017613a52156 sp=0x0000004c2a1fc500
Event: 6.298 Thread 0x00000176729d0730 DEOPT UNPACKING pc=0x000001761a164242 sp=0x0000004c2a1fba10 mode 0
Event: 6.306 Thread 0x00000176729d0730 Uncommon trap: trap_request=0xffffff45 fr.pc=0x000001761abd7cf8 relative=0x0000000000000ab8
Event: 6.306 Thread 0x00000176729d0730 Uncommon trap: reason=unstable_if action=reinterpret pc=0x000001761abd7cf8 method=sun.nio.fs.WindowsPath.openForReadAttributeAccess(Z)J @ 5 c2
Event: 6.306 Thread 0x00000176729d0730 DEOPT PACKING pc=0x000001761abd7cf8 sp=0x0000004c2a1fdd30
Event: 6.306 Thread 0x00000176729d0730 DEOPT UNPACKING pc=0x000001761a163aa2 sp=0x0000004c2a1fdd08 mode 2
Event: 6.306 Thread 0x00000176729d0730 Uncommon trap: trap_request=0xffffff45 fr.pc=0x000001761abdc5e0 relative=0x0000000000000aa0
Event: 6.306 Thread 0x00000176729d0730 Uncommon trap: reason=unstable_if action=reinterpret pc=0x000001761abdc5e0 method=sun.nio.fs.WindowsNativeDispatcher.asNativeBuffer(Ljava/lang/String;)Lsun/nio/fs/NativeBuffer; @ 52 c2
Event: 6.306 Thread 0x00000176729d0730 DEOPT PACKING pc=0x000001761abdc5e0 sp=0x0000004c2a1fdcb0
Event: 6.306 Thread 0x00000176729d0730 DEOPT UNPACKING pc=0x000001761a163aa2 sp=0x0000004c2a1fdb58 mode 2
Event: 6.306 Thread 0x00000176729d0730 Uncommon trap: trap_request=0xffffff45 fr.pc=0x000001761abd5df0 relative=0x0000000000000670
Event: 6.306 Thread 0x00000176729d0730 Uncommon trap: reason=unstable_if action=reinterpret pc=0x000001761abd5df0 method=sun.nio.fs.WindowsFileAttributes.isReparsePoint(I)Z @ 5 c2
Event: 6.306 Thread 0x00000176729d0730 DEOPT PACKING pc=0x000001761abd5df0 sp=0x0000004c2a1fdd50
Event: 6.306 Thread 0x00000176729d0730 DEOPT UNPACKING pc=0x000001761a163aa2 sp=0x0000004c2a1fdc78 mode 2
Event: 6.306 Thread 0x00000176729d0730 Uncommon trap: trap_request=0xffffff45 fr.pc=0x000001761abbfaf8 relative=0x00000000000001b8
Event: 6.306 Thread 0x00000176729d0730 Uncommon trap: reason=unstable_if action=reinterpret pc=0x000001761abbfaf8 method=sun.nio.fs.NativeBuffers.getNativeBufferFromCache(I)Lsun/nio/fs/NativeBuffer; @ 34 c2
Event: 6.306 Thread 0x00000176729d0730 DEOPT PACKING pc=0x000001761abbfaf8 sp=0x0000004c2a1fdc60
Event: 6.306 Thread 0x00000176729d0730 DEOPT UNPACKING pc=0x000001761a163aa2 sp=0x0000004c2a1fdbe8 mode 2

Classes loaded (20 events):
Event: 6.302 Loading class com/sun/security/sasl/Provider$1
Event: 6.302 Loading class com/sun/security/sasl/Provider$1 done
Event: 6.302 Loading class com/sun/security/sasl/Provider$ProviderService
Event: 6.302 Loading class com/sun/security/sasl/Provider$ProviderService done
Event: 6.302 Loading class sun/security/provider/certpath/ldap/JdkLDAP
Event: 6.302 Loading class sun/security/provider/certpath/ldap/JdkLDAP done
Event: 6.302 Loading class sun/security/provider/certpath/ldap/JdkLDAP$ProviderService
Event: 6.303 Loading class sun/security/provider/certpath/ldap/JdkLDAP$ProviderService done
Event: 6.303 Loading class sun/nio/ch/ServerSocketChannelImpl
Event: 6.304 Loading class sun/nio/ch/ServerSocketChannelImpl done
Event: 6.305 Loading class java/nio/BufferMismatch
Event: 6.305 Loading class java/nio/BufferMismatch done
Event: 6.305 Loading class sun/nio/ch/SourceChannelImpl
Event: 6.305 Loading class java/nio/channels/Pipe$SourceChannel
Event: 6.305 Loading class java/nio/channels/Pipe$SourceChannel done
Event: 6.305 Loading class sun/nio/ch/SourceChannelImpl done
Event: 6.305 Loading class sun/nio/ch/SinkChannelImpl
Event: 6.306 Loading class java/nio/channels/Pipe$SinkChannel
Event: 6.306 Loading class java/nio/channels/Pipe$SinkChannel done
Event: 6.306 Loading class sun/nio/ch/SinkChannelImpl done

Classes unloaded (7 events):
Event: 1.569 Thread 0x00000176245f40e0 Unloading class 0x000001762619d400 'java/lang/invoke/LambdaForm$MH+0x000001762619d400'
Event: 1.569 Thread 0x00000176245f40e0 Unloading class 0x000001762619d000 'java/lang/invoke/LambdaForm$MH+0x000001762619d000'
Event: 1.569 Thread 0x00000176245f40e0 Unloading class 0x000001762619cc00 'java/lang/invoke/LambdaForm$MH+0x000001762619cc00'
Event: 1.569 Thread 0x00000176245f40e0 Unloading class 0x000001762619c800 'java/lang/invoke/LambdaForm$MH+0x000001762619c800'
Event: 1.569 Thread 0x00000176245f40e0 Unloading class 0x000001762619c400 'java/lang/invoke/LambdaForm$BMH+0x000001762619c400'
Event: 1.569 Thread 0x00000176245f40e0 Unloading class 0x000001762619c000 'java/lang/invoke/LambdaForm$DMH+0x000001762619c000'
Event: 1.569 Thread 0x00000176245f40e0 Unloading class 0x000001762619ac00 'java/lang/invoke/LambdaForm$DMH+0x000001762619ac00'

Classes redefined (0 events):
No events

Internal exceptions (20 events):
Event: 4.063 Thread 0x000001766f453140 Exception <a 'java/lang/NoSuchMethodError'{0x00000000eba11a00}: 'java.lang.Object java.lang.invoke.DirectMethodHandle$Holder.invokeVirtual(java.lang.Object, java.lang.Object, java.lang.Object, java.lang.Object, java.lang.Object, java.lang.Object, java.lang.Object, java.lang.Object, java.lang.Object, java.lang.Object, java.lang.Object)'> (0x00000000eba11a00) 
thrown [s\src\hotspot\share\interpreter\linkResolver.cpp, line 773]
Event: 4.065 Thread 0x000001766f453140 Exception <a 'java/lang/NoSuchMethodError'{0x00000000eba5bba8}: 'java.lang.Object java.lang.invoke.DirectMethodHandle$Holder.invokeStatic(java.lang.Object, java.lang.Object, java.lang.Object, java.lang.Object, java.lang.Object, java.lang.Object, java.lang.Object, java.lang.Object, java.lang.Object, java.lang.Object, java.lang.Object, java.lang.Object, java.lang.Object)'> (0x00000000eba5bba8) 
thrown [s\src\hotspot\share\interpreter\linkResolver.cpp, line 773]
Event: 4.142 Thread 0x000001766f453e60 Exception <a 'java/lang/NoSuchMethodError'{0x00000000eb4944b0}: 'void java.lang.invoke.DirectMethodHandle$Holder.invokeStatic(java.lang.Object, long)'> (0x00000000eb4944b0) 
thrown [s\src\hotspot\share\interpreter\linkResolver.cpp, line 773]
Event: 4.206 Thread 0x000001766f453e60 Exception <a 'java/lang/NoSuchMethodError'{0x00000000eb4b81b0}: 'void java.lang.invoke.DirectMethodHandle$Holder.invokeSpecial(java.lang.Object, java.lang.Object, int)'> (0x00000000eb4b81b0) 
thrown [s\src\hotspot\share\interpreter\linkResolver.cpp, line 773]
Event: 4.206 Thread 0x000001766f453e60 Exception <a 'java/lang/NoSuchMethodError'{0x00000000eb4bd5d8}: 'java.lang.Object java.lang.invoke.DirectMethodHandle$Holder.newInvokeSpecial(java.lang.Object, java.lang.Object, int)'> (0x00000000eb4bd5d8) 
thrown [s\src\hotspot\share\interpreter\linkResolver.cpp, line 773]
Event: 4.237 Thread 0x000001766f450350 Exception <a 'java/lang/NoSuchMethodError'{0x00000000eb84c410}: 'java.lang.Object java.lang.invoke.DirectMethodHandle$Holder.invokeStaticInit(java.lang.Object, int)'> (0x00000000eb84c410) 
thrown [s\src\hotspot\share\interpreter\linkResolver.cpp, line 773]
Event: 4.238 Thread 0x000001766f450350 Exception <a 'sun/nio/fs/WindowsException'{0x00000000eb880f58}> (0x00000000eb880f58) 
thrown [s\src\hotspot\share\prims\jni.cpp, line 520]
Event: 4.240 Thread 0x000001766f4558a0 Exception <a 'sun/nio/fs/WindowsException'{0x00000000eb8dc098}> (0x00000000eb8dc098) 
thrown [s\src\hotspot\share\prims\jni.cpp, line 520]
Event: 4.252 Thread 0x000001766f450350 Exception <a 'sun/nio/fs/WindowsException'{0x00000000eb9aee60}> (0x00000000eb9aee60) 
thrown [s\src\hotspot\share\prims\jni.cpp, line 520]
Event: 4.254 Thread 0x000001766f450350 Exception <a 'sun/nio/fs/WindowsException'{0x00000000eb9e0560}> (0x00000000eb9e0560) 
thrown [s\src\hotspot\share\prims\jni.cpp, line 520]
Event: 4.255 Thread 0x000001766f450350 Exception <a 'sun/nio/fs/WindowsException'{0x00000000eb9ead18}> (0x00000000eb9ead18) 
thrown [s\src\hotspot\share\prims\jni.cpp, line 520]
Event: 4.292 Thread 0x000001766f450350 Exception <a 'sun/nio/fs/WindowsException'{0x00000000ebbdacc0}> (0x00000000ebbdacc0) 
thrown [s\src\hotspot\share\prims\jni.cpp, line 520]
Event: 4.296 Thread 0x000001766f450350 Exception <a 'java/io/FileNotFoundException'{0x00000000ebc49fe0}> (0x00000000ebc49fe0) 
thrown [s\src\hotspot\share\prims\jni.cpp, line 520]
Event: 4.296 Thread 0x000001766f450350 Exception <a 'java/io/FileNotFoundException'{0x00000000ebc4b2c8}> (0x00000000ebc4b2c8) 
thrown [s\src\hotspot\share\prims\jni.cpp, line 520]
Event: 4.296 Thread 0x000001766f450350 Exception <a 'java/io/FileNotFoundException'{0x00000000ebc4c310}> (0x00000000ebc4c310) 
thrown [s\src\hotspot\share\prims\jni.cpp, line 520]
Event: 4.314 Thread 0x000001766f450350 Exception <a 'sun/nio/fs/WindowsException'{0x00000000ebdd7448}> (0x00000000ebdd7448) 
thrown [s\src\hotspot\share\prims\jni.cpp, line 520]
Event: 4.683 Thread 0x00000176729d0730 Exception <a 'java/lang/NoSuchMethodError'{0x00000000eaf4dcb8}: 'long java.lang.invoke.DirectMethodHandle$Holder.invokeSpecial(java.lang.Object, java.lang.Object)'> (0x00000000eaf4dcb8) 
thrown [s\src\hotspot\share\interpreter\linkResolver.cpp, line 773]
Event: 4.684 Thread 0x00000176729d0730 Exception <a 'java/lang/NoSuchMethodError'{0x00000000eaf510f0}: 'long java.lang.invoke.Invokers$Holder.invokeExact_MT(java.lang.Object, java.lang.Object)'> (0x00000000eaf510f0) 
thrown [s\src\hotspot\share\interpreter\linkResolver.cpp, line 773]
Event: 5.113 Thread 0x00000176729d0730 Exception <a 'java/lang/NoSuchMethodError'{0x00000000eb616a58}: 'long java.lang.invoke.DirectMethodHandle$Holder.invokeVirtual(java.lang.Object, java.lang.Object)'> (0x00000000eb616a58) 
thrown [s\src\hotspot\share\interpreter\linkResolver.cpp, line 773]
Event: 5.114 Thread 0x00000176729d0730 Exception <a 'java/lang/NoSuchMethodError'{0x00000000eb619e58}: 'long java.lang.invoke.DelegatingMethodHandle$Holder.reinvoke_L(java.lang.Object, java.lang.Object)'> (0x00000000eb619e58) 
thrown [s\src\hotspot\share\interpreter\linkResolver.cpp, line 773]

ZGC Phase Switch (0 events):
No events

VM Operations (20 events):
Event: 4.829 Executing VM operation: ParallelGCFailedAllocation (Allocation Failure)
Event: 4.829 Executing VM operation: ParallelGCFailedAllocation (Allocation Failure) done
Event: 4.878 Executing VM operation: ParallelGCFailedAllocation (Allocation Failure)
Event: 4.879 Executing VM operation: ParallelGCFailedAllocation (Allocation Failure) done
Event: 4.929 Executing VM operation: ParallelGCFailedAllocation (Allocation Failure)
Event: 4.929 Executing VM operation: ParallelGCFailedAllocation (Allocation Failure) done
Event: 4.980 Executing VM operation: ParallelGCFailedAllocation (Allocation Failure)
Event: 4.981 Executing VM operation: ParallelGCFailedAllocation (Allocation Failure) done
Event: 5.028 Executing VM operation: ParallelGCFailedAllocation (Allocation Failure)
Event: 5.029 Executing VM operation: ParallelGCFailedAllocation (Allocation Failure) done
Event: 5.073 Executing VM operation: ParallelGCFailedAllocation (Allocation Failure)
Event: 5.074 Executing VM operation: ParallelGCFailedAllocation (Allocation Failure) done
Event: 5.179 Executing VM operation: ParallelGCFailedAllocation (Allocation Failure)
Event: 5.179 Executing VM operation: ParallelGCFailedAllocation (Allocation Failure) done
Event: 5.772 Executing VM operation: HandshakeAllThreads (Deoptimize)
Event: 5.772 Executing VM operation: HandshakeAllThreads (Deoptimize) done
Event: 6.286 Executing VM operation: HandshakeAllThreads (Deoptimize)
Event: 6.286 Executing VM operation: HandshakeAllThreads (Deoptimize) done
Event: 6.286 Executing VM operation: Cleanup
Event: 6.286 Executing VM operation: Cleanup done

Memory protections (0 events):
No events

Nmethod flushes (20 events):
Event: 4.526 Thread 0x00000176245f40e0 flushing  nmethod 0x0000017613618510
Event: 4.526 Thread 0x00000176245f40e0 flushing  nmethod 0x0000017613622d90
Event: 4.526 Thread 0x00000176245f40e0 flushing  nmethod 0x0000017613639290
Event: 4.526 Thread 0x00000176245f40e0 flushing  nmethod 0x0000017613658310
Event: 4.526 Thread 0x00000176245f40e0 flushing  nmethod 0x0000017613698e90
Event: 4.526 Thread 0x00000176245f40e0 flushing  nmethod 0x000001761369a990
Event: 4.526 Thread 0x00000176245f40e0 flushing  nmethod 0x000001761369c290
Event: 4.526 Thread 0x00000176245f40e0 flushing  nmethod 0x000001761369c710
Event: 4.526 Thread 0x00000176245f40e0 flushing  nmethod 0x000001761369ca90
Event: 4.526 Thread 0x00000176245f40e0 flushing  nmethod 0x000001761369d490
Event: 4.526 Thread 0x00000176245f40e0 flushing  nmethod 0x000001761369de90
Event: 4.526 Thread 0x00000176245f40e0 flushing  nmethod 0x000001761369e890
Event: 4.526 Thread 0x00000176245f40e0 flushing  nmethod 0x00000176136b0a90
Event: 4.526 Thread 0x00000176245f40e0 flushing  nmethod 0x00000176136be790
Event: 4.526 Thread 0x00000176245f40e0 flushing  nmethod 0x00000176136bfd10
Event: 4.526 Thread 0x00000176245f40e0 flushing  nmethod 0x00000176136fa790
Event: 4.526 Thread 0x00000176245f40e0 flushing  nmethod 0x00000176136fb210
Event: 4.526 Thread 0x00000176245f40e0 flushing  nmethod 0x00000176136fc590
Event: 4.526 Thread 0x00000176245f40e0 flushing  nmethod 0x000001761370db90
Event: 4.526 Thread 0x00000176245f40e0 flushing  nmethod 0x0000017613711090

Events (20 events):
Event: 4.239 Thread 0x000001766f453140 Thread added: 0x000001766f4544f0
Event: 4.240 Thread 0x000001766f4544f0 Thread added: 0x000001766f4558a0
Event: 4.318 Thread 0x000001766f450350 Thread added: 0x000001766f454b80
Event: 4.319 Thread 0x000001766f450350 Thread added: 0x000001766f455f30
Event: 4.330 Thread 0x000001766f455f30 Thread exited: 0x000001766f455f30
Event: 4.331 Thread 0x000001766f450350 Thread added: 0x000001766f455f30
Event: 4.332 Thread 0x000001766f450350 Thread added: 0x00000176729d0730
Event: 4.668 Thread 0x000001766f18f100 Thread exited: 0x000001766f18f100
Event: 4.668 Thread 0x000001766f1919e0 Thread exited: 0x000001766f1919e0
Event: 5.096 Thread 0x000001766f191310 Thread exited: 0x000001766f191310
Event: 5.096 Thread 0x000001766f18ea30 Thread exited: 0x000001766f18ea30
Event: 5.118 Thread 0x00000176729d0730 Thread added: 0x00000176729ce660
Event: 5.174 Thread 0x00000176729d0730 Thread added: 0x00000176729d00a0
Event: 5.180 Thread 0x00000176729d00a0 Thread added: 0x00000176729d1450
Event: 5.180 Thread 0x00000176729d00a0 Thread added: 0x00000176729cecf0
Event: 5.180 Thread 0x00000176729d1450 Thread exited: 0x00000176729d1450
Event: 5.290 Thread 0x000001766d3ce8c0 Thread exited: 0x000001766d3ce8c0
Event: 5.393 Thread 0x0000017666cfb2c0 Thread exited: 0x0000017666cfb2c0
Event: 6.256 Thread 0x00000176729d00a0 Thread exited: 0x00000176729d00a0
Event: 6.256 Thread 0x00000176729cecf0 Thread exited: 0x00000176729cecf0


Dynamic libraries:
0x00007ff663cc0000 - 0x00007ff663cce000 	c:\Users\GoldenDragon\.vscode\extensions\redhat.java-1.41.1-win32-x64\jre\21.0.6-win32-x86_64\bin\java.exe
0x00007ff9396c0000 - 0x00007ff939920000 	C:\WINDOWS\SYSTEM32\ntdll.dll
0x00007ff937bd0000 - 0x00007ff937c97000 	C:\WINDOWS\System32\KERNEL32.DLL
0x00007ff936a10000 - 0x00007ff936ddb000 	C:\WINDOWS\System32\KERNELBASE.dll
0x00007ff937370000 - 0x00007ff9374bb000 	C:\WINDOWS\System32\ucrtbase.dll
0x00007ff9234a0000 - 0x00007ff9234b8000 	c:\Users\GoldenDragon\.vscode\extensions\redhat.java-1.41.1-win32-x64\jre\21.0.6-win32-x86_64\bin\jli.dll
0x00007ff91c130000 - 0x00007ff91c14e000 	c:\Users\GoldenDragon\.vscode\extensions\redhat.java-1.41.1-win32-x64\jre\21.0.6-win32-x86_64\bin\VCRUNTIME140.dll
0x00007ff938e60000 - 0x00007ff93902c000 	C:\WINDOWS\System32\USER32.dll
0x00007ff91d4b0000 - 0x00007ff91d747000 	C:\WINDOWS\WinSxS\amd64_microsoft.windows.common-controls_6595b64144ccf1df_6.0.26100.3624_none_3e086962e3345f24\COMCTL32.dll
0x00007ff937130000 - 0x00007ff937157000 	C:\WINDOWS\System32\win32u.dll
0x00007ff937ca0000 - 0x00007ff937cca000 	C:\WINDOWS\System32\GDI32.dll
0x00007ff937670000 - 0x00007ff937719000 	C:\WINDOWS\System32\msvcrt.dll
0x00007ff936ff0000 - 0x00007ff937121000 	C:\WINDOWS\System32\gdi32full.dll
0x00007ff936960000 - 0x00007ff936a03000 	C:\WINDOWS\System32\msvcp_win.dll
0x00007ff938160000 - 0x00007ff93818f000 	C:\WINDOWS\System32\IMM32.DLL
0x00007ff927a60000 - 0x00007ff927a6c000 	c:\Users\GoldenDragon\.vscode\extensions\redhat.java-1.41.1-win32-x64\jre\21.0.6-win32-x86_64\bin\vcruntime140_1.dll
0x00007ff8d6c40000 - 0x00007ff8d6ccd000 	c:\Users\GoldenDragon\.vscode\extensions\redhat.java-1.41.1-win32-x64\jre\21.0.6-win32-x86_64\bin\msvcp140.dll
0x00007ff8a5e80000 - 0x00007ff8a6c10000 	c:\Users\GoldenDragon\.vscode\extensions\redhat.java-1.41.1-win32-x64\jre\21.0.6-win32-x86_64\bin\server\jvm.dll
0x00007ff939510000 - 0x00007ff9395c3000 	C:\WINDOWS\System32\ADVAPI32.dll
0x00007ff9395d0000 - 0x00007ff939676000 	C:\WINDOWS\System32\sechost.dll
0x00007ff9393f0000 - 0x00007ff939506000 	C:\WINDOWS\System32\RPCRT4.dll
0x00007ff937d80000 - 0x00007ff937df4000 	C:\WINDOWS\System32\WS2_32.dll
0x00007ff936670000 - 0x00007ff9366ce000 	C:\WINDOWS\SYSTEM32\POWRPROF.dll
0x00007ff91ed30000 - 0x00007ff91ed3b000 	C:\WINDOWS\SYSTEM32\VERSION.dll
0x00007ff92cdb0000 - 0x00007ff92cde6000 	C:\WINDOWS\SYSTEM32\WINMM.dll
0x00007ff936540000 - 0x00007ff936554000 	C:\WINDOWS\SYSTEM32\UMPDC.dll
0x00007ff9356b0000 - 0x00007ff9356ca000 	C:\WINDOWS\SYSTEM32\kernel.appcore.dll
0x00007ff925920000 - 0x00007ff92592a000 	c:\Users\GoldenDragon\.vscode\extensions\redhat.java-1.41.1-win32-x64\jre\21.0.6-win32-x86_64\bin\jimage.dll
0x00007ff934000000 - 0x00007ff934241000 	C:\WINDOWS\SYSTEM32\DBGHELP.DLL
0x00007ff939030000 - 0x00007ff9393b3000 	C:\WINDOWS\System32\combase.dll
0x00007ff937830000 - 0x00007ff937906000 	C:\WINDOWS\System32\OLEAUT32.dll
0x00007ff91ed60000 - 0x00007ff91ed99000 	C:\WINDOWS\SYSTEM32\dbgcore.DLL
0x00007ff936f50000 - 0x00007ff936fe9000 	C:\WINDOWS\System32\bcryptPrimitives.dll
0x00007ff91c3c0000 - 0x00007ff91c3cf000 	c:\Users\GoldenDragon\.vscode\extensions\redhat.java-1.41.1-win32-x64\jre\21.0.6-win32-x86_64\bin\instrument.dll
0x00007ff91c110000 - 0x00007ff91c12f000 	c:\Users\GoldenDragon\.vscode\extensions\redhat.java-1.41.1-win32-x64\jre\21.0.6-win32-x86_64\bin\java.dll
0x00007ff9381a0000 - 0x00007ff9388c9000 	C:\WINDOWS\System32\SHELL32.dll
0x00007ff936de0000 - 0x00007ff936f48000 	C:\WINDOWS\System32\wintypes.dll
0x00007ff934580000 - 0x00007ff934dd2000 	C:\WINDOWS\SYSTEM32\windows.storage.dll
0x00007ff9388d0000 - 0x00007ff9389bd000 	C:\WINDOWS\System32\SHCORE.dll
0x00007ff937b50000 - 0x00007ff937bb4000 	C:\WINDOWS\System32\shlwapi.dll
0x00007ff9367b0000 - 0x00007ff9367df000 	C:\WINDOWS\SYSTEM32\profapi.dll
0x00007ff8feab0000 - 0x00007ff8feac8000 	c:\Users\GoldenDragon\.vscode\extensions\redhat.java-1.41.1-win32-x64\jre\21.0.6-win32-x86_64\bin\zip.dll
0x00007ff91c0b0000 - 0x00007ff91c0c0000 	C:\Users\GoldenDragon\.vscode\extensions\redhat.java-1.41.1-win32-x64\jre\21.0.6-win32-x86_64\bin\net.dll
0x00007ff92e630000 - 0x00007ff92e74d000 	C:\WINDOWS\SYSTEM32\WINHTTP.dll
0x0000000180000000 - 0x000000018008c000 	C:\WINDOWS\system32\ASProxy64.dll
0x00007ff9379b0000 - 0x00007ff937b46000 	C:\WINDOWS\System32\ole32.dll
0x00007ff935bd0000 - 0x00007ff935c3a000 	C:\WINDOWS\SYSTEM32\MSWSOCK.dll
0x00007ff935130000 - 0x00007ff935163000 	C:\WINDOWS\SYSTEM32\IPHLPAPI.DLL
0x00007ff935950000 - 0x00007ff935999000 	C:\WINDOWS\SYSTEM32\SspiCli.dll
0x00007ff8fa980000 - 0x00007ff8fa996000 	C:\Users\GoldenDragon\.vscode\extensions\redhat.java-1.41.1-win32-x64\jre\21.0.6-win32-x86_64\bin\nio.dll
0x00007ff91b210000 - 0x00007ff91b220000 	c:\Users\GoldenDragon\.vscode\extensions\redhat.java-1.41.1-win32-x64\jre\21.0.6-win32-x86_64\bin\verify.dll
0x00007ff9335a0000 - 0x00007ff93364e000 	C:\WINDOWS\system32\uxtheme.dll
0x00007ff8d7630000 - 0x00007ff8d7675000 	C:\Users\GoldenDragon\AppData\Roaming\Code\User\globalStorage\redhat.java\1.41.1\config_win\org.eclipse.equinox.launcher\org.eclipse.equinox.launcher.win32.win32.x86_64_1.2.1300.v20250331-1702\eclipse_11911.dll
0x00007ff935e70000 - 0x00007ff935e8c000 	C:\WINDOWS\SYSTEM32\CRYPTSP.dll
0x00007ff935610000 - 0x00007ff93564a000 	C:\WINDOWS\system32\rsaenh.dll
0x00007ff935c70000 - 0x00007ff935c9b000 	C:\WINDOWS\SYSTEM32\USERENV.dll
0x00007ff936120000 - 0x00007ff936146000 	C:\WINDOWS\SYSTEM32\bcrypt.dll
0x00007ff935e90000 - 0x00007ff935e9c000 	C:\WINDOWS\SYSTEM32\CRYPTBASE.dll
0x00007ff9389c0000 - 0x00007ff9389ca000 	C:\WINDOWS\System32\NSI.dll
0x00007ff925a30000 - 0x00007ff925a3a000 	C:\Users\GoldenDragon\.vscode\extensions\redhat.java-1.41.1-win32-x64\jre\21.0.6-win32-x86_64\bin\management.dll
0x00007ff91a8e0000 - 0x00007ff91a8eb000 	C:\Users\GoldenDragon\.vscode\extensions\redhat.java-1.41.1-win32-x64\jre\21.0.6-win32-x86_64\bin\management_ext.dll
0x00007ff937bc0000 - 0x00007ff937bc8000 	C:\WINDOWS\System32\PSAPI.DLL
0x00007ff8d6e80000 - 0x00007ff8d6ec9000 	C:\Users\GoldenDragon\AppData\Local\Temp\jna--597210980\jna11170693731912932128.dll
0x00007ff926db0000 - 0x00007ff926dcf000 	C:\WINDOWS\SYSTEM32\dhcpcsvc6.DLL
0x00007ff926740000 - 0x00007ff926765000 	C:\WINDOWS\SYSTEM32\dhcpcsvc.DLL
0x00007ff8d98b0000 - 0x00007ff8d98d7000 	C:\Users\GoldenDragon\.gradle\native\c067742578af261105cb4f569cf0c3c89f3d7b1fecec35dd04571415982c5e48\windows-amd64\native-platform.dll
0x00007ff91a3d0000 - 0x00007ff91a3d9000 	C:\Users\GoldenDragon\.vscode\extensions\redhat.java-1.41.1-win32-x64\jre\21.0.6-win32-x86_64\bin\extnet.dll
0x00007ff907000000 - 0x00007ff90700e000 	C:\Users\GoldenDragon\.vscode\extensions\redhat.java-1.41.1-win32-x64\jre\21.0.6-win32-x86_64\bin\sunmscapi.dll
0x00007ff9371f0000 - 0x00007ff937367000 	C:\WINDOWS\System32\CRYPT32.dll
0x00007ff9360e0000 - 0x00007ff936110000 	C:\WINDOWS\SYSTEM32\ncrypt.dll
0x00007ff936090000 - 0x00007ff9360cf000 	C:\WINDOWS\SYSTEM32\NTASN1.dll
0x00007ff91b0a0000 - 0x00007ff91b0a8000 	C:\WINDOWS\system32\wshunix.dll

dbghelp: loaded successfully - version: 4.0.5 - missing functions: none
symbol engine: initialized successfully - sym options: 0x614 - pdb path: .;c:\Users\GoldenDragon\.vscode\extensions\redhat.java-1.41.1-win32-x64\jre\21.0.6-win32-x86_64\bin;C:\WINDOWS\SYSTEM32;C:\WINDOWS\WinSxS\amd64_microsoft.windows.common-controls_6595b64144ccf1df_6.0.26100.3624_none_3e086962e3345f24;c:\Users\GoldenDragon\.vscode\extensions\redhat.java-1.41.1-win32-x64\jre\21.0.6-win32-x86_64\bin\server;C:\Users\GoldenDragon\AppData\Roaming\Code\User\globalStorage\redhat.java\1.41.1\config_win\org.eclipse.equinox.launcher\org.eclipse.equinox.launcher.win32.win32.x86_64_1.2.1300.v20250331-1702;C:\Users\GoldenDragon\AppData\Local\Temp\jna--597210980;C:\Users\GoldenDragon\.gradle\native\c067742578af261105cb4f569cf0c3c89f3d7b1fecec35dd04571415982c5e48\windows-amd64

VM Arguments:
jvm_args: --add-modules=ALL-SYSTEM --add-opens=java.base/java.util=ALL-UNNAMED --add-opens=java.base/java.lang=ALL-UNNAMED --add-opens=java.base/sun.nio.fs=ALL-UNNAMED -Declipse.application=org.eclipse.jdt.ls.core.id1 -Dosgi.bundles.defaultStartLevel=4 -Declipse.product=org.eclipse.jdt.ls.core.product -Djava.import.generatesMetadataFilesAtProjectRoot=false -DDetectVMInstallationsJob.disabled=true -Dfile.encoding=utf8 -XX:+UseParallelGC -XX:GCTimeRatio=4 -XX:AdaptiveSizePolicyWeight=90 -Dsun.zip.disableMemoryMapping=true -Xmx1G -Xms100m -Xlog:disable -javaagent:c:\Users\GoldenDragon\.vscode\extensions\redhat.java-1.41.1-win32-x64\lombok\lombok-1.18.36.jar -XX:+HeapDumpOnOutOfMemoryError -XX:HeapDumpPath=c:\Users\GoldenDragon\AppData\Roaming\Code\User\workspaceStorage\22e452b2e6e0a7ca38ef7605ba2d858a\redhat.java -Daether.dependencyCollector.impl=bf 
java_command: c:\Users\GoldenDragon\.vscode\extensions\redhat.java-1.41.1-win32-x64\server\plugins\org.eclipse.equinox.launcher_1.7.0.v20250331-1702.jar -configuration c:\Users\GoldenDragon\AppData\Roaming\Code\User\globalStorage\redhat.java\1.41.1\config_win -data c:\Users\GoldenDragon\AppData\Roaming\Code\User\workspaceStorage\22e452b2e6e0a7ca38ef7605ba2d858a\redhat.java\jdt_ws --pipe=\\.\pipe\lsp-c8c7e8eeebfd69280eee3eef28e8b6ea-sock
java_class_path (initial): c:\Users\GoldenDragon\.vscode\extensions\redhat.java-1.41.1-win32-x64\server\plugins\org.eclipse.equinox.launcher_1.7.0.v20250331-1702.jar
Launcher Type: SUN_STANDARD

[Global flags]
    uintx AdaptiveSizePolicyWeight                 = 90                                        {product} {command line}
     intx CICompilerCount                          = 12                                        {product} {ergonomic}
    uintx GCTimeRatio                              = 4                                         {product} {command line}
     bool HeapDumpOnOutOfMemoryError               = true                                   {manageable} {command line}
    ccstr HeapDumpPath                             = c:\Users\GoldenDragon\AppData\Roaming\Code\User\workspaceStorage\22e452b2e6e0a7ca38ef7605ba2d858a\redhat.java         {manageable} {command line}
   size_t InitialHeapSize                          = 104857600                                 {product} {command line}
   size_t MaxHeapSize                              = 1073741824                                {product} {command line}
   size_t MaxNewSize                               = 357564416                                 {product} {ergonomic}
   size_t MinHeapDeltaBytes                        = 524288                                    {product} {ergonomic}
   size_t MinHeapSize                              = 104857600                                 {product} {command line}
   size_t NewSize                                  = 34603008                                  {product} {ergonomic}
    uintx NonNMethodCodeHeapSize                   = 7602480                                {pd product} {ergonomic}
    uintx NonProfiledCodeHeapSize                  = 122027880                              {pd product} {ergonomic}
   size_t OldSize                                  = 70254592                                  {product} {ergonomic}
    uintx ProfiledCodeHeapSize                     = 122027880                              {pd product} {ergonomic}
    uintx ReservedCodeCacheSize                    = 251658240                              {pd product} {ergonomic}
     bool SegmentedCodeCache                       = true                                      {product} {ergonomic}
   size_t SoftMaxHeapSize                          = 1073741824                             {manageable} {ergonomic}
     bool UseCompressedOops                        = true                           {product lp64_product} {ergonomic}
     bool UseLargePagesIndividualAllocation        = false                                  {pd product} {ergonomic}
     bool UseParallelGC                            = true                                      {product} {command line}

Logging:
Log output configuration:
 #0: stdout all=off uptime,level,tags foldmultilines=false
 #1: stderr all=off uptime,level,tags foldmultilines=false

Environment Variables:
JAVA_HOME=C:\Program Files\Java\jdk-17\
PATH=C:\Program Files\Common Files\Oracle\Java\javapath;C:\Program Files (x86)\VMware\VMware Workstation\bin\;c:\Users\GoldenDragon\AppData\Local\Programs\cursor\resources\app\bin;C:\Windows\system32;C:\Windows;C:\Windows\System32\Wbem;C:\Windows\System32\WindowsPowerShell\v1.0\;C:\Windows\System32\OpenSSH\;C:\Program Files (x86)\NetSarang\Xshell 7\;C:\Program Files (x86)\NetSarang\Xftp 7\;C:\Program Files (x86)\NetSarang\Xlpd 7\;C:\Program Files\Git\cmd;D:\Development\Android\SDK\2024.1.1\platform-tools;C:\Program Files (x86)\NetSarang\Xmanager 7\;C:\Program Files (x86)\curl-8.9.1_1-win64-mingw\curl-8.9.1_1-win64-mingw\bin\;C:\ProgramData\chocolatey\bin;C:\Users\GoldenDragon\AppData\Roaming\nvm;C:\Program Files\nodejs;C:\Users\GoldenDragon\AppData\Local\Programs\Python\Launcher\;C:\Users\GoldenDragon\AppData\Local\Microsoft\WindowsApps;c:\Users\GoldenDragon\AppData\Local\Programs\curso;C:\Program Files\php\;C:\Python27\;C:\Python27\Scripts\;C:\Program Files\PostgreSQL\17\bin;C:\Program Files\nodejs\;C:\Program Files\MongoDB\Server\8.0\bin\;C:\Program Files\TortoiseGit\bin;C:\Program Files\Java\jdk-23\bin\;C:\Program Files\Tesseract-OCR\;C:\WINDOWS\system32;C:\WINDOWS;C:\WINDOWS\System32\Wbem;C:\WINDOWS\System32\WindowsPowerShell\v1.0\;C:\WINDOWS\System32\OpenSSH\;C:\Users\GoldenDragon\AppData\Local\Programs\Python\Python312\Scripts\;C:\Users\GoldenDragon\AppData\Local\Programs\Python\Python312\;C:\Users\GoldenDragon\AppData\Local\Microsoft\WindowsApps;C:\Users\GoldenDragon\AppData\Local\Programs\Microsoft VS Code\bin;C:\Users\GoldenDragon\AppData\Roaming\nvm;C:\Program Files\nodejs;C:\Users\GoldenDragon\AppData\Roaming\npm;;C:\Program Files\JetBrains\PyCharm Community Edition 2024.2.4\bin;;C:\Program Files\JetBrains\IntelliJ IDEA Community Edition 2021.1.3\bin;
USERNAME=GoldenDragon
OS=Windows_NT
PROCESSOR_IDENTIFIER=Intel64 Family 6 Model 151 Stepping 2, GenuineIntel
TMP=C:\Users\GOLDEN~1\AppData\Local\Temp
TEMP=C:\Users\GOLDEN~1\AppData\Local\Temp




Periodic native trim disabled

---------------  S Y S T E M  ---------------

OS:
 Windows 11 , 64 bit Build 26100 (10.0.26100.3624)
OS uptime: 4 days 9:21 hours

CPU: total 20 (initial active 20) (10 cores per cpu, 2 threads per core) family 6 model 151 stepping 2 microcode 0x36, cx8, cmov, fxsr, ht, mmx, 3dnowpref, sse, sse2, sse3, ssse3, sse4.1, sse4.2, popcnt, lzcnt, tsc, tscinvbit, avx, avx2, aes, erms, clmul, bmi1, bmi2, adx, sha, fma, vzeroupper, clflush, clflushopt, clwb, serialize, rdtscp, rdpid, fsrm, f16c, pku, cet_ibt, cet_ss
Processor Information for processor 0
  Max Mhz: 2100, Current Mhz: 2100, Mhz Limit: 2100
Processor Information for processor 1
  Max Mhz: 2100, Current Mhz: 2100, Mhz Limit: 2100
Processor Information for processor 2
  Max Mhz: 2100, Current Mhz: 2100, Mhz Limit: 2100
Processor Information for processor 3
  Max Mhz: 2100, Current Mhz: 2100, Mhz Limit: 2100
Processor Information for processor 4
  Max Mhz: 2100, Current Mhz: 2100, Mhz Limit: 2100
Processor Information for processor 5
  Max Mhz: 2100, Current Mhz: 2100, Mhz Limit: 2100
Processor Information for processor 6
  Max Mhz: 2100, Current Mhz: 2100, Mhz Limit: 2100
Processor Information for processor 7
  Max Mhz: 2100, Current Mhz: 2100, Mhz Limit: 2100
Processor Information for processor 8
  Max Mhz: 2100, Current Mhz: 2100, Mhz Limit: 2100
Processor Information for processor 9
  Max Mhz: 2100, Current Mhz: 2100, Mhz Limit: 2100
Processor Information for processor 10
  Max Mhz: 2100, Current Mhz: 2100, Mhz Limit: 2100
Processor Information for processor 11
  Max Mhz: 2100, Current Mhz: 2100, Mhz Limit: 2100
Processor Information for processor 12
  Max Mhz: 2100, Current Mhz: 2100, Mhz Limit: 2100
Processor Information for processor 13
  Max Mhz: 2100, Current Mhz: 2100, Mhz Limit: 2100
Processor Information for processor 14
  Max Mhz: 2100, Current Mhz: 2100, Mhz Limit: 2100
Processor Information for processor 15
  Max Mhz: 2100, Current Mhz: 2100, Mhz Limit: 2100
Processor Information for processor 16
  Max Mhz: 2100, Current Mhz: 1600, Mhz Limit: 1596
Processor Information for processor 17
  Max Mhz: 2100, Current Mhz: 1600, Mhz Limit: 1596
Processor Information for processor 18
  Max Mhz: 2100, Current Mhz: 1600, Mhz Limit: 1596
Processor Information for processor 19
  Max Mhz: 2100, Current Mhz: 1600, Mhz Limit: 1596

Memory: 4k page, system-wide physical 24264M (6790M free)
TotalPageFile size 44728M (AvailPageFile size 7750M)
current process WorkingSet (physical memory assigned to process): 263M, peak: 304M
current process commit charge ("private bytes"): 353M, peak: 392M

vm_info: OpenJDK 64-Bit Server VM (21.0.6+7-LTS) for windows-amd64 JRE (21.0.6+7-LTS), built on 2025-01-21T00:00:00Z by "admin" with MS VC++ 17.7 (VS2022)

END.
