#
# A fatal error has been detected by the Java Runtime Environment:
#
#  EXCEPTION_ACCESS_VIOLATION (0xc0000005) at pc=0x000000018000c274, pid=32532, tid=16392
#
# JRE version: OpenJDK Runtime Environment Temurin-21.0.6+7 (21.0.6+7) (build 21.0.6+7-LTS)
# Java VM: OpenJDK 64-Bit Server VM Temurin-21.0.6+7 (21.0.6+7-LTS, mixed mode, sharing, tiered, compressed oops, compressed class ptrs, parallel gc, windows-amd64)
# Problematic frame:
# C  [ASProxy64.dll+0xc274]
#
# No core dump will be written. Minidumps are not enabled by default on client versions of Windows
#
# If you would like to submit a bug report, please visit:
#   https://github.com/adoptium/adoptium-support/issues
# The crash happened outside the Java Virtual Machine in native code.
# See problematic frame for where to report the bug.
#

---------------  S U M M A R Y ------------

Command Line: --add-modules=ALL-SYSTEM --add-opens=java.base/java.util=ALL-UNNAMED --add-opens=java.base/java.lang=ALL-UNNAMED --add-opens=java.base/sun.nio.fs=ALL-UNNAMED -Declipse.application=org.eclipse.jdt.ls.core.id1 -Dosgi.bundles.defaultStartLevel=4 -Declipse.product=org.eclipse.jdt.ls.core.product -Djava.import.generatesMetadataFilesAtProjectRoot=false -DDetectVMInstallationsJob.disabled=true -Dfile.encoding=utf8 -XX:+UseParallelGC -XX:GCTimeRatio=4 -XX:AdaptiveSizePolicyWeight=90 -Dsun.zip.disableMemoryMapping=true -Xmx1G -Xms100m -Xlog:disable -javaagent:c:\Users\GoldenDragon\.vscode\extensions\redhat.java-1.41.1-win32-x64\lombok\lombok-1.18.36.jar -XX:+HeapDumpOnOutOfMemoryError -XX:HeapDumpPath=c:\Users\GoldenDragon\AppData\Roaming\Code\User\workspaceStorage\22e452b2e6e0a7ca38ef7605ba2d858a\redhat.java -Daether.dependencyCollector.impl=bf c:\Users\GoldenDragon\.vscode\extensions\redhat.java-1.41.1-win32-x64\server\plugins\org.eclipse.equinox.launcher_1.7.0.v20250331-1702.jar -configuration c:\Users\GoldenDragon\AppData\Roaming\Code\User\globalStorage\redhat.java\1.41.1\config_win -data c:\Users\GoldenDragon\AppData\Roaming\Code\User\workspaceStorage\22e452b2e6e0a7ca38ef7605ba2d858a\redhat.java\jdt_ws --pipe=\\.\pipe\lsp-a82838107a455dcc5deaf327aacf8ed8-sock

Host: 12th Gen Intel(R) Core(TM) i7-12700, 20 cores, 23G,  Windows 11 , 64 bit Build 26100 (10.0.26100.3624)
Time: Tue Apr 22 05:12:31 2025 Eastern Daylight Time elapsed time: 5.967123 seconds (0d 0h 0m 5s)

---------------  T H R E A D  ---------------

Current thread (0x000002601aa47200):  JavaThread "Connection worker"        [_thread_in_native, id=16392, stack(0x000000c748a40000,0x000000c748b40000) (1024K)]

Stack: [0x000000c748a40000,0x000000c748b40000],  sp=0x000000c748b3dcc0,  free space=1015k
Native frames: (J=compiled Java code, j=interpreted, Vv=VM code, C=native code)
C  [ASProxy64.dll+0xc274]

Java frames: (J=compiled Java code, j=interpreted, Vv=VM code)
j  sun.nio.ch.WEPoll.ctl(JIJI)I+0 java.base@21.0.6
j  sun.nio.ch.WEPollSelectorImpl.<init>(Ljava/nio/channels/spi/SelectorProvider;)V+139 java.base@21.0.6
j  sun.nio.ch.WEPollSelectorProvider.openSelector()Ljava/nio/channels/spi/AbstractSelector;+5 java.base@21.0.6
j  java.nio.channels.Selector.open()Ljava/nio/channels/Selector;+3 java.base@21.0.6
j  org.gradle.internal.remote.internal.inet.SocketConnection$SocketInputStream.<init>(Ljava/nio/channels/SocketChannel;)V+17
j  org.gradle.internal.remote.internal.inet.SocketConnection.<init>(Ljava/nio/channels/SocketChannel;Lorg/gradle/internal/remote/internal/MessageSerializer;Lorg/gradle/internal/serialize/StatefulSerializer;)V+33
j  org.gradle.internal.remote.internal.inet.SocketConnectCompletion.create(Lorg/gradle/internal/serialize/StatefulSerializer;)Lorg/gradle/internal/remote/internal/RemoteConnection;+16
j  org.gradle.launcher.daemon.client.DefaultDaemonConnector.connectToDaemon(Lorg/gradle/launcher/daemon/context/DaemonConnectDetails;Lorg/gradle/launcher/daemon/client/DaemonClientConnection$StaleAddressDetector;)Lorg/gradle/launcher/daemon/client/DaemonClientConnection;+43
j  org.gradle.launcher.daemon.client.DefaultDaemonConnector.connectToDaemonWithId(Lorg/gradle/launcher/daemon/diagnostics/DaemonStartupInfo;Lorg/gradle/api/internal/specs/ExplainingSpec;)Lorg/gradle/launcher/daemon/client/DaemonClientConnection;+115
j  org.gradle.launcher.daemon.client.DefaultDaemonConnector.doStartDaemon(Lorg/gradle/api/internal/specs/ExplainingSpec;Z)Lorg/gradle/launcher/daemon/client/DaemonClientConnection;+58
j  org.gradle.launcher.daemon.client.DefaultDaemonConnector.startDaemon(Lorg/gradle/api/internal/specs/ExplainingSpec;)Lorg/gradle/launcher/daemon/client/DaemonClientConnection;+3
j  org.gradle.launcher.daemon.client.DaemonClient.execute(Lorg/gradle/internal/invocation/BuildAction;Lorg/gradle/launcher/exec/BuildActionParameters;Lorg/gradle/internal/daemon/client/execution/ClientBuildRequestContext;)Lorg/gradle/launcher/exec/BuildActionResult;+201
j  org.gradle.launcher.daemon.client.DaemonClient.execute(Lorg/gradle/internal/invocation/BuildAction;Ljava/lang/Object;Ljava/lang/Object;)Lorg/gradle/launcher/exec/BuildActionResult;+10
j  org.gradle.tooling.internal.provider.DaemonBuildActionExecuter.execute(Lorg/gradle/internal/invocation/BuildAction;Lorg/gradle/tooling/internal/provider/ConnectionOperationParameters;Lorg/gradle/internal/daemon/client/execution/ClientBuildRequestContext;)Lorg/gradle/launcher/exec/BuildActionResult;+72
j  org.gradle.tooling.internal.provider.DaemonBuildActionExecuter.execute(Lorg/gradle/internal/invocation/BuildAction;Ljava/lang/Object;Ljava/lang/Object;)Lorg/gradle/launcher/exec/BuildActionResult;+10
j  org.gradle.tooling.internal.provider.LoggingBridgingBuildActionExecuter.execute(Lorg/gradle/internal/invocation/BuildAction;Lorg/gradle/tooling/internal/provider/ConnectionOperationParameters;Lorg/gradle/internal/daemon/client/execution/ClientBuildRequestContext;)Lorg/gradle/launcher/exec/BuildActionResult;+77
j  org.gradle.tooling.internal.provider.LoggingBridgingBuildActionExecuter.execute(Lorg/gradle/internal/invocation/BuildAction;Ljava/lang/Object;Ljava/lang/Object;)Lorg/gradle/launcher/exec/BuildActionResult;+10
j  org.gradle.tooling.internal.provider.ProviderConnection.run(Lorg/gradle/internal/invocation/BuildAction;Lorg/gradle/initialization/BuildCancellationToken;Lorg/gradle/tooling/internal/provider/ProviderConnection$ProgressListenerConfiguration;Lorg/gradle/initialization/BuildEventConsumer;Lorg/gradle/tooling/internal/provider/connection/ProviderOperationParameters;Lorg/gradle/tooling/internal/provider/ProviderConnection$Parameters;)Ljava/lang/Object;+79
j  org.gradle.tooling.internal.provider.ProviderConnection.runPhasedAction(Lorg/gradle/tooling/internal/protocol/InternalPhasedAction;Lorg/gradle/tooling/internal/protocol/PhasedActionResultListener;Lorg/gradle/initialization/BuildCancellationToken;Lorg/gradle/tooling/internal/provider/connection/ProviderOperationParameters;)Ljava/lang/Object;+132
j  org.gradle.tooling.internal.provider.DefaultConnection.run(Lorg/gradle/tooling/internal/protocol/InternalPhasedAction;Lorg/gradle/tooling/internal/protocol/PhasedActionResultListener;Lorg/gradle/tooling/internal/protocol/InternalCancellationToken;Lorg/gradle/tooling/internal/protocol/BuildParameters;)Lorg/gradle/tooling/internal/protocol/BuildResult;+28
j  org.gradle.tooling.internal.consumer.connection.PhasedActionAwareConsumerConnection.run(Lorg/gradle/tooling/internal/consumer/PhasedBuildAction;Lorg/gradle/tooling/internal/consumer/parameters/ConsumerOperationParameters;)V+66
j  org.gradle.tooling.internal.consumer.connection.ParameterValidatingConsumerConnection.run(Lorg/gradle/tooling/internal/consumer/PhasedBuildAction;Lorg/gradle/tooling/internal/consumer/parameters/ConsumerOperationParameters;)V+11
j  org.gradle.tooling.internal.consumer.DefaultPhasedBuildActionExecuter$1.run(Lorg/gradle/tooling/internal/consumer/connection/ConsumerConnection;)Ljava/lang/Void;+12
j  org.gradle.tooling.internal.consumer.DefaultPhasedBuildActionExecuter$1.run(Lorg/gradle/tooling/internal/consumer/connection/ConsumerConnection;)Ljava/lang/Object;+2
j  org.gradle.tooling.internal.consumer.connection.LazyConsumerActionExecutor.run(Lorg/gradle/tooling/internal/consumer/connection/ConsumerAction;)Ljava/lang/Object;+34
j  org.gradle.tooling.internal.consumer.connection.CancellableConsumerActionExecutor.run(Lorg/gradle/tooling/internal/consumer/connection/ConsumerAction;)Ljava/lang/Object;+34
j  org.gradle.tooling.internal.consumer.connection.ProgressLoggingConsumerActionExecutor.run(Lorg/gradle/tooling/internal/consumer/connection/ConsumerAction;)Ljava/lang/Object;+78
j  org.gradle.tooling.internal.consumer.connection.RethrowingErrorsConsumerActionExecutor.run(Lorg/gradle/tooling/internal/consumer/connection/ConsumerAction;)Ljava/lang/Object;+5
j  org.gradle.tooling.internal.consumer.async.DefaultAsyncConsumerActionExecutor$1$1.run()V+17
j  org.gradle.internal.concurrent.ExecutorPolicy$CatchAndRecordFailures.onExecute(Ljava/lang/Runnable;)V+1
j  org.gradle.internal.concurrent.AbstractManagedExecutor$1.run()V+25
j  java.util.concurrent.ThreadPoolExecutor.runWorker(Ljava/util/concurrent/ThreadPoolExecutor$Worker;)V+92 java.base@21.0.6
j  java.util.concurrent.ThreadPoolExecutor$Worker.run()V+5 java.base@21.0.6
j  java.lang.Thread.runWith(Ljava/lang/Object;Ljava/lang/Runnable;)V+5 java.base@21.0.6
j  java.lang.Thread.run()V+19 java.base@21.0.6
v  ~StubRoutines::call_stub 0x0000025fc59f100d

siginfo: EXCEPTION_ACCESS_VIOLATION (0xc0000005), reading address 0x0000000000000418


Registers:
RAX=0x0000000000000000, RBX=0x000002601d1e23d8, RCX=0x00000000000012a0, RDX=0x0000000000000002
RSP=0x000000c748b3dcc0, RBP=0x0000000000000418, RSI=0x000002601840d5c0, RDI=0x0000000000000418
R8 =0x0000000000000001, R9 =0x0000000000000001, R10=0x00000000000012a0, R11=0x0000025fbb3af860
R12=0x000000c748b3df00, R13=0x00000000000012d4, R14=0x000002601840d590, R15=0x00000000000012d4
RIP=0x000000018000c274, EFLAGS=0x0000000000010246

XMM[0]=0x0000000000000000 0x0000000000000000
XMM[1]=0x0000000000000000 0x0000000000000000
XMM[2]=0x0000000000000000 0x0000000000000000
XMM[3]=0x0000000000000000 0x0000000000000000
XMM[4]=0x0000000000000000 0x0000000000000000
XMM[5]=0x0000000000000000 0x0000000000000000
XMM[6]=0x36508b6ba94b3308 0x94ee26311bb2bf09
XMM[7]=0x3e90efbe433291aa 0x537c0a393e49b90f
XMM[8]=0x0c0d0e0f08090a0b 0x0405060700010203
XMM[9]=0x0000000000000000 0x0000000000000001
XMM[10]=0x0000000000000000 0x00000000e8e45b58
XMM[11]=0x0000000000000000 0x0b3e70e4fefb0c81
XMM[12]=0x0000000000000000 0x00000000f3bc9b9d
XMM[13]=0x0000000000000000 0x00000000129a6627
XMM[14]=0x0000000000000000 0x6c9c4e785cd1fc34
XMM[15]=0x0000000000000000 0x00000000f035adbc
  MXCSR=0x00001fa0


Register to memory mapping:

RAX=0x0 is null
RBX=0x000002601d1e23d8 points into unknown readable memory: 0x0000000000000000 | 00 00 00 00 00 00 00 00
RCX=0x00000000000012a0 is an unknown value
RDX=0x0000000000000002 is an unknown value
RSP=0x000000c748b3dcc0 is pointing into the stack for thread: 0x000002601aa47200
RBP=0x0000000000000418 is an unknown value
RSI=0x000002601840d5c0 points into unknown readable memory: 0x000002601840d5c0 | c0 d5 40 18 60 02 00 00
RDI=0x0000000000000418 is an unknown value
R8 =0x0000000000000001 is an unknown value
R9 =0x0000000000000001 is an unknown value
R10=0x00000000000012a0 is an unknown value
R11=0x0000025fbb3af860 points into unknown readable memory: 0x0000000000000007 | 07 00 00 00 00 00 00 00
R12=0x000000c748b3df00 is pointing into the stack for thread: 0x000002601aa47200
R13=0x00000000000012d4 is an unknown value
R14=0x000002601840d590 points into unknown readable memory: 0x0000000000000418 | 18 04 00 00 00 00 00 00
R15=0x00000000000012d4 is an unknown value

Top of Stack: (sp=0x000000c748b3dcc0)
0x000000c748b3dcc0:   0000000000000000 0000000000000000
0x000000c748b3dcd0:   0000000000000418 000000018001f4c2
0x000000c748b3dce0:   0000000180065ec8 0000000000002736
0x000000c748b3dcf0:   0000000000000000 00000000000012a0
0x000000c748b3dd00:   0000000000000418 000000018000c506
0x000000c748b3dd10:   000002601d1e23d8 0000000000002736
0x000000c748b3dd20:   0000000000000000 0000025f00000008
0x000000c748b3dd30:   000000c70000001e 0000000000000000
0x000000c748b3dd40:   0000000000000418 0000000000000000
0x000000c748b3dd50:   0000000000000001 0000000000000000
0x000000c748b3dd60:   0000000000000418 00007ff8fa9877e6
0x000000c748b3dd70:   00000000000012a0 0000000000000402
0x000000c748b3dd80:   000002601840d5c0 000000c748b3ded0
0x000000c748b3dd90:   0000000000000000 0000026000000000
0x000000c748b3dda0:   0000000000000003 0000026000000001
0x000000c748b3ddb0:   0000000000000000 0000000000000000
0x000000c748b3ddc0:   00007ff900000000 00007ff937380139
0x000000c748b3ddd0:   00000000000012a0 0000000000000000
0x000000c748b3dde0:   0000000000000000 0000c42851a4fc41
0x000000c748b3ddf0:   000002601d1e23c0 00007ff8fa9882af
0x000000c748b3de00:   0000000000000028 00007ff8a64f2abc
0x000000c748b3de10:   000002601d1e23c8 0000025fbb3d8450
0x000000c748b3de20:   000002601840d590 00007ff8fa988359
0x000000c748b3de30:   000002601840d5c0 000000c748b3df00
0x000000c748b3de40:   000002601840d5c0 000002601840d590
0x000000c748b3de50:   000002601aa47200 000000c748b3df00
0x000000c748b3de60:   00000260175dd8d0 0000000000000000
0x000000c748b3de70:   000002601840d590 00007ff8fa988787
0x000000c748b3de80:   0000000000000000 000000c748b3df00
0x000000c748b3de90:   00000000000012d4 000002601aa47200
0x000000c748b3dea0:   0000000000000001 00007ff8fa987a75
0x000000c748b3deb0:   0000000000000418 000000c748b3df00 

Instructions: (pc=0x000000018000c274)
0x000000018000c174:   70 48 8b 6c 24 78 32 c0 48 83 c4 50 41 5c c3 cc
0x000000018000c184:   cc cc cc cc cc cc cc cc cc cc cc cc 48 85 c9 74
0x000000018000c194:   23 8b 05 ad ff 06 00 89 01 8b 05 a9 ff 06 00 89
0x000000018000c1a4:   41 04 8b 05 a4 ff 06 00 89 41 08 8b 05 9f ff 06
0x000000018000c1b4:   00 89 41 0c f3 c3 cc cc cc cc cc cc c6 01 01 c7
0x000000018000c1c4:   02 01 00 00 00 c3 cc cc cc cc cc cc 48 89 5c 24
0x000000018000c1d4:   08 57 48 83 ec 70 48 8b fa 8b d9 48 8d 15 82 73
0x000000018000c1e4:   05 00 48 8d 4c 24 20 45 33 c0 48 c7 44 24 40 0f
0x000000018000c1f4:   00 00 00 48 c7 44 24 38 00 00 00 00 c6 44 24 28
0x000000018000c204:   00 e8 d6 6b ff ff 4c 8d 4c 24 20 48 8d 4c 24 48
0x000000018000c214:   41 b0 01 8b d3 e8 52 06 02 00 48 83 78 20 10 72
0x000000018000c224:   06 48 8b 48 08 eb 05 48 8d 48 08 90 0f b6 01 48
0x000000018000c234:   ff c7 48 ff c1 88 47 ff 84 c0 75 f0 48 83 7c 24
0x000000018000c244:   68 10 72 0a 48 8b 4c 24 50 e8 52 94 03 00 48 8b
0x000000018000c254:   9c 24 80 00 00 00 48 83 c4 70 5f c3 48 83 ec 48
0x000000018000c264:   0f b6 c2 0f 57 c0 0f 11 44 24 ff 25 00 00 00 00
0x000000018000c274:   ae 7e c0 37 f9 7f 00 00 8b 44 24 04 0f af 04 24
0x000000018000c284:   89 04 24 8b 44 24 04 0f af 04 24 83 c0 01 89 04
0x000000018000c294:   24 8b 44 24 04 0f af 04 24 83 c0 02 89 04 24 8b
0x000000018000c2a4:   44 24 04 0f af 04 24 83 c0 03 89 04 24 8b 44 24
0x000000018000c2b4:   04 0f af 04 24 83 c0 04 89 04 24 8b 44 24 04 0f
0x000000018000c2c4:   af 04 24 83 c0 05 89 04 24 8b 44 24 04 0f af 04
0x000000018000c2d4:   24 83 c0 06 89 04 24 8b 44 24 04 0f af 04 24 83
0x000000018000c2e4:   c0 07 89 04 24 8b 44 24 04 0f af 04 24 83 c0 08
0x000000018000c2f4:   89 04 24 8b 44 24 04 0f af 04 24 83 c0 09 89 04
0x000000018000c304:   24 8b 44 24 04 0f af 04 24 83 c0 0a 89 04 24 8b
0x000000018000c314:   44 24 04 0f af 04 24 83 c0 0b 89 04 24 8b 44 24
0x000000018000c324:   04 0f af 04 24 83 c0 0d 89 04 24 8b 44 24 04 0f
0x000000018000c334:   af 04 24 83 c0 0e 89 04 24 8b 44 24 04 0f af 04
0x000000018000c344:   24 83 c0 0f 89 04 24 8b 44 24 04 0f af 04 24 83
0x000000018000c354:   c0 10 89 04 24 8b 44 24 04 0f af 04 24 83 c0 11
0x000000018000c364:   89 04 24 8b 44 24 04 0f af 04 24 83 c0 12 89 04 


Stack slot to memory mapping:

stack at sp + 0 slots: 0x0 is null
stack at sp + 1 slots: 0x0 is null
stack at sp + 2 slots: 0x0000000000000418 is an unknown value
stack at sp + 3 slots: 0x000000018001f4c2 ASProxy64.dll
stack at sp + 4 slots: 0x0000000180065ec8 ASProxy64.dll
stack at sp + 5 slots: 0x0000000000002736 is an unknown value
stack at sp + 6 slots: 0x0 is null
stack at sp + 7 slots: 0x00000000000012a0 is an unknown value


---------------  P R O C E S S  ---------------

Threads class SMR info:
_java_thread_list=0x000002601e8134e0, length=65, elements={
0x0000025fbb3b2c80, 0x0000025fcf78faf0, 0x0000025fcf790a00, 0x0000025fcf796880,
0x0000025fcf7972d0, 0x0000025fcf798850, 0x0000025fcf79a2b0, 0x0000025fcf79e8d0,
0x0000026011da3040, 0x0000026011e419b0, 0x0000026011f496b0, 0x00000260120ca7b0,
0x000002601834b8e0, 0x00000260183f18a0, 0x0000026018d7f960, 0x0000026018fd6ba0,
0x00000260190b8060, 0x0000026018bd64c0, 0x0000026018e40f40, 0x00000260194e3c00,
0x000002601977c930, 0x00000260192d46c0, 0x00000260192d4d50, 0x00000260192d5a70,
0x00000260192d53e0, 0x00000260192d6100, 0x00000260192d2c80, 0x00000260192d3310,
0x00000260192d39a0, 0x00000260192d4030, 0x0000026019ea36b0, 0x0000026019ea50f0,
0x0000026019ea5e10, 0x0000026019ea43d0, 0x0000026019ea4a60, 0x0000026019ea3d40,
0x0000026019ea5780, 0x0000026019ea2990, 0x0000026019ea64a0, 0x0000026019ea3020,
0x0000026019ea9920, 0x0000026019ea6b30, 0x0000026019ea9fb0, 0x0000026019ea8570,
0x0000026019ea71c0, 0x0000026019ea7850, 0x0000026019ea7ee0, 0x0000026019ea8c00,
0x0000026019ea9290, 0x000002601aa43d80, 0x000002601aa45130, 0x000002601aa42340,
0x000002601aa41cb0, 0x000002601aa44410, 0x000002601aa436f0, 0x000002601aa43060,
0x000002601aa429d0, 0x000002601aa47890, 0x000002601aa47f20, 0x000002601aa48c40,
0x000002601aa46b70, 0x000002601aa464e0, 0x000002601aa457c0, 0x000002601aa47200,
0x000002601aa485b0
}

Java Threads: ( => current thread )
  0x0000025fbb3b2c80 JavaThread "main"                              [_thread_blocked, id=19440, stack(0x000000c741d00000,0x000000c741e00000) (1024K)]
  0x0000025fcf78faf0 JavaThread "Reference Handler"          daemon [_thread_blocked, id=12084, stack(0x000000c742100000,0x000000c742200000) (1024K)]
  0x0000025fcf790a00 JavaThread "Finalizer"                  daemon [_thread_blocked, id=34388, stack(0x000000c742200000,0x000000c742300000) (1024K)]
  0x0000025fcf796880 JavaThread "Signal Dispatcher"          daemon [_thread_blocked, id=37044, stack(0x000000c742300000,0x000000c742400000) (1024K)]
  0x0000025fcf7972d0 JavaThread "Attach Listener"            daemon [_thread_blocked, id=30300, stack(0x000000c742400000,0x000000c742500000) (1024K)]
  0x0000025fcf798850 JavaThread "Service Thread"             daemon [_thread_blocked, id=13384, stack(0x000000c742500000,0x000000c742600000) (1024K)]
  0x0000025fcf79a2b0 JavaThread "Monitor Deflation Thread"   daemon [_thread_blocked, id=31960, stack(0x000000c742600000,0x000000c742700000) (1024K)]
  0x0000025fcf79e8d0 JavaThread "C2 CompilerThread0"         daemon [_thread_blocked, id=28060, stack(0x000000c742700000,0x000000c742800000) (1024K)]
  0x0000026011da3040 JavaThread "C1 CompilerThread0"         daemon [_thread_blocked, id=4352, stack(0x000000c742800000,0x000000c742900000) (1024K)]
  0x0000026011e419b0 JavaThread "C1 CompilerThread1"         daemon [_thread_blocked, id=22360, stack(0x000000c742900000,0x000000c742a00000) (1024K)]
  0x0000026011f496b0 JavaThread "Common-Cleaner"             daemon [_thread_blocked, id=34304, stack(0x000000c742a00000,0x000000c742b00000) (1024K)]
  0x00000260120ca7b0 JavaThread "C1 CompilerThread2"         daemon [_thread_blocked, id=12292, stack(0x000000c744200000,0x000000c744300000) (1024K)]
  0x000002601834b8e0 JavaThread "C1 CompilerThread3"         daemon [_thread_blocked, id=16060, stack(0x000000c744300000,0x000000c744400000) (1024K)]
  0x00000260183f18a0 JavaThread "Notification Thread"        daemon [_thread_blocked, id=20776, stack(0x000000c744400000,0x000000c744500000) (1024K)]
  0x0000026018d7f960 JavaThread "Active Thread: Equinox Container: 1edac922-9797-4741-985c-640bb0c6bf45"        [_thread_blocked, id=25644, stack(0x000000c744c40000,0x000000c744d40000) (1024K)]
  0x0000026018fd6ba0 JavaThread "Refresh Thread: Equinox Container: 1edac922-9797-4741-985c-640bb0c6bf45" daemon [_thread_blocked, id=34144, stack(0x000000c744e40000,0x000000c744f40000) (1024K)]
  0x00000260190b8060 JavaThread "Framework Event Dispatcher: Equinox Container: 1edac922-9797-4741-985c-640bb0c6bf45" daemon [_thread_blocked, id=38456, stack(0x000000c744f40000,0x000000c745040000) (1024K)]
  0x0000026018bd64c0 JavaThread "Start Level: Equinox Container: 1edac922-9797-4741-985c-640bb0c6bf45" daemon [_thread_blocked, id=31364, stack(0x000000c745040000,0x000000c745140000) (1024K)]
  0x0000026018e40f40 JavaThread "Bundle File Closer"         daemon [_thread_blocked, id=14932, stack(0x000000c745140000,0x000000c745240000) (1024K)]
  0x00000260194e3c00 JavaThread "SCR Component Actor"        daemon [_thread_blocked, id=17848, stack(0x000000c745540000,0x000000c745640000) (1024K)]
  0x000002601977c930 JavaThread "SCR Component Registry"     daemon [_thread_blocked, id=2492, stack(0x000000c745640000,0x000000c745740000) (1024K)]
  0x00000260192d46c0 JavaThread "Worker-JM"                         [_thread_blocked, id=37872, stack(0x000000c745940000,0x000000c745a40000) (1024K)]
  0x00000260192d4d50 JavaThread "Worker-0: Initialize Workspace"        [_thread_blocked, id=7704, stack(0x000000c745a40000,0x000000c745b40000) (1024K)]
  0x00000260192d5a70 JavaThread "Worker-1"                          [_thread_blocked, id=28828, stack(0x000000c745b40000,0x000000c745c40000) (1024K)]
  0x00000260192d53e0 JavaThread "Java indexing"              daemon [_thread_blocked, id=1964, stack(0x000000c745e40000,0x000000c745f40000) (1024K)]
  0x00000260192d6100 JavaThread "JNA Cleaner"                daemon [_thread_blocked, id=15292, stack(0x000000c745f40000,0x000000c746040000) (1024K)]
  0x00000260192d2c80 JavaThread "Worker-2"                          [_thread_blocked, id=20652, stack(0x000000c746340000,0x000000c746440000) (1024K)]
  0x00000260192d3310 JavaThread "Worker-3"                          [_thread_blocked, id=2552, stack(0x000000c746440000,0x000000c746540000) (1024K)]
  0x00000260192d39a0 JavaThread "Thread-2"                   daemon [_thread_in_native, id=21288, stack(0x000000c746540000,0x000000c746640000) (1024K)]
  0x00000260192d4030 JavaThread "Thread-3"                   daemon [_thread_in_native, id=23920, stack(0x000000c746640000,0x000000c746740000) (1024K)]
  0x0000026019ea36b0 JavaThread "Thread-4"                   daemon [_thread_in_native, id=16888, stack(0x000000c746740000,0x000000c746840000) (1024K)]
  0x0000026019ea50f0 JavaThread "Thread-5"                   daemon [_thread_in_native, id=24268, stack(0x000000c746840000,0x000000c746940000) (1024K)]
  0x0000026019ea5e10 JavaThread "Thread-6"                   daemon [_thread_in_native, id=18128, stack(0x000000c746940000,0x000000c746a40000) (1024K)]
  0x0000026019ea43d0 JavaThread "Thread-7"                   daemon [_thread_in_native, id=23720, stack(0x000000c746a40000,0x000000c746b40000) (1024K)]
  0x0000026019ea4a60 JavaThread "Thread-8"                   daemon [_thread_in_native, id=17836, stack(0x000000c746b40000,0x000000c746c40000) (1024K)]
  0x0000026019ea3d40 JavaThread "Thread-9"                   daemon [_thread_in_native, id=20692, stack(0x000000c746c40000,0x000000c746d40000) (1024K)]
  0x0000026019ea5780 JavaThread "Thread-10"                  daemon [_thread_in_native, id=33848, stack(0x000000c746d40000,0x000000c746e40000) (1024K)]
  0x0000026019ea2990 JavaThread "Thread-11"                  daemon [_thread_in_native, id=38696, stack(0x000000c746e40000,0x000000c746f40000) (1024K)]
  0x0000026019ea64a0 JavaThread "Thread-12"                  daemon [_thread_in_native, id=15116, stack(0x000000c746f40000,0x000000c747040000) (1024K)]
  0x0000026019ea3020 JavaThread "Thread-13"                  daemon [_thread_in_native, id=33440, stack(0x000000c747040000,0x000000c747140000) (1024K)]
  0x0000026019ea9920 JavaThread "Thread-14"                  daemon [_thread_in_native, id=37040, stack(0x000000c747140000,0x000000c747240000) (1024K)]
  0x0000026019ea6b30 JavaThread "Thread-15"                  daemon [_thread_in_native, id=35836, stack(0x000000c747240000,0x000000c747340000) (1024K)]
  0x0000026019ea9fb0 JavaThread "Thread-16"                  daemon [_thread_in_native, id=37364, stack(0x000000c747340000,0x000000c747440000) (1024K)]
  0x0000026019ea8570 JavaThread "Thread-17"                  daemon [_thread_in_native, id=27264, stack(0x000000c747440000,0x000000c747540000) (1024K)]
  0x0000026019ea71c0 JavaThread "Thread-18"                  daemon [_thread_in_native, id=13816, stack(0x000000c747540000,0x000000c747640000) (1024K)]
  0x0000026019ea7850 JavaThread "Thread-19"                  daemon [_thread_in_native, id=22420, stack(0x000000c747640000,0x000000c747740000) (1024K)]
  0x0000026019ea7ee0 JavaThread "Thread-20"                  daemon [_thread_in_native, id=18132, stack(0x000000c747740000,0x000000c747840000) (1024K)]
  0x0000026019ea8c00 JavaThread "Thread-21"                  daemon [_thread_in_native, id=34476, stack(0x000000c747840000,0x000000c747940000) (1024K)]
  0x0000026019ea9290 JavaThread "Thread-22"                  daemon [_thread_in_native, id=35608, stack(0x000000c747940000,0x000000c747a40000) (1024K)]
  0x000002601aa43d80 JavaThread "pool-2-thread-1"                   [_thread_blocked, id=24564, stack(0x000000c747a40000,0x000000c747b40000) (1024K)]
  0x000002601aa45130 JavaThread "WorkspaceEventsHandler"            [_thread_blocked, id=35616, stack(0x000000c747c40000,0x000000c747d40000) (1024K)]
  0x000002601aa42340 JavaThread "pool-1-thread-1"                   [_thread_blocked, id=18972, stack(0x000000c747d40000,0x000000c747e40000) (1024K)]
  0x000002601aa41cb0 JavaThread "Worker-4"                          [_thread_blocked, id=35300, stack(0x000000c748140000,0x000000c748240000) (1024K)]
  0x000002601aa44410 JavaThread "Timer-0"                           [_thread_blocked, id=17208, stack(0x000000c748240000,0x000000c748340000) (1024K)]
  0x000002601aa436f0 JavaThread "Exec process"                      [_thread_blocked, id=27980, stack(0x000000c748040000,0x000000c748140000) (1024K)]
  0x000002601aa43060 JavaThread "Exec process Thread 2"             [_thread_blocked, id=10188, stack(0x000000c748440000,0x000000c748540000) (1024K)]
  0x000002601aa429d0 JavaThread "Exec process Thread 3"             [_thread_blocked, id=35568, stack(0x000000c748540000,0x000000c748640000) (1024K)]
  0x000002601aa47890 JavaThread "Timer-1"                           [_thread_blocked, id=15796, stack(0x000000c748340000,0x000000c748440000) (1024K)]
  0x000002601aa47f20 JavaThread "LocalFile Deleter"          daemon [_thread_blocked, id=28512, stack(0x000000c748640000,0x000000c748740000) (1024K)]
  0x000002601aa48c40 JavaThread "LocalFile Deleter"          daemon [_thread_blocked, id=14912, stack(0x000000c748740000,0x000000c748840000) (1024K)]
  0x000002601aa46b70 JavaThread "LocalFile Deleter"          daemon [_thread_blocked, id=26136, stack(0x000000c748840000,0x000000c748940000) (1024K)]
  0x000002601aa464e0 JavaThread "Timer-2"                           [_thread_blocked, id=37104, stack(0x000000c747f40000,0x000000c748040000) (1024K)]
  0x000002601aa457c0 JavaThread "Timer-3"                           [_thread_blocked, id=31692, stack(0x000000c748940000,0x000000c748a40000) (1024K)]
=>0x000002601aa47200 JavaThread "Connection worker"                 [_thread_in_native, id=16392, stack(0x000000c748a40000,0x000000c748b40000) (1024K)]
  0x000002601aa485b0 JavaThread "pool-3-thread-1"                   [_thread_blocked, id=5400, stack(0x000000c748b40000,0x000000c748c40000) (1024K)]
Total: 65

Other Threads:
  0x0000025fcf784070 VMThread "VM Thread"                           [id=38656, stack(0x000000c742000000,0x000000c742100000) (1024K)]
  0x0000025fcf67ca00 WatcherThread "VM Periodic Task Thread"        [id=35324, stack(0x000000c741f00000,0x000000c742000000) (1024K)]
  0x0000025fbb3d1260 WorkerThread "GC Thread#0"                     [id=28024, stack(0x000000c741e00000,0x000000c741f00000) (1024K)]
  0x00000260189644b0 WorkerThread "GC Thread#1"                     [id=18716, stack(0x000000c744640000,0x000000c744740000) (1024K)]
  0x0000026018964850 WorkerThread "GC Thread#2"                     [id=31876, stack(0x000000c744740000,0x000000c744840000) (1024K)]
  0x0000026018e99b70 WorkerThread "GC Thread#3"                     [id=15188, stack(0x000000c744840000,0x000000c744940000) (1024K)]
  0x0000026018d86b80 WorkerThread "GC Thread#4"                     [id=38884, stack(0x000000c744940000,0x000000c744a40000) (1024K)]
  0x0000026018d86f20 WorkerThread "GC Thread#5"                     [id=36540, stack(0x000000c744a40000,0x000000c744b40000) (1024K)]
  0x00000260190099a0 WorkerThread "GC Thread#6"                     [id=8196, stack(0x000000c744b40000,0x000000c744c40000) (1024K)]
  0x0000026018584080 WorkerThread "GC Thread#7"                     [id=14584, stack(0x000000c744d40000,0x000000c744e40000) (1024K)]
  0x0000026019232370 WorkerThread "GC Thread#8"                     [id=21128, stack(0x000000c745240000,0x000000c745340000) (1024K)]
  0x00000260197c9690 WorkerThread "GC Thread#9"                     [id=22468, stack(0x000000c745340000,0x000000c745440000) (1024K)]
  0x00000260197c8810 WorkerThread "GC Thread#10"                    [id=37972, stack(0x000000c745440000,0x000000c745540000) (1024K)]
  0x00000260197ca170 WorkerThread "GC Thread#11"                    [id=26800, stack(0x000000c745740000,0x000000c745840000) (1024K)]
  0x00000260197c8bb0 WorkerThread "GC Thread#12"                    [id=22848, stack(0x000000c745840000,0x000000c745940000) (1024K)]
  0x00000260197c92f0 WorkerThread "GC Thread#13"                    [id=38176, stack(0x000000c745c40000,0x000000c745d40000) (1024K)]
  0x00000260197c8f50 WorkerThread "GC Thread#14"                    [id=13196, stack(0x000000c745d40000,0x000000c745e40000) (1024K)]
Total: 17

Threads with active compile tasks:
Total: 0

VM state: not at safepoint (normal execution)

VM Mutex/Monitor currently owned by a thread: None

Heap address: 0x00000000c0000000, size: 1024 MB, Compressed Oops mode: 32-bit

CDS archive(s) mapped at: [0x0000025fd0000000-0x0000025fd0ba0000-0x0000025fd0ba0000), size 12189696, SharedBaseAddress: 0x0000025fd0000000, ArchiveRelocationMode: 1.
Compressed class space mapped at: 0x0000025fd1000000-0x0000026011000000, reserved size: 1073741824
Narrow klass base: 0x0000025fd0000000, Narrow klass shift: 0, Narrow klass range: 0x100000000

GC Precious Log:
 CardTable entry size: 512
 CPUs: 20 total, 20 available
 Memory: 24264M
 Large Page Support: Disabled
 NUMA Support: Disabled
 Compressed Oops: Enabled (32-bit)
 Alignments: Space 512K, Generation 512K, Heap 2M
 Heap Min Capacity: 100M
 Heap Initial Capacity: 100M
 Heap Max Capacity: 1G
 Pre-touch: Disabled
 Parallel Workers: 15

Heap:
 PSYoungGen      total 22528K, used 10382K [0x00000000eab00000, 0x00000000ec200000, 0x0000000100000000)
  eden space 21504K, 46% used [0x00000000eab00000,0x00000000eb4abae0,0x00000000ec000000)
  from space 1024K, 46% used [0x00000000ec100000,0x00000000ec178000,0x00000000ec200000)
  to   space 1024K, 0% used [0x00000000ec000000,0x00000000ec000000,0x00000000ec100000)
 ParOldGen       total 68608K, used 40001K [0x00000000c0000000, 0x00000000c4300000, 0x00000000eab00000)
  object space 68608K, 58% used [0x00000000c0000000,0x00000000c2710710,0x00000000c4300000)
 Metaspace       used 62380K, committed 63744K, reserved 1114112K
  class space    used 7696K, committed 8320K, reserved 1048576K

Card table byte_map: [0x0000025fbad50000,0x0000025fbaf60000] _byte_map_base: 0x0000025fba750000

Marking Bits: (ParMarkBitMap*) 0x00007ff8a6b33260
 Begin Bits: [0x0000025fcd5a0000, 0x0000025fce5a0000)
 End Bits:   [0x0000025fce5a0000, 0x0000025fcf5a0000)

Polling page: 0x0000025fb8e80000

Metaspace:

Usage:
  Non-class:     53.40 MB used.
      Class:      7.52 MB used.
       Both:     60.92 MB used.

Virtual space:
  Non-class space:       64.00 MB reserved,      54.12 MB ( 85%) committed,  1 nodes.
      Class space:        1.00 GB reserved,       8.12 MB ( <1%) committed,  1 nodes.
             Both:        1.06 GB reserved,      62.25 MB (  6%) committed. 

Chunk freelists:
   Non-Class:  8.97 MB
       Class:  7.86 MB
        Both:  16.83 MB

MaxMetaspaceSize: unlimited
CompressedClassSpaceSize: 1.00 GB
Initial GC threshold: 21.00 MB
Current GC threshold: 97.31 MB
CDS: on
 - commit_granule_bytes: 65536.
 - commit_granule_words: 8192.
 - virtual_space_node_default_size: 8388608.
 - enlarge_chunks_in_place: 1.
 - use_allocation_guard: 0.


Internal statistics:

num_allocs_failed_limit: 11.
num_arena_births: 1062.
num_arena_deaths: 14.
num_vsnodes_births: 2.
num_vsnodes_deaths: 0.
num_space_committed: 996.
num_space_uncommitted: 0.
num_chunks_returned_to_freelist: 25.
num_chunks_taken_from_freelist: 3663.
num_chunk_merges: 17.
num_chunk_splits: 2442.
num_chunks_enlarged: 1620.
num_inconsistent_stats: 0.

CodeHeap 'non-profiled nmethods': size=119168Kb used=4819Kb max_used=4819Kb free=114348Kb
 bounds [0x0000025fc6140000, 0x0000025fc6600000, 0x0000025fcd5a0000]
CodeHeap 'profiled nmethods': size=119104Kb used=13776Kb max_used=14262Kb free=105327Kb
 bounds [0x0000025fbe5a0000, 0x0000025fbf390000, 0x0000025fc59f0000]
CodeHeap 'non-nmethods': size=7488Kb used=3070Kb max_used=3127Kb free=4417Kb
 bounds [0x0000025fc59f0000, 0x0000025fc5d10000, 0x0000025fc6140000]
 total_blobs=7539 nmethods=6855 adapters=587
 compilation: enabled
              stopped_count=0, restarted_count=0
 full_count=0

Compilation events (20 events):
Event: 5.931 Thread 0x0000026011e419b0 nmethod 7679 0x0000025fbed48890 code [0x0000025fbed48a60, 0x0000025fbed48dc0]
Event: 5.931 Thread 0x0000026011e419b0 7681       3       java.security.Provider::putPropertyStrings (214 bytes)
Event: 5.931 Thread 0x0000026011da3040 nmethod 7677 0x0000025fbef3b210 code [0x0000025fbef3b440, 0x0000025fbef3bc80]
Event: 5.931 Thread 0x0000026011da3040 7680       3       java.security.Provider::implRemoveService (149 bytes)
Event: 5.932 Thread 0x0000026011da3040 nmethod 7680 0x0000025fbea0e690 code [0x0000025fbea0e940, 0x0000025fbea0f5c0]
Event: 5.932 Thread 0x0000026011da3040 7682       3       java.security.Provider::checkAndUpdateSecureRandom (88 bytes)
Event: 5.932 Thread 0x000002601834b8e0 nmethod 7676 0x0000025fbe888f90 code [0x0000025fbe8892e0, 0x0000025fbe88a9f8]
Event: 5.932 Thread 0x00000260120ca7b0 nmethod 7678 0x0000025fbee35e90 code [0x0000025fbee36220, 0x0000025fbee37758]
Event: 5.932 Thread 0x000002601834b8e0 7683       3       sun.security.util.SecurityProviderConstants::getAliases (63 bytes)
Event: 5.932 Thread 0x0000026011da3040 nmethod 7682 0x0000025fbe888890 code [0x0000025fbe888a60, 0x0000025fbe888e00]
Event: 5.932 Thread 0x000002601834b8e0 nmethod 7683 0x0000025fbe78b190 code [0x0000025fbe78b400, 0x0000025fbe78bca0]
Event: 5.932 Thread 0x0000026011e419b0 nmethod 7681 0x0000025fbed85e10 code [0x0000025fbed86300, 0x0000025fbed88630]
Event: 5.934 Thread 0x000002601834b8e0 7684       1       java.nio.DirectByteBuffer::attachment (5 bytes)
Event: 5.934 Thread 0x000002601834b8e0 nmethod 7684 0x0000025fc65f2e90 code [0x0000025fc65f3020, 0x0000025fc65f30e8]
Event: 5.937 Thread 0x000002601834b8e0 7685       3       java.security.MessageDigest::update (11 bytes)
Event: 5.937 Thread 0x00000260120ca7b0 7686       3       java.security.MessageDigest$Delegate::engineUpdate (9 bytes)
Event: 5.937 Thread 0x0000026011da3040 7687       3       sun.security.provider.DigestBase::engineUpdate (32 bytes)
Event: 5.938 Thread 0x00000260120ca7b0 nmethod 7686 0x0000025fbe801d10 code [0x0000025fbe801ec0, 0x0000025fbe802098]
Event: 5.938 Thread 0x000002601834b8e0 nmethod 7685 0x0000025fbeb95710 code [0x0000025fbeb958c0, 0x0000025fbeb95b80]
Event: 5.938 Thread 0x0000026011da3040 nmethod 7687 0x0000025fbee35990 code [0x0000025fbee35b40, 0x0000025fbee35da8]

GC Heap History (20 events):
Event: 4.348 GC heap before
{Heap before GC invocations=34 (full 3):
 PSYoungGen      total 22016K, used 21504K [0x00000000eab00000, 0x00000000ec280000, 0x0000000100000000)
  eden space 21504K, 100% used [0x00000000eab00000,0x00000000ec000000,0x00000000ec000000)
  from space 512K, 0% used [0x00000000ec200000,0x00000000ec200000,0x00000000ec280000)
  to   space 512K, 0% used [0x00000000ec000000,0x00000000ec000000,0x00000000ec080000)
 ParOldGen       total 68608K, used 38279K [0x00000000c0000000, 0x00000000c4300000, 0x00000000eab00000)
  object space 68608K, 55% used [0x00000000c0000000,0x00000000c2561f00,0x00000000c4300000)
 Metaspace       used 59531K, committed 60800K, reserved 1114112K
  class space    used 7231K, committed 7808K, reserved 1048576K
}
Event: 4.350 GC heap after
{Heap after GC invocations=34 (full 3):
 PSYoungGen      total 22016K, used 506K [0x00000000eab00000, 0x00000000ec280000, 0x0000000100000000)
  eden space 21504K, 0% used [0x00000000eab00000,0x00000000eab00000,0x00000000ec000000)
  from space 512K, 98% used [0x00000000ec000000,0x00000000ec07e810,0x00000000ec080000)
  to   space 1024K, 0% used [0x00000000ec180000,0x00000000ec180000,0x00000000ec280000)
 ParOldGen       total 68608K, used 38465K [0x00000000c0000000, 0x00000000c4300000, 0x00000000eab00000)
  object space 68608K, 56% used [0x00000000c0000000,0x00000000c2590770,0x00000000c4300000)
 Metaspace       used 59531K, committed 60800K, reserved 1114112K
  class space    used 7231K, committed 7808K, reserved 1048576K
}
Event: 4.421 GC heap before
{Heap before GC invocations=35 (full 3):
 PSYoungGen      total 22016K, used 22010K [0x00000000eab00000, 0x00000000ec280000, 0x0000000100000000)
  eden space 21504K, 100% used [0x00000000eab00000,0x00000000ec000000,0x00000000ec000000)
  from space 512K, 98% used [0x00000000ec000000,0x00000000ec07e810,0x00000000ec080000)
  to   space 1024K, 0% used [0x00000000ec180000,0x00000000ec180000,0x00000000ec280000)
 ParOldGen       total 68608K, used 38465K [0x00000000c0000000, 0x00000000c4300000, 0x00000000eab00000)
  object space 68608K, 56% used [0x00000000c0000000,0x00000000c2590770,0x00000000c4300000)
 Metaspace       used 60813K, committed 62080K, reserved 1114112K
  class space    used 7465K, committed 8064K, reserved 1048576K
}
Event: 4.422 GC heap after
{Heap after GC invocations=35 (full 3):
 PSYoungGen      total 22528K, used 723K [0x00000000eab00000, 0x00000000ec280000, 0x0000000100000000)
  eden space 21504K, 0% used [0x00000000eab00000,0x00000000eab00000,0x00000000ec000000)
  from space 1024K, 70% used [0x00000000ec180000,0x00000000ec234c90,0x00000000ec280000)
  to   space 1024K, 0% used [0x00000000ec080000,0x00000000ec080000,0x00000000ec180000)
 ParOldGen       total 68608K, used 38711K [0x00000000c0000000, 0x00000000c4300000, 0x00000000eab00000)
  object space 68608K, 56% used [0x00000000c0000000,0x00000000c25cdc80,0x00000000c4300000)
 Metaspace       used 60813K, committed 62080K, reserved 1114112K
  class space    used 7465K, committed 8064K, reserved 1048576K
}
Event: 4.484 GC heap before
{Heap before GC invocations=36 (full 3):
 PSYoungGen      total 22528K, used 22227K [0x00000000eab00000, 0x00000000ec280000, 0x0000000100000000)
  eden space 21504K, 100% used [0x00000000eab00000,0x00000000ec000000,0x00000000ec000000)
  from space 1024K, 70% used [0x00000000ec180000,0x00000000ec234c90,0x00000000ec280000)
  to   space 1024K, 0% used [0x00000000ec080000,0x00000000ec080000,0x00000000ec180000)
 ParOldGen       total 68608K, used 38711K [0x00000000c0000000, 0x00000000c4300000, 0x00000000eab00000)
  object space 68608K, 56% used [0x00000000c0000000,0x00000000c25cdc80,0x00000000c4300000)
 Metaspace       used 60931K, committed 62208K, reserved 1114112K
  class space    used 7486K, committed 8064K, reserved 1048576K
}
Event: 4.484 GC heap after
{Heap after GC invocations=36 (full 3):
 PSYoungGen      total 22528K, used 1008K [0x00000000eab00000, 0x00000000ec400000, 0x0000000100000000)
  eden space 21504K, 0% used [0x00000000eab00000,0x00000000eab00000,0x00000000ec000000)
  from space 1024K, 98% used [0x00000000ec080000,0x00000000ec17c2f8,0x00000000ec180000)
  to   space 2048K, 0% used [0x00000000ec200000,0x00000000ec200000,0x00000000ec400000)
 ParOldGen       total 68608K, used 39209K [0x00000000c0000000, 0x00000000c4300000, 0x00000000eab00000)
  object space 68608K, 57% used [0x00000000c0000000,0x00000000c264a7a8,0x00000000c4300000)
 Metaspace       used 60931K, committed 62208K, reserved 1114112K
  class space    used 7486K, committed 8064K, reserved 1048576K
}
Event: 4.530 GC heap before
{Heap before GC invocations=37 (full 3):
 PSYoungGen      total 22528K, used 22512K [0x00000000eab00000, 0x00000000ec400000, 0x0000000100000000)
  eden space 21504K, 100% used [0x00000000eab00000,0x00000000ec000000,0x00000000ec000000)
  from space 1024K, 98% used [0x00000000ec080000,0x00000000ec17c2f8,0x00000000ec180000)
  to   space 2048K, 0% used [0x00000000ec200000,0x00000000ec200000,0x00000000ec400000)
 ParOldGen       total 68608K, used 39209K [0x00000000c0000000, 0x00000000c4300000, 0x00000000eab00000)
  object space 68608K, 57% used [0x00000000c0000000,0x00000000c264a7a8,0x00000000c4300000)
 Metaspace       used 60931K, committed 62208K, reserved 1114112K
  class space    used 7486K, committed 8064K, reserved 1048576K
}
Event: 4.531 GC heap after
{Heap after GC invocations=37 (full 3):
 PSYoungGen      total 23040K, used 1449K [0x00000000eab00000, 0x00000000ec380000, 0x0000000100000000)
  eden space 21504K, 0% used [0x00000000eab00000,0x00000000eab00000,0x00000000ec000000)
  from space 1536K, 94% used [0x00000000ec200000,0x00000000ec36a4b8,0x00000000ec380000)
  to   space 1536K, 0% used [0x00000000ec080000,0x00000000ec080000,0x00000000ec200000)
 ParOldGen       total 68608K, used 39385K [0x00000000c0000000, 0x00000000c4300000, 0x00000000eab00000)
  object space 68608K, 57% used [0x00000000c0000000,0x00000000c26767a8,0x00000000c4300000)
 Metaspace       used 60931K, committed 62208K, reserved 1114112K
  class space    used 7486K, committed 8064K, reserved 1048576K
}
Event: 4.584 GC heap before
{Heap before GC invocations=38 (full 3):
 PSYoungGen      total 23040K, used 22953K [0x00000000eab00000, 0x00000000ec380000, 0x0000000100000000)
  eden space 21504K, 100% used [0x00000000eab00000,0x00000000ec000000,0x00000000ec000000)
  from space 1536K, 94% used [0x00000000ec200000,0x00000000ec36a4b8,0x00000000ec380000)
  to   space 1536K, 0% used [0x00000000ec080000,0x00000000ec080000,0x00000000ec200000)
 ParOldGen       total 68608K, used 39385K [0x00000000c0000000, 0x00000000c4300000, 0x00000000eab00000)
  object space 68608K, 57% used [0x00000000c0000000,0x00000000c26767a8,0x00000000c4300000)
 Metaspace       used 60932K, committed 62208K, reserved 1114112K
  class space    used 7486K, committed 8064K, reserved 1048576K
}
Event: 4.585 GC heap after
{Heap after GC invocations=38 (full 3):
 PSYoungGen      total 23040K, used 1293K [0x00000000eab00000, 0x00000000ec300000, 0x0000000100000000)
  eden space 21504K, 0% used [0x00000000eab00000,0x00000000eab00000,0x00000000ec000000)
  from space 1536K, 84% used [0x00000000ec080000,0x00000000ec1c35e0,0x00000000ec200000)
  to   space 1024K, 0% used [0x00000000ec200000,0x00000000ec200000,0x00000000ec300000)
 ParOldGen       total 68608K, used 39465K [0x00000000c0000000, 0x00000000c4300000, 0x00000000eab00000)
  object space 68608K, 57% used [0x00000000c0000000,0x00000000c268a7a8,0x00000000c4300000)
 Metaspace       used 60932K, committed 62208K, reserved 1114112K
  class space    used 7486K, committed 8064K, reserved 1048576K
}
Event: 4.638 GC heap before
{Heap before GC invocations=39 (full 3):
 PSYoungGen      total 23040K, used 22797K [0x00000000eab00000, 0x00000000ec300000, 0x0000000100000000)
  eden space 21504K, 100% used [0x00000000eab00000,0x00000000ec000000,0x00000000ec000000)
  from space 1536K, 84% used [0x00000000ec080000,0x00000000ec1c35e0,0x00000000ec200000)
  to   space 1024K, 0% used [0x00000000ec200000,0x00000000ec200000,0x00000000ec300000)
 ParOldGen       total 68608K, used 39465K [0x00000000c0000000, 0x00000000c4300000, 0x00000000eab00000)
  object space 68608K, 57% used [0x00000000c0000000,0x00000000c268a7a8,0x00000000c4300000)
 Metaspace       used 60935K, committed 62208K, reserved 1114112K
  class space    used 7486K, committed 8064K, reserved 1048576K
}
Event: 4.639 GC heap after
{Heap after GC invocations=39 (full 3):
 PSYoungGen      total 22528K, used 1013K [0x00000000eab00000, 0x00000000ec300000, 0x0000000100000000)
  eden space 21504K, 0% used [0x00000000eab00000,0x00000000eab00000,0x00000000ec000000)
  from space 1024K, 98% used [0x00000000ec200000,0x00000000ec2fd588,0x00000000ec300000)
  to   space 1536K, 0% used [0x00000000ec000000,0x00000000ec000000,0x00000000ec180000)
 ParOldGen       total 68608K, used 39753K [0x00000000c0000000, 0x00000000c4300000, 0x00000000eab00000)
  object space 68608K, 57% used [0x00000000c0000000,0x00000000c26d2710,0x00000000c4300000)
 Metaspace       used 60935K, committed 62208K, reserved 1114112K
  class space    used 7486K, committed 8064K, reserved 1048576K
}
Event: 4.688 GC heap before
{Heap before GC invocations=40 (full 3):
 PSYoungGen      total 22528K, used 22517K [0x00000000eab00000, 0x00000000ec300000, 0x0000000100000000)
  eden space 21504K, 100% used [0x00000000eab00000,0x00000000ec000000,0x00000000ec000000)
  from space 1024K, 98% used [0x00000000ec200000,0x00000000ec2fd588,0x00000000ec300000)
  to   space 1536K, 0% used [0x00000000ec000000,0x00000000ec000000,0x00000000ec180000)
 ParOldGen       total 68608K, used 39753K [0x00000000c0000000, 0x00000000c4300000, 0x00000000eab00000)
  object space 68608K, 57% used [0x00000000c0000000,0x00000000c26d2710,0x00000000c4300000)
 Metaspace       used 60935K, committed 62208K, reserved 1114112K
  class space    used 7486K, committed 8064K, reserved 1048576K
}
Event: 4.688 GC heap after
{Heap after GC invocations=40 (full 3):
 PSYoungGen      total 23040K, used 1263K [0x00000000eab00000, 0x00000000ec300000, 0x0000000100000000)
  eden space 21504K, 0% used [0x00000000eab00000,0x00000000eab00000,0x00000000ec000000)
  from space 1536K, 82% used [0x00000000ec000000,0x00000000ec13bd78,0x00000000ec180000)
  to   space 1536K, 0% used [0x00000000ec180000,0x00000000ec180000,0x00000000ec300000)
 ParOldGen       total 68608K, used 39833K [0x00000000c0000000, 0x00000000c4300000, 0x00000000eab00000)
  object space 68608K, 58% used [0x00000000c0000000,0x00000000c26e6710,0x00000000c4300000)
 Metaspace       used 60935K, committed 62208K, reserved 1114112K
  class space    used 7486K, committed 8064K, reserved 1048576K
}
Event: 4.735 GC heap before
{Heap before GC invocations=41 (full 3):
 PSYoungGen      total 23040K, used 22767K [0x00000000eab00000, 0x00000000ec300000, 0x0000000100000000)
  eden space 21504K, 100% used [0x00000000eab00000,0x00000000ec000000,0x00000000ec000000)
  from space 1536K, 82% used [0x00000000ec000000,0x00000000ec13bd78,0x00000000ec180000)
  to   space 1536K, 0% used [0x00000000ec180000,0x00000000ec180000,0x00000000ec300000)
 ParOldGen       total 68608K, used 39833K [0x00000000c0000000, 0x00000000c4300000, 0x00000000eab00000)
  object space 68608K, 58% used [0x00000000c0000000,0x00000000c26e6710,0x00000000c4300000)
 Metaspace       used 60937K, committed 62208K, reserved 1114112K
  class space    used 7486K, committed 8064K, reserved 1048576K
}
Event: 4.735 GC heap after
{Heap after GC invocations=41 (full 3):
 PSYoungGen      total 23040K, used 986K [0x00000000eab00000, 0x00000000ec300000, 0x0000000100000000)
  eden space 21504K, 0% used [0x00000000eab00000,0x00000000eab00000,0x00000000ec000000)
  from space 1536K, 64% used [0x00000000ec180000,0x00000000ec276b78,0x00000000ec300000)
  to   space 1536K, 0% used [0x00000000ec000000,0x00000000ec000000,0x00000000ec180000)
 ParOldGen       total 68608K, used 39929K [0x00000000c0000000, 0x00000000c4300000, 0x00000000eab00000)
  object space 68608K, 58% used [0x00000000c0000000,0x00000000c26fe710,0x00000000c4300000)
 Metaspace       used 60937K, committed 62208K, reserved 1114112K
  class space    used 7486K, committed 8064K, reserved 1048576K
}
Event: 4.779 GC heap before
{Heap before GC invocations=42 (full 3):
 PSYoungGen      total 23040K, used 22490K [0x00000000eab00000, 0x00000000ec300000, 0x0000000100000000)
  eden space 21504K, 100% used [0x00000000eab00000,0x00000000ec000000,0x00000000ec000000)
  from space 1536K, 64% used [0x00000000ec180000,0x00000000ec276b78,0x00000000ec300000)
  to   space 1536K, 0% used [0x00000000ec000000,0x00000000ec000000,0x00000000ec180000)
 ParOldGen       total 68608K, used 39929K [0x00000000c0000000, 0x00000000c4300000, 0x00000000eab00000)
  object space 68608K, 58% used [0x00000000c0000000,0x00000000c26fe710,0x00000000c4300000)
 Metaspace       used 60944K, committed 62208K, reserved 1114112K
  class space    used 7486K, committed 8064K, reserved 1048576K
}
Event: 4.780 GC heap after
{Heap after GC invocations=42 (full 3):
 PSYoungGen      total 22528K, used 877K [0x00000000eab00000, 0x00000000ec200000, 0x0000000100000000)
  eden space 21504K, 0% used [0x00000000eab00000,0x00000000eab00000,0x00000000ec000000)
  from space 1024K, 85% used [0x00000000ec000000,0x00000000ec0db4f8,0x00000000ec100000)
  to   space 1024K, 0% used [0x00000000ec100000,0x00000000ec100000,0x00000000ec200000)
 ParOldGen       total 68608K, used 39977K [0x00000000c0000000, 0x00000000c4300000, 0x00000000eab00000)
  object space 68608K, 58% used [0x00000000c0000000,0x00000000c270a710,0x00000000c4300000)
 Metaspace       used 60944K, committed 62208K, reserved 1114112K
  class space    used 7486K, committed 8064K, reserved 1048576K
}
Event: 4.852 GC heap before
{Heap before GC invocations=43 (full 3):
 PSYoungGen      total 22528K, used 22381K [0x00000000eab00000, 0x00000000ec200000, 0x0000000100000000)
  eden space 21504K, 100% used [0x00000000eab00000,0x00000000ec000000,0x00000000ec000000)
  from space 1024K, 85% used [0x00000000ec000000,0x00000000ec0db4f8,0x00000000ec100000)
  to   space 1024K, 0% used [0x00000000ec100000,0x00000000ec100000,0x00000000ec200000)
 ParOldGen       total 68608K, used 39977K [0x00000000c0000000, 0x00000000c4300000, 0x00000000eab00000)
  object space 68608K, 58% used [0x00000000c0000000,0x00000000c270a710,0x00000000c4300000)
 Metaspace       used 61622K, committed 62912K, reserved 1114112K
  class space    used 7598K, committed 8192K, reserved 1048576K
}
Event: 4.852 GC heap after
{Heap after GC invocations=43 (full 3):
 PSYoungGen      total 22528K, used 480K [0x00000000eab00000, 0x00000000ec200000, 0x0000000100000000)
  eden space 21504K, 0% used [0x00000000eab00000,0x00000000eab00000,0x00000000ec000000)
  from space 1024K, 46% used [0x00000000ec100000,0x00000000ec178000,0x00000000ec200000)
  to   space 1024K, 0% used [0x00000000ec000000,0x00000000ec000000,0x00000000ec100000)
 ParOldGen       total 68608K, used 40001K [0x00000000c0000000, 0x00000000c4300000, 0x00000000eab00000)
  object space 68608K, 58% used [0x00000000c0000000,0x00000000c2710710,0x00000000c4300000)
 Metaspace       used 61622K, committed 62912K, reserved 1114112K
  class space    used 7598K, committed 8192K, reserved 1048576K
}

Dll operation events (15 events):
Event: 0.005 Loaded shared library c:\Users\GoldenDragon\.vscode\extensions\redhat.java-1.41.1-win32-x64\jre\21.0.6-win32-x86_64\bin\java.dll
Event: 0.038 Loaded shared library c:\Users\GoldenDragon\.vscode\extensions\redhat.java-1.41.1-win32-x64\jre\21.0.6-win32-x86_64\bin\zip.dll
Event: 0.048 Loaded shared library C:\Users\GoldenDragon\.vscode\extensions\redhat.java-1.41.1-win32-x64\jre\21.0.6-win32-x86_64\bin\instrument.dll
Event: 0.051 Loaded shared library C:\Users\GoldenDragon\.vscode\extensions\redhat.java-1.41.1-win32-x64\jre\21.0.6-win32-x86_64\bin\net.dll
Event: 0.055 Loaded shared library C:\Users\GoldenDragon\.vscode\extensions\redhat.java-1.41.1-win32-x64\jre\21.0.6-win32-x86_64\bin\nio.dll
Event: 0.056 Loaded shared library C:\Users\GoldenDragon\.vscode\extensions\redhat.java-1.41.1-win32-x64\jre\21.0.6-win32-x86_64\bin\zip.dll
Event: 0.064 Loaded shared library C:\Users\GoldenDragon\.vscode\extensions\redhat.java-1.41.1-win32-x64\jre\21.0.6-win32-x86_64\bin\jimage.dll
Event: 0.097 Loaded shared library c:\Users\GoldenDragon\.vscode\extensions\redhat.java-1.41.1-win32-x64\jre\21.0.6-win32-x86_64\bin\verify.dll
Event: 0.601 Loaded shared library C:\Users\GoldenDragon\AppData\Roaming\Code\User\globalStorage\redhat.java\1.41.1\config_win\org.eclipse.equinox.launcher\org.eclipse.equinox.launcher.win32.win32.x86_64_1.2.1300.v20250331-1702\eclipse_11911.dll
Event: 1.653 Loaded shared library C:\Users\GoldenDragon\.vscode\extensions\redhat.java-1.41.1-win32-x64\jre\21.0.6-win32-x86_64\bin\management.dll
Event: 1.655 Loaded shared library C:\Users\GoldenDragon\.vscode\extensions\redhat.java-1.41.1-win32-x64\jre\21.0.6-win32-x86_64\bin\management_ext.dll
Event: 1.780 Loaded shared library C:\Users\GoldenDragon\AppData\Local\Temp\jna--597210980\jna10806178822525010368.dll
Event: 3.321 Loaded shared library C:\Users\GoldenDragon\.gradle\native\c067742578af261105cb4f569cf0c3c89f3d7b1fecec35dd04571415982c5e48\windows-amd64\native-platform.dll
Event: 4.839 Loaded shared library C:\Users\GoldenDragon\.vscode\extensions\redhat.java-1.41.1-win32-x64\jre\21.0.6-win32-x86_64\bin\extnet.dll
Event: 5.924 Loaded shared library C:\Users\GoldenDragon\.vscode\extensions\redhat.java-1.41.1-win32-x64\jre\21.0.6-win32-x86_64\bin\sunmscapi.dll

Deoptimization events (20 events):
Event: 5.927 Thread 0x000002601aa47200 DEOPT PACKING pc=0x0000025fc61e6694 sp=0x000000c748b3bee0
Event: 5.927 Thread 0x000002601aa47200 DEOPT UNPACKING pc=0x0000025fc5a43aa2 sp=0x000000c748b3be88 mode 2
Event: 5.931 Thread 0x000002601aa47200 DEOPT PACKING pc=0x0000025fbf34e078 sp=0x000000c748b3c980
Event: 5.931 Thread 0x000002601aa47200 DEOPT UNPACKING pc=0x0000025fc5a44242 sp=0x000000c748b3be80 mode 0
Event: 5.938 Thread 0x000002601aa47200 Uncommon trap: trap_request=0xffffff45 fr.pc=0x0000025fc6496878 relative=0x0000000000000ab8
Event: 5.938 Thread 0x000002601aa47200 Uncommon trap: reason=unstable_if action=reinterpret pc=0x0000025fc6496878 method=sun.nio.fs.WindowsPath.openForReadAttributeAccess(Z)J @ 5 c2
Event: 5.938 Thread 0x000002601aa47200 DEOPT PACKING pc=0x0000025fc6496878 sp=0x000000c748b3da60
Event: 5.938 Thread 0x000002601aa47200 DEOPT UNPACKING pc=0x0000025fc5a43aa2 sp=0x000000c748b3da38 mode 2
Event: 5.938 Thread 0x000002601aa47200 Uncommon trap: trap_request=0xffffff45 fr.pc=0x0000025fc649e960 relative=0x0000000000000aa0
Event: 5.938 Thread 0x000002601aa47200 Uncommon trap: reason=unstable_if action=reinterpret pc=0x0000025fc649e960 method=sun.nio.fs.WindowsNativeDispatcher.asNativeBuffer(Ljava/lang/String;)Lsun/nio/fs/NativeBuffer; @ 52 c2
Event: 5.938 Thread 0x000002601aa47200 DEOPT PACKING pc=0x0000025fc649e960 sp=0x000000c748b3d9e0
Event: 5.938 Thread 0x000002601aa47200 DEOPT UNPACKING pc=0x0000025fc5a43aa2 sp=0x000000c748b3d888 mode 2
Event: 5.939 Thread 0x000002601aa47200 Uncommon trap: trap_request=0xffffff45 fr.pc=0x0000025fc6493df0 relative=0x0000000000000670
Event: 5.939 Thread 0x000002601aa47200 Uncommon trap: reason=unstable_if action=reinterpret pc=0x0000025fc6493df0 method=sun.nio.fs.WindowsFileAttributes.isReparsePoint(I)Z @ 5 c2
Event: 5.939 Thread 0x000002601aa47200 DEOPT PACKING pc=0x0000025fc6493df0 sp=0x000000c748b3da80
Event: 5.939 Thread 0x000002601aa47200 DEOPT UNPACKING pc=0x0000025fc5a43aa2 sp=0x000000c748b3d9a8 mode 2
Event: 5.939 Thread 0x000002601aa47200 Uncommon trap: trap_request=0xffffff45 fr.pc=0x0000025fc647c8f8 relative=0x00000000000001b8
Event: 5.939 Thread 0x000002601aa47200 Uncommon trap: reason=unstable_if action=reinterpret pc=0x0000025fc647c8f8 method=sun.nio.fs.NativeBuffers.getNativeBufferFromCache(I)Lsun/nio/fs/NativeBuffer; @ 34 c2
Event: 5.939 Thread 0x000002601aa47200 DEOPT PACKING pc=0x0000025fc647c8f8 sp=0x000000c748b3d990
Event: 5.939 Thread 0x000002601aa47200 DEOPT UNPACKING pc=0x0000025fc5a43aa2 sp=0x000000c748b3d918 mode 2

Classes loaded (20 events):
Event: 5.935 Loading class com/sun/security/sasl/Provider$1
Event: 5.935 Loading class com/sun/security/sasl/Provider$1 done
Event: 5.935 Loading class com/sun/security/sasl/Provider$ProviderService
Event: 5.935 Loading class com/sun/security/sasl/Provider$ProviderService done
Event: 5.935 Loading class sun/security/provider/certpath/ldap/JdkLDAP
Event: 5.935 Loading class sun/security/provider/certpath/ldap/JdkLDAP done
Event: 5.935 Loading class sun/security/provider/certpath/ldap/JdkLDAP$ProviderService
Event: 5.935 Loading class sun/security/provider/certpath/ldap/JdkLDAP$ProviderService done
Event: 5.936 Loading class sun/nio/ch/ServerSocketChannelImpl
Event: 5.936 Loading class sun/nio/ch/ServerSocketChannelImpl done
Event: 5.938 Loading class java/nio/BufferMismatch
Event: 5.938 Loading class java/nio/BufferMismatch done
Event: 5.938 Loading class sun/nio/ch/SourceChannelImpl
Event: 5.938 Loading class java/nio/channels/Pipe$SourceChannel
Event: 5.938 Loading class java/nio/channels/Pipe$SourceChannel done
Event: 5.938 Loading class sun/nio/ch/SourceChannelImpl done
Event: 5.938 Loading class sun/nio/ch/SinkChannelImpl
Event: 5.938 Loading class java/nio/channels/Pipe$SinkChannel
Event: 5.938 Loading class java/nio/channels/Pipe$SinkChannel done
Event: 5.938 Loading class sun/nio/ch/SinkChannelImpl done

Classes unloaded (7 events):
Event: 1.414 Thread 0x0000025fcf784070 Unloading class 0x0000025fd119d400 'java/lang/invoke/LambdaForm$MH+0x0000025fd119d400'
Event: 1.414 Thread 0x0000025fcf784070 Unloading class 0x0000025fd119d000 'java/lang/invoke/LambdaForm$MH+0x0000025fd119d000'
Event: 1.414 Thread 0x0000025fcf784070 Unloading class 0x0000025fd119cc00 'java/lang/invoke/LambdaForm$MH+0x0000025fd119cc00'
Event: 1.414 Thread 0x0000025fcf784070 Unloading class 0x0000025fd119c800 'java/lang/invoke/LambdaForm$MH+0x0000025fd119c800'
Event: 1.414 Thread 0x0000025fcf784070 Unloading class 0x0000025fd119c400 'java/lang/invoke/LambdaForm$BMH+0x0000025fd119c400'
Event: 1.414 Thread 0x0000025fcf784070 Unloading class 0x0000025fd119c000 'java/lang/invoke/LambdaForm$DMH+0x0000025fd119c000'
Event: 1.414 Thread 0x0000025fcf784070 Unloading class 0x0000025fd119ac00 'java/lang/invoke/LambdaForm$DMH+0x0000025fd119ac00'

Classes redefined (0 events):
No events

Internal exceptions (20 events):
Event: 3.821 Thread 0x000002601aa457c0 Exception <a 'java/lang/NoSuchMethodError'{0x00000000eb6c8d90}: 'java.lang.Object java.lang.invoke.DirectMethodHandle$Holder.invokeStatic(java.lang.Object, java.lang.Object, java.lang.Object, java.lang.Object, java.lang.Object, java.lang.Object, java.lang.Object, java.lang.Object, java.lang.Object, java.lang.Object, java.lang.Object, java.lang.Object, java.lang.Object)'> (0x00000000eb6c8d90) 
thrown [s\src\hotspot\share\interpreter\linkResolver.cpp, line 773]
Event: 3.904 Thread 0x000002601aa436f0 Exception <a 'java/lang/NoSuchMethodError'{0x00000000eaf689b8}: 'void java.lang.invoke.DirectMethodHandle$Holder.invokeStatic(java.lang.Object, long)'> (0x00000000eaf689b8) 
thrown [s\src\hotspot\share\interpreter\linkResolver.cpp, line 773]
Event: 3.967 Thread 0x000002601aa436f0 Exception <a 'java/lang/NoSuchMethodError'{0x00000000eaf8c4f8}: 'void java.lang.invoke.DirectMethodHandle$Holder.invokeSpecial(java.lang.Object, java.lang.Object, int)'> (0x00000000eaf8c4f8) 
thrown [s\src\hotspot\share\interpreter\linkResolver.cpp, line 773]
Event: 3.967 Thread 0x000002601aa436f0 Exception <a 'java/lang/NoSuchMethodError'{0x00000000eafc8cb8}: 'java.lang.Object java.lang.invoke.DirectMethodHandle$Holder.newInvokeSpecial(java.lang.Object, java.lang.Object, int)'> (0x00000000eafc8cb8) 
thrown [s\src\hotspot\share\interpreter\linkResolver.cpp, line 773]
Event: 3.993 Thread 0x00000260192d4d50 Exception <a 'java/lang/NoSuchMethodError'{0x00000000eb34ac00}: 'java.lang.Object java.lang.invoke.DirectMethodHandle$Holder.invokeStaticInit(java.lang.Object, int)'> (0x00000000eb34ac00) 
thrown [s\src\hotspot\share\interpreter\linkResolver.cpp, line 773]
Event: 3.995 Thread 0x00000260192d4d50 Exception <a 'sun/nio/fs/WindowsException'{0x00000000eb37f2a8}> (0x00000000eb37f2a8) 
thrown [s\src\hotspot\share\prims\jni.cpp, line 520]
Event: 3.997 Thread 0x000002601aa46b70 Exception <a 'sun/nio/fs/WindowsException'{0x00000000eb3f38d0}> (0x00000000eb3f38d0) 
thrown [s\src\hotspot\share\prims\jni.cpp, line 520]
Event: 4.007 Thread 0x00000260192d4d50 Exception <a 'sun/nio/fs/WindowsException'{0x00000000eb4c25e8}> (0x00000000eb4c25e8) 
thrown [s\src\hotspot\share\prims\jni.cpp, line 520]
Event: 4.009 Thread 0x00000260192d4d50 Exception <a 'sun/nio/fs/WindowsException'{0x00000000eb4f3a78}> (0x00000000eb4f3a78) 
thrown [s\src\hotspot\share\prims\jni.cpp, line 520]
Event: 4.010 Thread 0x00000260192d4d50 Exception <a 'sun/nio/fs/WindowsException'{0x00000000eb4fe490}> (0x00000000eb4fe490) 
thrown [s\src\hotspot\share\prims\jni.cpp, line 520]
Event: 4.044 Thread 0x00000260192d4d50 Exception <a 'sun/nio/fs/WindowsException'{0x00000000eb6e49c8}> (0x00000000eb6e49c8) 
thrown [s\src\hotspot\share\prims\jni.cpp, line 520]
Event: 4.047 Thread 0x00000260192d4d50 Exception <a 'java/io/FileNotFoundException'{0x00000000eb753de0}> (0x00000000eb753de0) 
thrown [s\src\hotspot\share\prims\jni.cpp, line 520]
Event: 4.047 Thread 0x00000260192d4d50 Exception <a 'java/io/FileNotFoundException'{0x00000000eb7550c8}> (0x00000000eb7550c8) 
thrown [s\src\hotspot\share\prims\jni.cpp, line 520]
Event: 4.047 Thread 0x00000260192d4d50 Exception <a 'java/io/FileNotFoundException'{0x00000000eb756110}> (0x00000000eb756110) 
thrown [s\src\hotspot\share\prims\jni.cpp, line 520]
Event: 4.063 Thread 0x00000260192d4d50 Exception <a 'sun/nio/fs/WindowsException'{0x00000000eb8d3748}> (0x00000000eb8d3748) 
thrown [s\src\hotspot\share\prims\jni.cpp, line 520]
Event: 4.065 Thread 0x00000260192d4d50 Exception <a 'sun/nio/fs/WindowsException'{0x00000000eb8f6e88}> (0x00000000eb8f6e88) 
thrown [s\src\hotspot\share\prims\jni.cpp, line 520]
Event: 4.430 Thread 0x000002601aa47200 Exception <a 'java/lang/NoSuchMethodError'{0x00000000eaca9860}: 'long java.lang.invoke.DirectMethodHandle$Holder.invokeSpecial(java.lang.Object, java.lang.Object)'> (0x00000000eaca9860) 
thrown [s\src\hotspot\share\interpreter\linkResolver.cpp, line 773]
Event: 4.430 Thread 0x000002601aa47200 Exception <a 'java/lang/NoSuchMethodError'{0x00000000eacacc98}: 'long java.lang.invoke.Invokers$Holder.invokeExact_MT(java.lang.Object, java.lang.Object)'> (0x00000000eacacc98) 
thrown [s\src\hotspot\share\interpreter\linkResolver.cpp, line 773]
Event: 4.826 Thread 0x000002601aa47200 Exception <a 'java/lang/NoSuchMethodError'{0x00000000ebc927f8}: 'long java.lang.invoke.DirectMethodHandle$Holder.invokeVirtual(java.lang.Object, java.lang.Object)'> (0x00000000ebc927f8) 
thrown [s\src\hotspot\share\interpreter\linkResolver.cpp, line 773]
Event: 4.826 Thread 0x000002601aa47200 Exception <a 'java/lang/NoSuchMethodError'{0x00000000ebc95bf8}: 'long java.lang.invoke.DelegatingMethodHandle$Holder.reinvoke_L(java.lang.Object, java.lang.Object)'> (0x00000000ebc95bf8) 
thrown [s\src\hotspot\share\interpreter\linkResolver.cpp, line 773]

ZGC Phase Switch (0 events):
No events

VM Operations (20 events):
Event: 4.530 Executing VM operation: ParallelGCFailedAllocation (Allocation Failure)
Event: 4.531 Executing VM operation: ParallelGCFailedAllocation (Allocation Failure) done
Event: 4.584 Executing VM operation: ParallelGCFailedAllocation (Allocation Failure)
Event: 4.585 Executing VM operation: ParallelGCFailedAllocation (Allocation Failure) done
Event: 4.638 Executing VM operation: ParallelGCFailedAllocation (Allocation Failure)
Event: 4.639 Executing VM operation: ParallelGCFailedAllocation (Allocation Failure) done
Event: 4.688 Executing VM operation: ParallelGCFailedAllocation (Allocation Failure)
Event: 4.688 Executing VM operation: ParallelGCFailedAllocation (Allocation Failure) done
Event: 4.735 Executing VM operation: ParallelGCFailedAllocation (Allocation Failure)
Event: 4.735 Executing VM operation: ParallelGCFailedAllocation (Allocation Failure) done
Event: 4.779 Executing VM operation: ParallelGCFailedAllocation (Allocation Failure)
Event: 4.780 Executing VM operation: ParallelGCFailedAllocation (Allocation Failure) done
Event: 4.852 Executing VM operation: ParallelGCFailedAllocation (Allocation Failure)
Event: 4.852 Executing VM operation: ParallelGCFailedAllocation (Allocation Failure) done
Event: 5.481 Executing VM operation: HandshakeAllThreads (Deoptimize)
Event: 5.481 Executing VM operation: HandshakeAllThreads (Deoptimize) done
Event: 5.921 Executing VM operation: HandshakeAllThreads (Deoptimize)
Event: 5.921 Executing VM operation: HandshakeAllThreads (Deoptimize) done
Event: 5.921 Executing VM operation: Cleanup
Event: 5.921 Executing VM operation: Cleanup done

Memory protections (0 events):
No events

Nmethod flushes (20 events):
Event: 4.271 Thread 0x0000025fcf784070 flushing  nmethod 0x0000025fbeef7890
Event: 4.271 Thread 0x0000025fcf784070 flushing  nmethod 0x0000025fbeef9190
Event: 4.271 Thread 0x0000025fcf784070 flushing  nmethod 0x0000025fbef04110
Event: 4.271 Thread 0x0000025fcf784070 flushing  nmethod 0x0000025fbef1a190
Event: 4.271 Thread 0x0000025fcf784070 flushing  nmethod 0x0000025fbef34310
Event: 4.271 Thread 0x0000025fcf784070 flushing  nmethod 0x0000025fbef3ae90
Event: 4.271 Thread 0x0000025fcf784070 flushing  nmethod 0x0000025fbef6c690
Event: 4.271 Thread 0x0000025fcf784070 flushing  nmethod 0x0000025fbef6df90
Event: 4.271 Thread 0x0000025fcf784070 flushing  nmethod 0x0000025fbef79c90
Event: 4.271 Thread 0x0000025fcf784070 flushing  nmethod 0x0000025fbef7d010
Event: 4.271 Thread 0x0000025fcf784070 flushing  nmethod 0x0000025fbef7d490
Event: 4.271 Thread 0x0000025fcf784070 flushing  nmethod 0x0000025fbef7d810
Event: 4.271 Thread 0x0000025fcf784070 flushing  nmethod 0x0000025fbef7ff90
Event: 4.271 Thread 0x0000025fcf784070 flushing  nmethod 0x0000025fbef91b10
Event: 4.271 Thread 0x0000025fcf784070 flushing  nmethod 0x0000025fbef9f610
Event: 4.271 Thread 0x0000025fcf784070 flushing  nmethod 0x0000025fbef9fe10
Event: 4.271 Thread 0x0000025fcf784070 flushing  nmethod 0x0000025fbefaa910
Event: 4.271 Thread 0x0000025fcf784070 flushing  nmethod 0x0000025fbefdd990
Event: 4.271 Thread 0x0000025fcf784070 flushing  nmethod 0x0000025fbefde010
Event: 4.271 Thread 0x0000025fcf784070 flushing  nmethod 0x0000025fbefdf390

Events (20 events):
Event: 3.996 Thread 0x000002601aa47f20 Thread added: 0x000002601aa48c40
Event: 3.996 Thread 0x000002601aa48c40 Thread added: 0x000002601aa46b70
Event: 4.001 Thread 0x000002601834daf0 Thread exited: 0x000002601834daf0
Event: 4.069 Thread 0x00000260192d4d50 Thread added: 0x000002601aa464e0
Event: 4.070 Thread 0x00000260192d4d50 Thread added: 0x000002601aa47200
Event: 4.080 Thread 0x000002601aa47200 Thread exited: 0x000002601aa47200
Event: 4.080 Thread 0x00000260192d4d50 Thread added: 0x000002601aa457c0
Event: 4.082 Thread 0x00000260192d4d50 Thread added: 0x000002601aa47200
Event: 4.831 Thread 0x000002601aa47200 Thread added: 0x000002601aa485b0
Event: 4.884 Thread 0x000002601aa47200 Thread added: 0x000002601aa492d0
Event: 4.889 Thread 0x000002601aa492d0 Thread added: 0x000002601ea221a0
Event: 4.889 Thread 0x000002601aa492d0 Thread added: 0x000002601ea22ec0
Event: 4.889 Thread 0x000002601ea221a0 Thread exited: 0x000002601ea221a0
Event: 4.983 Thread 0x000002601834cd50 Thread exited: 0x000002601834cd50
Event: 5.015 Thread 0x000002601834c680 Thread exited: 0x000002601834c680
Event: 5.231 Thread 0x000002601834ef60 Thread exited: 0x000002601834ef60
Event: 5.231 Thread 0x000002601834bfb0 Thread exited: 0x000002601834bfb0
Event: 5.480 Thread 0x0000026011f58f60 Thread exited: 0x0000026011f58f60
Event: 5.898 Thread 0x000002601aa492d0 Thread exited: 0x000002601aa492d0
Event: 5.898 Thread 0x000002601ea22ec0 Thread exited: 0x000002601ea22ec0


Dynamic libraries:
0x00007ff663cc0000 - 0x00007ff663cce000 	c:\Users\GoldenDragon\.vscode\extensions\redhat.java-1.41.1-win32-x64\jre\21.0.6-win32-x86_64\bin\java.exe
0x00007ff9396c0000 - 0x00007ff939920000 	C:\WINDOWS\SYSTEM32\ntdll.dll
0x00007ff937bd0000 - 0x00007ff937c97000 	C:\WINDOWS\System32\KERNEL32.DLL
0x00007ff936a10000 - 0x00007ff936ddb000 	C:\WINDOWS\System32\KERNELBASE.dll
0x00007ff937370000 - 0x00007ff9374bb000 	C:\WINDOWS\System32\ucrtbase.dll
0x00007ff91c130000 - 0x00007ff91c14e000 	c:\Users\GoldenDragon\.vscode\extensions\redhat.java-1.41.1-win32-x64\jre\21.0.6-win32-x86_64\bin\VCRUNTIME140.dll
0x00007ff9234a0000 - 0x00007ff9234b8000 	c:\Users\GoldenDragon\.vscode\extensions\redhat.java-1.41.1-win32-x64\jre\21.0.6-win32-x86_64\bin\jli.dll
0x00007ff938e60000 - 0x00007ff93902c000 	C:\WINDOWS\System32\USER32.dll
0x00007ff91d4b0000 - 0x00007ff91d747000 	C:\WINDOWS\WinSxS\amd64_microsoft.windows.common-controls_6595b64144ccf1df_6.0.26100.3624_none_3e086962e3345f24\COMCTL32.dll
0x00007ff937130000 - 0x00007ff937157000 	C:\WINDOWS\System32\win32u.dll
0x00007ff937ca0000 - 0x00007ff937cca000 	C:\WINDOWS\System32\GDI32.dll
0x00007ff937670000 - 0x00007ff937719000 	C:\WINDOWS\System32\msvcrt.dll
0x00007ff936ff0000 - 0x00007ff937121000 	C:\WINDOWS\System32\gdi32full.dll
0x00007ff936960000 - 0x00007ff936a03000 	C:\WINDOWS\System32\msvcp_win.dll
0x00007ff938160000 - 0x00007ff93818f000 	C:\WINDOWS\System32\IMM32.DLL
0x00007ff927a60000 - 0x00007ff927a6c000 	c:\Users\GoldenDragon\.vscode\extensions\redhat.java-1.41.1-win32-x64\jre\21.0.6-win32-x86_64\bin\vcruntime140_1.dll
0x00007ff8d6c40000 - 0x00007ff8d6ccd000 	c:\Users\GoldenDragon\.vscode\extensions\redhat.java-1.41.1-win32-x64\jre\21.0.6-win32-x86_64\bin\msvcp140.dll
0x00007ff8a5e80000 - 0x00007ff8a6c10000 	c:\Users\GoldenDragon\.vscode\extensions\redhat.java-1.41.1-win32-x64\jre\21.0.6-win32-x86_64\bin\server\jvm.dll
0x00007ff939510000 - 0x00007ff9395c3000 	C:\WINDOWS\System32\ADVAPI32.dll
0x00007ff9395d0000 - 0x00007ff939676000 	C:\WINDOWS\System32\sechost.dll
0x00007ff9393f0000 - 0x00007ff939506000 	C:\WINDOWS\System32\RPCRT4.dll
0x00007ff937d80000 - 0x00007ff937df4000 	C:\WINDOWS\System32\WS2_32.dll
0x00007ff936670000 - 0x00007ff9366ce000 	C:\WINDOWS\SYSTEM32\POWRPROF.dll
0x00007ff91ed30000 - 0x00007ff91ed3b000 	C:\WINDOWS\SYSTEM32\VERSION.dll
0x00007ff92cdb0000 - 0x00007ff92cde6000 	C:\WINDOWS\SYSTEM32\WINMM.dll
0x00007ff936540000 - 0x00007ff936554000 	C:\WINDOWS\SYSTEM32\UMPDC.dll
0x00007ff9356b0000 - 0x00007ff9356ca000 	C:\WINDOWS\SYSTEM32\kernel.appcore.dll
0x00007ff925920000 - 0x00007ff92592a000 	c:\Users\GoldenDragon\.vscode\extensions\redhat.java-1.41.1-win32-x64\jre\21.0.6-win32-x86_64\bin\jimage.dll
0x00007ff934000000 - 0x00007ff934241000 	C:\WINDOWS\SYSTEM32\DBGHELP.DLL
0x00007ff939030000 - 0x00007ff9393b3000 	C:\WINDOWS\System32\combase.dll
0x00007ff937830000 - 0x00007ff937906000 	C:\WINDOWS\System32\OLEAUT32.dll
0x00007ff91ed60000 - 0x00007ff91ed99000 	C:\WINDOWS\SYSTEM32\dbgcore.DLL
0x00007ff936f50000 - 0x00007ff936fe9000 	C:\WINDOWS\System32\bcryptPrimitives.dll
0x00007ff91c3c0000 - 0x00007ff91c3cf000 	c:\Users\GoldenDragon\.vscode\extensions\redhat.java-1.41.1-win32-x64\jre\21.0.6-win32-x86_64\bin\instrument.dll
0x00007ff91c110000 - 0x00007ff91c12f000 	c:\Users\GoldenDragon\.vscode\extensions\redhat.java-1.41.1-win32-x64\jre\21.0.6-win32-x86_64\bin\java.dll
0x00007ff9381a0000 - 0x00007ff9388c9000 	C:\WINDOWS\System32\SHELL32.dll
0x00007ff936de0000 - 0x00007ff936f48000 	C:\WINDOWS\System32\wintypes.dll
0x00007ff934580000 - 0x00007ff934dd2000 	C:\WINDOWS\SYSTEM32\windows.storage.dll
0x00007ff9388d0000 - 0x00007ff9389bd000 	C:\WINDOWS\System32\SHCORE.dll
0x00007ff937b50000 - 0x00007ff937bb4000 	C:\WINDOWS\System32\shlwapi.dll
0x00007ff9367b0000 - 0x00007ff9367df000 	C:\WINDOWS\SYSTEM32\profapi.dll
0x00007ff8feab0000 - 0x00007ff8feac8000 	c:\Users\GoldenDragon\.vscode\extensions\redhat.java-1.41.1-win32-x64\jre\21.0.6-win32-x86_64\bin\zip.dll
0x00007ff91c0b0000 - 0x00007ff91c0c0000 	C:\Users\GoldenDragon\.vscode\extensions\redhat.java-1.41.1-win32-x64\jre\21.0.6-win32-x86_64\bin\net.dll
0x00007ff92e630000 - 0x00007ff92e74d000 	C:\WINDOWS\SYSTEM32\WINHTTP.dll
0x0000000180000000 - 0x000000018008c000 	C:\WINDOWS\system32\ASProxy64.dll
0x00007ff9379b0000 - 0x00007ff937b46000 	C:\WINDOWS\System32\ole32.dll
0x00007ff935bd0000 - 0x00007ff935c3a000 	C:\WINDOWS\SYSTEM32\MSWSOCK.dll
0x00007ff935130000 - 0x00007ff935163000 	C:\WINDOWS\SYSTEM32\IPHLPAPI.DLL
0x00007ff935950000 - 0x00007ff935999000 	C:\WINDOWS\SYSTEM32\SspiCli.dll
0x00007ff8fa980000 - 0x00007ff8fa996000 	C:\Users\GoldenDragon\.vscode\extensions\redhat.java-1.41.1-win32-x64\jre\21.0.6-win32-x86_64\bin\nio.dll
0x00007ff91b210000 - 0x00007ff91b220000 	c:\Users\GoldenDragon\.vscode\extensions\redhat.java-1.41.1-win32-x64\jre\21.0.6-win32-x86_64\bin\verify.dll
0x00007ff9335a0000 - 0x00007ff93364e000 	C:\WINDOWS\system32\uxtheme.dll
0x00007ff8d7630000 - 0x00007ff8d7675000 	C:\Users\GoldenDragon\AppData\Roaming\Code\User\globalStorage\redhat.java\1.41.1\config_win\org.eclipse.equinox.launcher\org.eclipse.equinox.launcher.win32.win32.x86_64_1.2.1300.v20250331-1702\eclipse_11911.dll
0x00007ff935e70000 - 0x00007ff935e8c000 	C:\WINDOWS\SYSTEM32\CRYPTSP.dll
0x00007ff935610000 - 0x00007ff93564a000 	C:\WINDOWS\system32\rsaenh.dll
0x00007ff935c70000 - 0x00007ff935c9b000 	C:\WINDOWS\SYSTEM32\USERENV.dll
0x00007ff936120000 - 0x00007ff936146000 	C:\WINDOWS\SYSTEM32\bcrypt.dll
0x00007ff935e90000 - 0x00007ff935e9c000 	C:\WINDOWS\SYSTEM32\CRYPTBASE.dll
0x00007ff9389c0000 - 0x00007ff9389ca000 	C:\WINDOWS\System32\NSI.dll
0x00007ff925a30000 - 0x00007ff925a3a000 	C:\Users\GoldenDragon\.vscode\extensions\redhat.java-1.41.1-win32-x64\jre\21.0.6-win32-x86_64\bin\management.dll
0x00007ff91a8e0000 - 0x00007ff91a8eb000 	C:\Users\GoldenDragon\.vscode\extensions\redhat.java-1.41.1-win32-x64\jre\21.0.6-win32-x86_64\bin\management_ext.dll
0x00007ff937bc0000 - 0x00007ff937bc8000 	C:\WINDOWS\System32\PSAPI.DLL
0x00007ff8d6e80000 - 0x00007ff8d6ec9000 	C:\Users\GoldenDragon\AppData\Local\Temp\jna--597210980\jna10806178822525010368.dll
0x00007ff926db0000 - 0x00007ff926dcf000 	C:\WINDOWS\SYSTEM32\dhcpcsvc6.DLL
0x00007ff926740000 - 0x00007ff926765000 	C:\WINDOWS\SYSTEM32\dhcpcsvc.DLL
0x00007ff8d98b0000 - 0x00007ff8d98d7000 	C:\Users\GoldenDragon\.gradle\native\c067742578af261105cb4f569cf0c3c89f3d7b1fecec35dd04571415982c5e48\windows-amd64\native-platform.dll
0x00007ff91a3d0000 - 0x00007ff91a3d9000 	C:\Users\GoldenDragon\.vscode\extensions\redhat.java-1.41.1-win32-x64\jre\21.0.6-win32-x86_64\bin\extnet.dll
0x00007ff907000000 - 0x00007ff90700e000 	C:\Users\GoldenDragon\.vscode\extensions\redhat.java-1.41.1-win32-x64\jre\21.0.6-win32-x86_64\bin\sunmscapi.dll
0x00007ff9371f0000 - 0x00007ff937367000 	C:\WINDOWS\System32\CRYPT32.dll
0x00007ff9360e0000 - 0x00007ff936110000 	C:\WINDOWS\SYSTEM32\ncrypt.dll
0x00007ff936090000 - 0x00007ff9360cf000 	C:\WINDOWS\SYSTEM32\NTASN1.dll
0x00007ff91b0a0000 - 0x00007ff91b0a8000 	C:\WINDOWS\system32\wshunix.dll

dbghelp: loaded successfully - version: 4.0.5 - missing functions: none
symbol engine: initialized successfully - sym options: 0x614 - pdb path: .;c:\Users\GoldenDragon\.vscode\extensions\redhat.java-1.41.1-win32-x64\jre\21.0.6-win32-x86_64\bin;C:\WINDOWS\SYSTEM32;C:\WINDOWS\WinSxS\amd64_microsoft.windows.common-controls_6595b64144ccf1df_6.0.26100.3624_none_3e086962e3345f24;c:\Users\GoldenDragon\.vscode\extensions\redhat.java-1.41.1-win32-x64\jre\21.0.6-win32-x86_64\bin\server;C:\Users\GoldenDragon\AppData\Roaming\Code\User\globalStorage\redhat.java\1.41.1\config_win\org.eclipse.equinox.launcher\org.eclipse.equinox.launcher.win32.win32.x86_64_1.2.1300.v20250331-1702;C:\Users\GoldenDragon\AppData\Local\Temp\jna--597210980;C:\Users\GoldenDragon\.gradle\native\c067742578af261105cb4f569cf0c3c89f3d7b1fecec35dd04571415982c5e48\windows-amd64

VM Arguments:
jvm_args: --add-modules=ALL-SYSTEM --add-opens=java.base/java.util=ALL-UNNAMED --add-opens=java.base/java.lang=ALL-UNNAMED --add-opens=java.base/sun.nio.fs=ALL-UNNAMED -Declipse.application=org.eclipse.jdt.ls.core.id1 -Dosgi.bundles.defaultStartLevel=4 -Declipse.product=org.eclipse.jdt.ls.core.product -Djava.import.generatesMetadataFilesAtProjectRoot=false -DDetectVMInstallationsJob.disabled=true -Dfile.encoding=utf8 -XX:+UseParallelGC -XX:GCTimeRatio=4 -XX:AdaptiveSizePolicyWeight=90 -Dsun.zip.disableMemoryMapping=true -Xmx1G -Xms100m -Xlog:disable -javaagent:c:\Users\GoldenDragon\.vscode\extensions\redhat.java-1.41.1-win32-x64\lombok\lombok-1.18.36.jar -XX:+HeapDumpOnOutOfMemoryError -XX:HeapDumpPath=c:\Users\GoldenDragon\AppData\Roaming\Code\User\workspaceStorage\22e452b2e6e0a7ca38ef7605ba2d858a\redhat.java -Daether.dependencyCollector.impl=bf 
java_command: c:\Users\GoldenDragon\.vscode\extensions\redhat.java-1.41.1-win32-x64\server\plugins\org.eclipse.equinox.launcher_1.7.0.v20250331-1702.jar -configuration c:\Users\GoldenDragon\AppData\Roaming\Code\User\globalStorage\redhat.java\1.41.1\config_win -data c:\Users\GoldenDragon\AppData\Roaming\Code\User\workspaceStorage\22e452b2e6e0a7ca38ef7605ba2d858a\redhat.java\jdt_ws --pipe=\\.\pipe\lsp-a82838107a455dcc5deaf327aacf8ed8-sock
java_class_path (initial): c:\Users\GoldenDragon\.vscode\extensions\redhat.java-1.41.1-win32-x64\server\plugins\org.eclipse.equinox.launcher_1.7.0.v20250331-1702.jar
Launcher Type: SUN_STANDARD

[Global flags]
    uintx AdaptiveSizePolicyWeight                 = 90                                        {product} {command line}
     intx CICompilerCount                          = 12                                        {product} {ergonomic}
    uintx GCTimeRatio                              = 4                                         {product} {command line}
     bool HeapDumpOnOutOfMemoryError               = true                                   {manageable} {command line}
    ccstr HeapDumpPath                             = c:\Users\GoldenDragon\AppData\Roaming\Code\User\workspaceStorage\22e452b2e6e0a7ca38ef7605ba2d858a\redhat.java         {manageable} {command line}
   size_t InitialHeapSize                          = 104857600                                 {product} {command line}
   size_t MaxHeapSize                              = 1073741824                                {product} {command line}
   size_t MaxNewSize                               = 357564416                                 {product} {ergonomic}
   size_t MinHeapDeltaBytes                        = 524288                                    {product} {ergonomic}
   size_t MinHeapSize                              = 104857600                                 {product} {command line}
   size_t NewSize                                  = 34603008                                  {product} {ergonomic}
    uintx NonNMethodCodeHeapSize                   = 7602480                                {pd product} {ergonomic}
    uintx NonProfiledCodeHeapSize                  = 122027880                              {pd product} {ergonomic}
   size_t OldSize                                  = 70254592                                  {product} {ergonomic}
    uintx ProfiledCodeHeapSize                     = 122027880                              {pd product} {ergonomic}
    uintx ReservedCodeCacheSize                    = 251658240                              {pd product} {ergonomic}
     bool SegmentedCodeCache                       = true                                      {product} {ergonomic}
   size_t SoftMaxHeapSize                          = 1073741824                             {manageable} {ergonomic}
     bool UseCompressedOops                        = true                           {product lp64_product} {ergonomic}
     bool UseLargePagesIndividualAllocation        = false                                  {pd product} {ergonomic}
     bool UseParallelGC                            = true                                      {product} {command line}

Logging:
Log output configuration:
 #0: stdout all=off uptime,level,tags foldmultilines=false
 #1: stderr all=off uptime,level,tags foldmultilines=false

Environment Variables:
JAVA_HOME=C:\Program Files\Java\jdk-17\
PATH=C:\Program Files\Common Files\Oracle\Java\javapath;C:\Program Files (x86)\VMware\VMware Workstation\bin\;c:\Users\GoldenDragon\AppData\Local\Programs\cursor\resources\app\bin;C:\Windows\system32;C:\Windows;C:\Windows\System32\Wbem;C:\Windows\System32\WindowsPowerShell\v1.0\;C:\Windows\System32\OpenSSH\;C:\Program Files (x86)\NetSarang\Xshell 7\;C:\Program Files (x86)\NetSarang\Xftp 7\;C:\Program Files (x86)\NetSarang\Xlpd 7\;C:\Program Files\Git\cmd;D:\Development\Android\SDK\2024.1.1\platform-tools;C:\Program Files (x86)\NetSarang\Xmanager 7\;C:\Program Files (x86)\curl-8.9.1_1-win64-mingw\curl-8.9.1_1-win64-mingw\bin\;C:\ProgramData\chocolatey\bin;C:\Users\GoldenDragon\AppData\Roaming\nvm;C:\Program Files\nodejs;C:\Users\GoldenDragon\AppData\Local\Programs\Python\Launcher\;C:\Users\GoldenDragon\AppData\Local\Microsoft\WindowsApps;c:\Users\GoldenDragon\AppData\Local\Programs\curso;C:\Program Files\php\;C:\Python27\;C:\Python27\Scripts\;C:\Program Files\PostgreSQL\17\bin;C:\Program Files\nodejs\;C:\Program Files\MongoDB\Server\8.0\bin\;C:\Program Files\TortoiseGit\bin;C:\Program Files\Java\jdk-23\bin\;C:\Program Files\Tesseract-OCR\;C:\WINDOWS\system32;C:\WINDOWS;C:\WINDOWS\System32\Wbem;C:\WINDOWS\System32\WindowsPowerShell\v1.0\;C:\WINDOWS\System32\OpenSSH\;C:\Users\GoldenDragon\AppData\Local\Programs\Python\Python312\Scripts\;C:\Users\GoldenDragon\AppData\Local\Programs\Python\Python312\;C:\Users\GoldenDragon\AppData\Local\Microsoft\WindowsApps;C:\Users\GoldenDragon\AppData\Local\Programs\Microsoft VS Code\bin;C:\Users\GoldenDragon\AppData\Roaming\nvm;C:\Program Files\nodejs;C:\Users\GoldenDragon\AppData\Roaming\npm;;C:\Program Files\JetBrains\PyCharm Community Edition 2024.2.4\bin;;C:\Program Files\JetBrains\IntelliJ IDEA Community Edition 2021.1.3\bin;
USERNAME=GoldenDragon
OS=Windows_NT
PROCESSOR_IDENTIFIER=Intel64 Family 6 Model 151 Stepping 2, GenuineIntel
TMP=C:\Users\GOLDEN~1\AppData\Local\Temp
TEMP=C:\Users\GOLDEN~1\AppData\Local\Temp




Periodic native trim disabled

---------------  S Y S T E M  ---------------

OS:
 Windows 11 , 64 bit Build 26100 (10.0.26100.3624)
OS uptime: 4 days 9:21 hours

CPU: total 20 (initial active 20) (10 cores per cpu, 2 threads per core) family 6 model 151 stepping 2 microcode 0x36, cx8, cmov, fxsr, ht, mmx, 3dnowpref, sse, sse2, sse3, ssse3, sse4.1, sse4.2, popcnt, lzcnt, tsc, tscinvbit, avx, avx2, aes, erms, clmul, bmi1, bmi2, adx, sha, fma, vzeroupper, clflush, clflushopt, clwb, serialize, rdtscp, rdpid, fsrm, f16c, pku, cet_ibt, cet_ss
Processor Information for processor 0
  Max Mhz: 2100, Current Mhz: 2100, Mhz Limit: 2100
Processor Information for processor 1
  Max Mhz: 2100, Current Mhz: 2100, Mhz Limit: 2100
Processor Information for processor 2
  Max Mhz: 2100, Current Mhz: 2100, Mhz Limit: 2100
Processor Information for processor 3
  Max Mhz: 2100, Current Mhz: 2100, Mhz Limit: 2100
Processor Information for processor 4
  Max Mhz: 2100, Current Mhz: 2100, Mhz Limit: 2100
Processor Information for processor 5
  Max Mhz: 2100, Current Mhz: 2100, Mhz Limit: 2100
Processor Information for processor 6
  Max Mhz: 2100, Current Mhz: 2100, Mhz Limit: 2100
Processor Information for processor 7
  Max Mhz: 2100, Current Mhz: 2100, Mhz Limit: 2100
Processor Information for processor 8
  Max Mhz: 2100, Current Mhz: 2100, Mhz Limit: 2100
Processor Information for processor 9
  Max Mhz: 2100, Current Mhz: 2100, Mhz Limit: 2100
Processor Information for processor 10
  Max Mhz: 2100, Current Mhz: 2100, Mhz Limit: 2100
Processor Information for processor 11
  Max Mhz: 2100, Current Mhz: 2100, Mhz Limit: 2100
Processor Information for processor 12
  Max Mhz: 2100, Current Mhz: 2100, Mhz Limit: 2100
Processor Information for processor 13
  Max Mhz: 2100, Current Mhz: 2100, Mhz Limit: 2100
Processor Information for processor 14
  Max Mhz: 2100, Current Mhz: 2100, Mhz Limit: 2100
Processor Information for processor 15
  Max Mhz: 2100, Current Mhz: 2100, Mhz Limit: 2100
Processor Information for processor 16
  Max Mhz: 2100, Current Mhz: 1600, Mhz Limit: 1596
Processor Information for processor 17
  Max Mhz: 2100, Current Mhz: 1600, Mhz Limit: 1596
Processor Information for processor 18
  Max Mhz: 2100, Current Mhz: 1600, Mhz Limit: 1596
Processor Information for processor 19
  Max Mhz: 2100, Current Mhz: 1600, Mhz Limit: 1596

Memory: 4k page, system-wide physical 24264M (6806M free)
TotalPageFile size 44728M (AvailPageFile size 7792M)
current process WorkingSet (physical memory assigned to process): 252M, peak: 306M
current process commit charge ("private bytes"): 346M, peak: 394M

vm_info: OpenJDK 64-Bit Server VM (21.0.6+7-LTS) for windows-amd64 JRE (21.0.6+7-LTS), built on 2025-01-21T00:00:00Z by "admin" with MS VC++ 17.7 (VS2022)

END.
